<?xml version="1.0" encoding="utf-8"?><testsuites name="pytest tests"><testsuite name="pytest" errors="0" failures="0" skipped="0" tests="14" time="3.613" timestamp="2026-02-17T04:48:10.493233+00:00" hostname="agent-env-a571b762-bdea-4bb3-a603-8f8f8f788d01"><testcase classname="backend.tests.test_5_stage_funnel.TestScenario1_NeedsOutreach" name="test_new_school_needs_outreach" time="1.181" /><testcase classname="backend.tests.test_5_stage_funnel.TestScenario2_WaitingOnReply" name="test_outreach_no_reply_waiting" time="0.099" /><testcase classname="backend.tests.test_5_stage_funnel.TestScenario3_InConversation" name="test_coach_reply_in_conversation" time="0.122" /><testcase classname="backend.tests.test_5_stage_funnel.TestScenario4_Overdue" name="test_overdue_followup" time="0.139" /><testcase classname="backend.tests.test_5_stage_funnel.TestScenario5_Archived" name="test_inactive_archived" time="0.120" /><testcase classname="backend.tests.test_5_stage_funnel.TestScenario6_OverdueWinsOverConversation" name="test_overdue_priority_over_conversation" time="0.155" /><testcase classname="backend.tests.test_5_stage_funnel.TestScenario7_WaitingWithFutureFollowUp" name="test_outreach_with_future_followup" time="0.173" /><testcase classname="backend.tests.test_5_stage_funnel.TestScenario8_NeedsOutreachWithFutureFollowUp" name="test_no_interactions_with_future_followup" time="0.127" /><testcase classname="backend.tests.test_5_stage_funnel.TestGroupedAPIReturns5Groups" name="test_grouped_api_has_5_groups" time="0.048" /><testcase classname="backend.tests.test_5_stage_funnel.TestBoardGroupField" name="test_single_program_has_board_group" time="0.084" /><testcase classname="backend.tests.test_5_stage_funnel.TestMarkRepliedEndpoint" name="test_mark_replied_requires_note" time="0.033" /><testcase classname="backend.tests.test_5_stage_funnel.TestMarkRepliedEndpoint" name="test_mark_replied_creates_coach_reply_interaction" time="0.286" /><testcase classname="backend.tests.test_5_stage_funnel.TestArchivedToggle" name="test_archive_and_unarchive" time="0.385" /><testcase classname="backend.tests.test_5_stage_funnel.TestExistingSchoolsData" name="test_check_existing_schools" time="0.563" /></testsuite></testsuites>