<?xml version="1.0" encoding="utf-8"?><testsuites name="pytest tests"><testsuite name="pytest" errors="0" failures="0" skipped="0" tests="14" time="9.301" timestamp="2026-02-14T23:17:36.940293+00:00" hostname="agent-env-526adc9c-870f-4ace-a6e3-6c9e381e35c4"><testcase classname="tests.test_admin_subscriptions.TestAdminSubscriptionsList" name="test_list_subscriptions_returns_user_list" time="0.569" /><testcase classname="tests.test_admin_subscriptions.TestAdminSubscriptionsList" name="test_user_record_has_required_fields" time="0.520" /><testcase classname="tests.test_admin_subscriptions.TestAdminSubscriptionsList" name="test_filter_by_basic_plan" time="0.412" /><testcase classname="tests.test_admin_subscriptions.TestAdminSubscriptionsList" name="test_filter_by_pro_plan" time="0.556" /><testcase classname="tests.test_admin_subscriptions.TestAdminSubscriptionsList" name="test_filter_by_premium_plan" time="0.488" /><testcase classname="tests.test_admin_subscriptions.TestAdminSubscriptionsList" name="test_search_by_name" time="0.420" /><testcase classname="tests.test_admin_subscriptions.TestAdminSubscriptionChange" name="test_change_user_plan" time="1.231" /><testcase classname="tests.test_admin_subscriptions.TestAdminSubscriptionChange" name="test_change_plan_invalid_plan" time="0.419" /><testcase classname="tests.test_admin_subscriptions.TestAdminSubscriptionChange" name="test_change_plan_user_not_found" time="0.404" /><testcase classname="tests.test_admin_subscriptions.TestAdminSubscriptionLogs" name="test_list_subscription_logs" time="0.413" /><testcase classname="tests.test_admin_subscriptions.TestAdminSubscriptionLogs" name="test_logs_have_required_fields" time="1.749" /><testcase classname="tests.test_admin_subscriptions.TestAdminSubscriptionLogs" name="test_logs_show_recent_changes" time="1.210" /><testcase classname="tests.test_admin_subscriptions.TestSubscriptionStatsCalculation" name="test_mrr_calculation_accuracy" time="0.407" /><testcase classname="tests.test_admin_subscriptions.TestSubscriptionStatsCalculation" name="test_total_users_matches_plan_sum" time="0.433" /></testsuite></testsuites>