<?xml version="1.0" encoding="utf-8"?><testsuites name="pytest tests"><testsuite name="pytest" errors="0" failures="0" skipped="0" tests="22" time="4.334" timestamp="2026-02-14T22:15:37.360824+00:00" hostname="agent-env-0b69b3e8-1fc1-438b-8b92-428119634412"><testcase classname="backend.tests.test_admin_universities.TestAdminUniversitiesHealth" name="test_health_endpoint_returns_stats" time="0.340" /><testcase classname="backend.tests.test_admin_universities.TestAdminUniversitiesList" name="test_list_universities_default" time="0.078" /><testcase classname="backend.tests.test_admin_universities.TestAdminUniversitiesList" name="test_list_with_search_filter" time="0.164" /><testcase classname="backend.tests.test_admin_universities.TestAdminUniversitiesList" name="test_list_with_division_filter" time="0.173" /><testcase classname="backend.tests.test_admin_universities.TestAdminUniversitiesList" name="test_list_with_region_filter" time="0.103" /><testcase classname="backend.tests.test_admin_universities.TestAdminUniversitiesList" name="test_list_with_health_filter_missing_coach" time="0.077" /><testcase classname="backend.tests.test_admin_universities.TestAdminUniversitiesList" name="test_list_with_health_filter_missing_email" time="0.098" /><testcase classname="backend.tests.test_admin_universities.TestAdminUniversitiesList" name="test_list_with_health_filter_complete" time="0.089" /><testcase classname="backend.tests.test_admin_universities.TestAdminUniversitiesList" name="test_pagination_page_2" time="0.107" /><testcase classname="backend.tests.test_admin_universities.TestAdminUniversityCRUD" name="test_create_university" time="0.261" /><testcase classname="backend.tests.test_admin_universities.TestAdminUniversityCRUD" name="test_get_university" time="0.149" /><testcase classname="backend.tests.test_admin_universities.TestAdminUniversityCRUD" name="test_update_university" time="0.196" /><testcase classname="backend.tests.test_admin_universities.TestAdminUniversityCRUD" name="test_delete_university" time="0.255" /><testcase classname="backend.tests.test_admin_universities.TestAdminUniversityCRUD" name="test_create_duplicate_fails" time="0.188" /><testcase classname="backend.tests.test_admin_universities.TestAdminUniversityCRUD" name="test_get_nonexistent_returns_404" time="0.098" /><testcase classname="backend.tests.test_admin_universities.TestAdminUniversityCRUD" name="test_create_without_name_fails" time="0.086" /><testcase classname="backend.tests.test_admin_universities.TestAdminUniversitiesExport" name="test_export_csv" time="0.109" /><testcase classname="backend.tests.test_admin_universities.TestAdminUniversitiesImport" name="test_import_csv_create_new" time="0.433" /><testcase classname="backend.tests.test_admin_universities.TestAdminUniversitiesImport" name="test_import_csv_update_existing" time="0.761" /><testcase classname="backend.tests.test_admin_universities.TestAdminUniversitiesImport" name="test_import_csv_empty_fails" time="0.074" /><testcase classname="backend.tests.test_admin_universities.TestExistingUniversity" name="test_get_abilene_christian_university" time="0.069" /><testcase classname="backend.tests.test_admin_universities.TestCleanup" name="test_cleanup_test_data" time="0.307" /></testsuite></testsuites>