<?xml version="1.0" encoding="utf-8"?><testsuites name="pytest tests"><testsuite name="pytest" errors="0" failures="0" skipped="0" tests="13" time="4.067" timestamp="2026-02-14T21:52:09.425413+00:00" hostname="agent-env-0b69b3e8-1fc1-438b-8b92-428119634412"><testcase classname="backend.tests.test_admin.TestAdminStats" name="test_get_admin_stats" time="0.389" /><testcase classname="backend.tests.test_admin.TestAdminUsersList" name="test_list_users_basic" time="0.117" /><testcase classname="backend.tests.test_admin.TestAdminUsersList" name="test_list_users_with_search" time="0.096" /><testcase classname="backend.tests.test_admin.TestAdminUsersList" name="test_list_users_filter_by_plan" time="0.496" /><testcase classname="backend.tests.test_admin.TestAdminUsersList" name="test_list_users_pagination" time="0.099" /><testcase classname="backend.tests.test_admin.TestAdminUserDetail" name="test_get_user_detail" time="0.227" /><testcase classname="backend.tests.test_admin.TestAdminUserDetail" name="test_get_user_detail_not_found" time="0.103" /><testcase classname="backend.tests.test_admin.TestAdminUserUpdate" name="test_update_user_plan" time="0.602" /><testcase classname="backend.tests.test_admin.TestAdminUserUpdate" name="test_update_user_status" time="0.855" /><testcase classname="backend.tests.test_admin.TestAdminCreateUser" name="test_create_user_success" time="0.178" /><testcase classname="backend.tests.test_admin.TestAdminCreateUser" name="test_create_user_missing_fields" time="0.175" /><testcase classname="backend.tests.test_admin.TestAdminCreateUser" name="test_create_user_duplicate_email" time="0.178" /><testcase classname="backend.tests.test_admin.TestSubscriptionTiers" name="test_get_subscription_tiers" time="0.470" /></testsuite></testsuites>