<?xml version="1.0" encoding="utf-8"?><testsuites name="pytest tests"><testsuite name="pytest" errors="0" failures="0" skipped="0" tests="12" time="8.056" timestamp="2026-02-15T01:01:51.663287+00:00" hostname="agent-env-b03d3ec9-e27b-4dee-9b95-6c9bb2cedb1f"><testcase classname="backend.tests.test_admin_integrations.TestGetIntegrationsStatus" name="test_get_integrations_returns_all_three_services" time="0.549" /><testcase classname="backend.tests.test_admin_integrations.TestGetIntegrationsStatus" name="test_gmail_integration_structure" time="0.507" /><testcase classname="backend.tests.test_admin_integrations.TestGetIntegrationsStatus" name="test_stripe_integration_structure" time="0.384" /><testcase classname="backend.tests.test_admin_integrations.TestGetIntegrationsStatus" name="test_ai_integration_structure" time="0.511" /><testcase classname="backend.tests.test_admin_integrations.TestUpdateStripeKey" name="test_update_stripe_key_valid_test_key" time="0.807" /><testcase classname="backend.tests.test_admin_integrations.TestUpdateStripeKey" name="test_update_stripe_key_valid_live_key" time="0.801" /><testcase classname="backend.tests.test_admin_integrations.TestUpdateStripeKey" name="test_update_stripe_key_rejects_empty_key" time="0.549" /><testcase classname="backend.tests.test_admin_integrations.TestUpdateStripeKey" name="test_update_stripe_key_rejects_whitespace_only" time="0.381" /><testcase classname="backend.tests.test_admin_integrations.TestUpdateStripeKey" name="test_update_stripe_key_rejects_invalid_format" time="0.381" /><testcase classname="backend.tests.test_admin_integrations.TestUpdateStripeKey" name="test_update_stripe_key_rejects_random_string" time="0.412" /><testcase classname="backend.tests.test_admin_integrations.TestDisconnectGmail" name="test_disconnect_gmail_nonexistent_user" time="1.164" /><testcase classname="backend.tests.test_admin_integrations.TestStripeCheckoutRegression" name="test_stripe_checkout_still_works" time="1.544" /></testsuite></testsuites>