<?xml version="1.0" encoding="utf-8"?><testsuites name="pytest tests"><testsuite name="pytest" errors="0" failures="0" skipped="0" tests="21" time="3.478" timestamp="2026-02-26T00:14:41.175845+00:00" hostname="agent-env-1c03679f-dd5e-4d74-a073-cda75d75c5cb"><testcase classname="tests.test_admin_import_analytics.TestAdminAccessControl" name="test_overview_returns_403_for_non_admin" time="1.595" /><testcase classname="tests.test_admin_import_analytics.TestAdminAccessControl" name="test_funnel_returns_403_for_non_admin" time="0.089" /><testcase classname="tests.test_admin_import_analytics.TestAdminAccessControl" name="test_behavior_returns_403_for_non_admin" time="0.091" /><testcase classname="tests.test_admin_import_analytics.TestAdminAccessControl" name="test_recent_runs_returns_403_for_non_admin" time="0.090" /><testcase classname="tests.test_admin_import_analytics.TestAdminAccessControl" name="test_stage_distribution_returns_403_for_non_admin" time="0.080" /><testcase classname="tests.test_admin_import_analytics.TestAdminOverviewEndpoint" name="test_overview_returns_200_for_admin" time="0.092" /><testcase classname="tests.test_admin_import_analytics.TestAdminOverviewEndpoint" name="test_overview_has_required_fields" time="0.088" /><testcase classname="tests.test_admin_import_analytics.TestAdminFunnelEndpoint" name="test_funnel_returns_200_for_admin" time="0.114" /><testcase classname="tests.test_admin_import_analytics.TestAdminFunnelEndpoint" name="test_funnel_has_required_fields" time="0.089" /><testcase classname="tests.test_admin_import_analytics.TestAdminBehaviorEndpoint" name="test_behavior_returns_200_for_admin" time="0.083" /><testcase classname="tests.test_admin_import_analytics.TestAdminBehaviorEndpoint" name="test_behavior_has_required_fields" time="0.082" /><testcase classname="tests.test_admin_import_analytics.TestAdminRecentRunsEndpoint" name="test_recent_runs_returns_200_for_admin" time="0.086" /><testcase classname="tests.test_admin_import_analytics.TestAdminRecentRunsEndpoint" name="test_recent_runs_has_correct_structure" time="0.088" /><testcase classname="tests.test_admin_import_analytics.TestAdminRecentRunsEndpoint" name="test_recent_runs_enriched_fields" time="0.087" /><testcase classname="tests.test_admin_import_analytics.TestAdminStageDistributionEndpoint" name="test_stage_distribution_returns_200_for_admin" time="0.099" /><testcase classname="tests.test_admin_import_analytics.TestAdminStageDistributionEndpoint" name="test_stage_distribution_has_correct_structure" time="0.092" /><testcase classname="tests.test_admin_import_analytics.TestUnauthenticatedAccess" name="test_overview_returns_401_without_auth" time="0.102" /><testcase classname="tests.test_admin_import_analytics.TestUnauthenticatedAccess" name="test_funnel_returns_401_without_auth" time="0.091" /><testcase classname="tests.test_admin_import_analytics.TestUnauthenticatedAccess" name="test_behavior_returns_401_without_auth" time="0.081" /><testcase classname="tests.test_admin_import_analytics.TestUnauthenticatedAccess" name="test_recent_runs_returns_401_without_auth" time="0.085" /><testcase classname="tests.test_admin_import_analytics.TestUnauthenticatedAccess" name="test_stage_distribution_returns_401_without_auth" time="0.098" /></testsuite></testsuites>