<?xml version="1.0" encoding="utf-8"?><testsuites name="pytest tests"><testsuite name="pytest" errors="0" failures="0" skipped="0" tests="11" time="225.134" timestamp="2026-02-14T23:40:42.409016+00:00" hostname="agent-env-526adc9c-870f-4ace-a6e3-6c9e381e35c4"><testcase classname="backend.tests.test_ai_features_phase3.TestAIAssistant" name="test_ai_assistant_sends_message_and_returns_response" time="11.390" /><testcase classname="backend.tests.test_ai_features_phase3.TestAIAssistant" name="test_ai_assistant_requires_message" time="0.558" /><testcase classname="backend.tests.test_ai_features_phase3.TestAIAssistant" name="test_ai_assistant_sessions_list" time="0.440" /><testcase classname="backend.tests.test_ai_features_phase3.TestAIAssistant" name="test_ai_assistant_history" time="12.237" /><testcase classname="backend.tests.test_ai_features_phase3.TestOutreachAnalysis" name="test_outreach_analysis_returns_data_for_premium" time="17.100" /><testcase classname="backend.tests.test_ai_features_phase3.TestOutreachAnalysis" name="test_outreach_analysis_blocked_for_basic_tier" time="1.435" /><testcase classname="backend.tests.test_ai_features_phase3.TestHighlightAdvisor" name="test_highlight_advice_returns_structured_response" time="55.039" /><testcase classname="backend.tests.test_ai_features_phase3.TestHighlightAdvisor" name="test_highlight_advice_with_custom_question" time="40.951" /><testcase classname="backend.tests.test_ai_features_phase3.TestHighlightAdvisor" name="test_highlight_advice_blocked_for_basic_tier" time="1.388" /><testcase classname="backend.tests.test_ai_features_phase3.TestAIFeatureGates" name="test_ai_assistant_accessible_on_all_tiers" time="5.386" /><testcase classname="backend.tests.test_ai_features_phase3.TestAIFeatureGates" name="test_premium_features_require_premium_tier" time="79.140" /></testsuite></testsuites>