<?xml version="1.0" encoding="utf-8"?><testsuites name="pytest tests"><testsuite name="pytest" errors="0" failures="0" skipped="0" tests="7" time="17.766" timestamp="2026-02-16T03:34:04.883856+00:00" hostname="agent-env-2c4868ce-5fe3-4373-8bc1-431f1bde5aef"><testcase classname="tests.test_ai_next_step.TestAINextStep" name="test_ai_next_step_unauthenticated" time="0.555" /><testcase classname="tests.test_ai_next_step.TestAINextStep" name="test_ai_next_step_pro_user_forbidden" time="1.022" /><testcase classname="tests.test_ai_next_step.TestAINextStep" name="test_ai_next_step_premium_user_nonexistent_program" time="1.211" /><testcase classname="tests.test_ai_next_step.TestAINextStep" name="test_ai_next_step_premium_user_success" time="6.692" /><testcase classname="tests.test_ai_next_step.TestAINextStep" name="test_ai_next_step_response_includes_program_info" time="5.920" /><testcase classname="tests.test_ai_next_step.TestAINextStepEdgeCases" name="test_ai_next_step_missing_program_id" time="1.180" /><testcase classname="tests.test_ai_next_step.TestAINextStepEdgeCases" name="test_ai_next_step_empty_program_id" time="1.123" /></testsuite></testsuites>