<?xml version="1.0" encoding="utf-8"?><testsuites name="pytest tests"><testsuite name="pytest" errors="0" failures="0" skipped="0" tests="21" time="10.207" timestamp="2026-02-12T15:46:50.595033+00:00" hostname="agent-env-04040d9a-8ce9-4c89-9306-5a718160ca20"><testcase classname="backend.tests.test_athlete_profile_api.TestAthleteProfileAuth" name="test_get_profile_requires_auth" time="0.812" /><testcase classname="backend.tests.test_athlete_profile_api.TestAthleteProfileAuth" name="test_put_profile_requires_auth" time="0.779" /><testcase classname="backend.tests.test_athlete_profile_api.TestAthleteProfileAuth" name="test_photo_upload_requires_auth" time="0.447" /><testcase classname="backend.tests.test_athlete_profile_api.TestAthleteProfileAuth" name="test_share_link_requires_auth" time="0.346" /><testcase classname="backend.tests.test_athlete_profile_api.TestAthleteProfileCRUD" name="test_get_profile_with_auth" time="0.458" /><testcase classname="backend.tests.test_athlete_profile_api.TestAthleteProfileCRUD" name="test_update_profile" time="0.457" /><testcase classname="backend.tests.test_athlete_profile_api.TestAthleteProfileCRUD" name="test_update_contact_info" time="0.348" /><testcase classname="backend.tests.test_athlete_profile_api.TestAthleteProfileCRUD" name="test_update_parent_info" time="0.451" /><testcase classname="backend.tests.test_athlete_profile_api.TestAthleteProfileCRUD" name="test_update_video_link" time="0.456" /><testcase classname="backend.tests.test_athlete_profile_api.TestAthleteProfileCRUD" name="test_update_bio" time="0.450" /><testcase classname="backend.tests.test_athlete_profile_api.TestAthleteProfileCRUD" name="test_update_location_info" time="0.477" /><testcase classname="backend.tests.test_athlete_profile_api.TestPhotoUpload" name="test_photo_upload_accepts_base64" time="0.660" /><testcase classname="backend.tests.test_athlete_profile_api.TestPhotoUpload" name="test_photo_upload_requires_photo_data" time="0.460" /><testcase classname="backend.tests.test_athlete_profile_api.TestPhotoUpload" name="test_photo_upload_empty_data_fails" time="0.454" /><testcase classname="backend.tests.test_athlete_profile_api.TestShareLink" name="test_get_share_link" time="0.346" /><testcase classname="backend.tests.test_athlete_profile_api.TestPublicSchedule" name="test_public_schedule_valid_tenant" time="0.447" /><testcase classname="backend.tests.test_athlete_profile_api.TestPublicSchedule" name="test_public_schedule_invalid_tenant" time="0.346" /><testcase classname="backend.tests.test_athlete_profile_api.TestPublicSchedule" name="test_public_schedule_no_auth_cookie" time="0.347" /><testcase classname="backend.tests.test_athlete_profile_api.TestPublicSchedule" name="test_public_schedule_profile_fields" time="0.455" /><testcase classname="backend.tests.test_athlete_profile_api.TestPublicSchedule" name="test_public_schedule_events_structure" time="0.353" /><testcase classname="backend.tests.test_athlete_profile_api.TestDataPersistence" name="test_profile_update_persists" time="0.766" /></testsuite></testsuites>