<?xml version="1.0" encoding="utf-8"?><testsuites name="pytest tests"><testsuite name="pytest" errors="0" failures="1" skipped="0" tests="13" time="8.309" timestamp="2026-02-24T15:04:15.887004+00:00" hostname="agent-env-a82293ad-c63e-410c-944b-23afbf2e702a"><testcase classname="backend.tests.test_auth_cors_fix.TestCORSHeaders" name="test_cors_preflight_no_credentials_header" time="0.094"><failure message="AssertionError: Preflight failed: 204&#10;assert 204 == 200&#10; +  where 204 = &lt;Response [204]&gt;.status_code">backend/tests/test_auth_cors_fix.py:34: in test_cors_preflight_no_credentials_header
    assert response.status_code == 200, f"Preflight failed: {response.status_code}"
E   AssertionError: Preflight failed: 204
E   assert 204 == 200
E    +  where 204 = &lt;Response [204]&gt;.status_code</failure></testcase><testcase classname="backend.tests.test_auth_cors_fix.TestCORSHeaders" name="test_cors_allows_all_origins" time="0.057" /><testcase classname="backend.tests.test_auth_cors_fix.TestAuthLogin" name="test_login_success_returns_token_in_body" time="0.790" /><testcase classname="backend.tests.test_auth_cors_fix.TestAuthLogin" name="test_login_no_set_cookie_for_session_token" time="0.647" /><testcase classname="backend.tests.test_auth_cors_fix.TestAuthLogin" name="test_login_invalid_credentials" time="0.772" /><testcase classname="backend.tests.test_auth_cors_fix.TestAuthRegister" name="test_register_returns_token_in_body" time="0.660" /><testcase classname="backend.tests.test_auth_cors_fix.TestAuthRegister" name="test_register_no_set_cookie" time="0.644" /><testcase classname="backend.tests.test_auth_cors_fix.TestAuthSessionExchange" name="test_session_endpoint_exists" time="0.608" /><testcase classname="backend.tests.test_auth_cors_fix.TestAuthSessionExchange" name="test_session_cors_no_credentials" time="0.051" /><testcase classname="backend.tests.test_auth_cors_fix.TestBearerTokenAuth" name="test_auth_me_with_bearer_token" time="1.149" /><testcase classname="backend.tests.test_auth_cors_fix.TestBearerTokenAuth" name="test_auth_me_without_token_fails" time="0.423" /><testcase classname="backend.tests.test_auth_cors_fix.TestBearerTokenAuth" name="test_auth_me_with_invalid_token_fails" time="0.442" /><testcase classname="backend.tests.test_auth_cors_fix.TestLogout" name="test_logout_invalidates_session" time="1.883" /></testsuite></testsuites>