<?xml version="1.0" encoding="utf-8"?><testsuites name="pytest tests"><testsuite name="pytest" errors="0" failures="0" skipped="0" tests="17" time="2.145" timestamp="2026-02-13T16:01:40.737435+00:00" hostname="agent-env-9c56785d-1bbc-4a9b-99a8-19a2bb8733a7"><testcase classname="backend.tests.test_auth_bypass.TestAuthBypass" name="test_root_endpoint_works" time="0.285" /><testcase classname="backend.tests.test_auth_bypass.TestAuthBypass" name="test_auth_me_returns_static_user" time="0.209" /><testcase classname="backend.tests.test_auth_bypass.TestAuthBypass" name="test_notifications_works_without_auth" time="0.111" /><testcase classname="backend.tests.test_auth_bypass.TestAuthBypass" name="test_programs_works_without_auth" time="0.089" /><testcase classname="backend.tests.test_auth_bypass.TestAuthBypass" name="test_events_works_without_auth" time="0.083" /><testcase classname="backend.tests.test_auth_bypass.TestAuthBypass" name="test_dashboard_stats_works_without_auth" time="0.079" /><testcase classname="backend.tests.test_auth_bypass.TestAuthBypass" name="test_athlete_profile_works_without_auth" time="0.107" /><testcase classname="backend.tests.test_auth_bypass.TestAuthBypass" name="test_reminders_works_without_auth" time="0.098" /><testcase classname="backend.tests.test_auth_bypass.TestAuthBypass" name="test_follow_ups_works_without_auth" time="0.073" /><testcase classname="backend.tests.test_auth_bypass.TestAuthBypass" name="test_knowledge_base_works" time="0.096" /><testcase classname="backend.tests.test_auth_bypass.TestAuthBypass" name="test_coaches_works_without_auth" time="0.101" /><testcase classname="backend.tests.test_auth_bypass.TestAuthBypass" name="test_interactions_works_without_auth" time="0.075" /><testcase classname="backend.tests.test_auth_bypass.TestAuthBypass" name="test_profile_views_works_without_auth" time="0.095" /><testcase classname="backend.tests.test_auth_bypass.TestAuthBypass" name="test_tenant_works_without_auth" time="0.094" /><testcase classname="backend.tests.test_auth_bypass.TestAuthBypass" name="test_share_link_works_without_auth" time="0.113" /><testcase classname="backend.tests.test_auth_bypass.TestAuthBypass" name="test_gmail_status_works_without_auth" time="0.103" /><testcase classname="backend.tests.test_auth_bypass.TestStaticUserConsistency" name="test_user_id_consistency" time="0.263" /></testsuite></testsuites>