<?xml version="1.0" encoding="utf-8"?><testsuites name="pytest tests"><testsuite name="pytest" errors="0" failures="0" skipped="0" tests="13" time="8.623" timestamp="2026-02-24T15:05:39.214190+00:00" hostname="agent-env-a82293ad-c63e-410c-944b-23afbf2e702a"><testcase classname="backend.tests.test_auth_cors_fix.TestCORSHeaders" name="test_cors_preflight_no_credentials_header" time="0.101" /><testcase classname="backend.tests.test_auth_cors_fix.TestCORSHeaders" name="test_cors_allows_all_origins" time="0.056" /><testcase classname="backend.tests.test_auth_cors_fix.TestAuthLogin" name="test_login_success_returns_token_in_body" time="0.800" /><testcase classname="backend.tests.test_auth_cors_fix.TestAuthLogin" name="test_login_no_set_cookie_for_session_token" time="0.751" /><testcase classname="backend.tests.test_auth_cors_fix.TestAuthLogin" name="test_login_invalid_credentials" time="0.661" /><testcase classname="backend.tests.test_auth_cors_fix.TestAuthRegister" name="test_register_returns_token_in_body" time="0.632" /><testcase classname="backend.tests.test_auth_cors_fix.TestAuthRegister" name="test_register_no_set_cookie" time="0.639" /><testcase classname="backend.tests.test_auth_cors_fix.TestAuthSessionExchange" name="test_session_endpoint_exists" time="0.915" /><testcase classname="backend.tests.test_auth_cors_fix.TestAuthSessionExchange" name="test_session_cors_no_credentials" time="0.060" /><testcase classname="backend.tests.test_auth_cors_fix.TestBearerTokenAuth" name="test_auth_me_with_bearer_token" time="1.137" /><testcase classname="backend.tests.test_auth_cors_fix.TestBearerTokenAuth" name="test_auth_me_without_token_fails" time="0.431" /><testcase classname="backend.tests.test_auth_cors_fix.TestBearerTokenAuth" name="test_auth_me_with_invalid_token_fails" time="0.414" /><testcase classname="backend.tests.test_auth_cors_fix.TestLogout" name="test_logout_invalidates_session" time="1.965" /></testsuite></testsuites>