<?xml version="1.0" encoding="utf-8"?><testsuites name="pytest tests"><testsuite name="pytest" errors="0" failures="0" skipped="0" tests="16" time="16.202" timestamp="2026-02-15T01:35:56.450745+00:00" hostname="agent-env-c0c70ae4-3f22-4fdc-bb8d-9124a57494fa"><testcase classname="backend.tests.test_auth_real.TestAuthRegister" name="test_register_success" time="0.816" /><testcase classname="backend.tests.test_auth_real.TestAuthRegister" name="test_register_duplicate_email_returns_409" time="1.141" /><testcase classname="backend.tests.test_auth_real.TestAuthRegister" name="test_register_missing_name_returns_400" time="0.411" /><testcase classname="backend.tests.test_auth_real.TestAuthRegister" name="test_register_missing_email_returns_400" time="0.507" /><testcase classname="backend.tests.test_auth_real.TestAuthRegister" name="test_register_short_password_returns_400" time="0.393" /><testcase classname="backend.tests.test_auth_real.TestAuthLogin" name="test_login_success" time="1.551" /><testcase classname="backend.tests.test_auth_real.TestAuthLogin" name="test_login_wrong_password_returns_401" time="1.247" /><testcase classname="backend.tests.test_auth_real.TestAuthLogin" name="test_login_nonexistent_email_returns_401" time="1.110" /><testcase classname="backend.tests.test_auth_real.TestAuthLogin" name="test_login_empty_email_returns_400" time="1.035" /><testcase classname="backend.tests.test_auth_real.TestAuthLogin" name="test_login_empty_password_returns_400" time="1.058" /><testcase classname="backend.tests.test_auth_real.TestAuthMe" name="test_auth_me_returns_user_when_authenticated" time="0.964" /><testcase classname="backend.tests.test_auth_real.TestAuthMe" name="test_auth_me_returns_401_when_not_authenticated" time="0.418" /><testcase classname="backend.tests.test_auth_real.TestAuthLogout" name="test_logout_clears_session" time="2.660" /><testcase classname="backend.tests.test_auth_real.TestExistingUserJane" name="test_jane_login" time="0.627" /><testcase classname="backend.tests.test_auth_real.TestProtectedEndpoints" name="test_protected_endpoint_without_auth_returns_401" time="1.201" /><testcase classname="backend.tests.test_auth_real.TestProtectedEndpoints" name="test_protected_endpoint_with_auth_succeeds" time="0.989" /></testsuite></testsuites>