<?xml version="1.0" encoding="utf-8"?><testsuites name="pytest tests"><testsuite name="pytest" errors="0" failures="0" skipped="0" tests="8" time="8.837" timestamp="2026-02-23T16:59:36.255262+00:00" hostname="agent-env-c72e129c-33df-4cfe-a4a0-501460250521"><testcase classname="backend.tests.test_billing_page.TestBillingHistory" name="test_billing_history_returns_subscription_info" time="1.218" /><testcase classname="backend.tests.test_billing_page.TestBillingHistory" name="test_billing_history_transactions_is_list" time="0.990" /><testcase classname="backend.tests.test_billing_page.TestBillingHistory" name="test_billing_history_requires_auth" time="0.405" /><testcase classname="backend.tests.test_billing_page.TestCancelSubscription" name="test_cancel_rejects_basic_user" time="1.008" /><testcase classname="backend.tests.test_billing_page.TestCancelSubscription" name="test_cancel_requires_auth" time="0.394" /><testcase classname="backend.tests.test_billing_page.TestReactivateSubscription" name="test_reactivate_requires_pending_cancellation" time="1.475" /><testcase classname="backend.tests.test_billing_page.TestReactivateSubscription" name="test_reactivate_requires_auth" time="0.416" /><testcase classname="backend.tests.test_billing_page.TestCancelAndReactivateFlow" name="test_full_cancel_reactivate_flow" time="2.859" /></testsuite></testsuites>