<?xml version="1.0" encoding="utf-8"?><testsuites name="pytest tests"><testsuite name="pytest" errors="0" failures="0" skipped="0" tests="13" time="4.425" timestamp="2026-02-17T04:21:24.050857+00:00" hostname="agent-env-a571b762-bdea-4bb3-a603-8f8f8f788d01"><testcase classname="backend.tests.test_board_grouping_scenarios.TestScenario1_NewSchoolNoInteractions" name="test_new_school_in_action_required" time="1.123" /><testcase classname="backend.tests.test_board_grouping_scenarios.TestScenario2_OutreachNoReply" name="test_outreach_no_reply_in_action_required" time="0.153" /><testcase classname="backend.tests.test_board_grouping_scenarios.TestScenario3_CoachRepliedToday" name="test_coach_reply_today_in_progress" time="0.161" /><testcase classname="backend.tests.test_board_grouping_scenarios.TestScenario4_UpcomingFollowUp" name="test_upcoming_followup_in_upcoming" time="0.123" /><testcase classname="backend.tests.test_board_grouping_scenarios.TestScenario5_OverdueFollowUp" name="test_overdue_in_action_required" time="0.145" /><testcase classname="backend.tests.test_board_grouping_scenarios.TestScenario6_InactiveSchool" name="test_inactive_in_closed" time="0.157" /><testcase classname="backend.tests.test_board_grouping_scenarios.TestScenario7_StaleCoachReply" name="test_stale_reply_scenario" time="0.404" /><testcase classname="backend.tests.test_board_grouping_scenarios.TestScenario8_CoachReplyAndOverdue" name="test_reply_and_overdue_in_action_required" time="0.185" /><testcase classname="backend.tests.test_board_grouping_scenarios.TestMarkRepliedEndpoint" name="test_mark_replied_requires_note" time="0.059" /><testcase classname="backend.tests.test_board_grouping_scenarios.TestMarkRepliedEndpoint" name="test_mark_replied_returns_signals" time="0.248" /><testcase classname="backend.tests.test_board_grouping_scenarios.TestGroupedProgramsList" name="test_grouped_returns_all_groups" time="0.052" /><testcase classname="backend.tests.test_board_grouping_scenarios.TestProgramBoardGroup" name="test_single_program_has_board_group" time="0.083" /><testcase classname="backend.tests.test_board_grouping_scenarios.TestInactiveToggle" name="test_inactive_returns_closed_group" time="1.476" /></testsuite></testsuites>