<?xml version="1.0" encoding="utf-8"?><testsuites name="pytest tests"><testsuite name="pytest" errors="0" failures="0" skipped="0" tests="9" time="5.212" timestamp="2026-02-17T05:15:20.630515+00:00" hostname="agent-env-a571b762-bdea-4bb3-a603-8f8f8f788d01"><testcase classname="tests.test_board_redesign.TestBoardRedesign" name="test_grouped_programs_returns_5_groups" time="0.515" /><testcase classname="tests.test_board_redesign.TestBoardRedesign" name="test_needs_outreach_stage" time="0.747" /><testcase classname="tests.test_board_redesign.TestBoardRedesign" name="test_waiting_on_reply_stage" time="0.633" /><testcase classname="tests.test_board_redesign.TestBoardRedesign" name="test_in_conversation_stage_via_mark_replied" time="0.648" /><testcase classname="tests.test_board_redesign.TestBoardRedesign" name="test_overdue_stage" time="0.538" /><testcase classname="tests.test_board_redesign.TestBoardRedesign" name="test_archived_stage" time="0.555" /><testcase classname="tests.test_board_redesign.TestBoardRedesign" name="test_mark_replied_requires_note" time="0.489" /><testcase classname="tests.test_board_redesign.TestBoardRedesign" name="test_snooze_updates_due_date" time="0.610" /><testcase classname="tests.test_board_redesign.TestBoardRedesign" name="test_filter_chips_only_show_nonzero" time="0.416" /></testsuite></testsuites>