<?xml version="1.0" encoding="utf-8"?><testsuites name="pytest tests"><testsuite name="pytest" errors="0" failures="0" skipped="0" tests="8" time="11.576" timestamp="2026-03-04T14:23:07.031345+00:00" hostname="agent-env-2941a293-575f-4e50-ae42-14417a7247b9"><testcase classname="backend.tests.test_campus_diversity.TestCampusDiversityAPI" name="test_ucla_has_diversity_data" time="8.496" /><testcase classname="backend.tests.test_campus_diversity.TestCampusDiversityAPI" name="test_ucla_diversity_data_structure" time="0.244" /><testcase classname="backend.tests.test_campus_diversity.TestCampusDiversityAPI" name="test_ucla_top_student_demographics" time="0.206" /><testcase classname="backend.tests.test_campus_diversity.TestCampusDiversityAPI" name="test_psu_has_diversity_data" time="0.231" /><testcase classname="backend.tests.test_campus_diversity.TestCampusDiversityAPI" name="test_psu_has_source_attribution" time="0.190" /><testcase classname="backend.tests.test_campus_diversity.TestCampusDiversityAPI" name="test_stanford_has_diversity_data" time="0.175" /><testcase classname="backend.tests.test_campus_diversity.TestCampusDiversityAPI" name="test_utexas_has_diversity_data" time="1.781" /><testcase classname="backend.tests.test_campus_diversity.TestCampusDiversityAPI" name="test_ufl_has_diversity_data" time="0.179" /></testsuite></testsuites>