<?xml version="1.0" encoding="utf-8"?><testsuites name="pytest tests"><testsuite name="pytest" errors="0" failures="1" skipped="0" tests="4" time="3.610" timestamp="2026-02-18T16:15:06.030463+00:00" hostname="agent-env-e1b86873-9158-4609-a651-aabd7712ab38"><testcase classname="backend.tests.test_coach_watch_badge.TestCoachWatchBadgeAPI" name="test_get_coach_watch_alert_for_school_no_alert" time="1.161" /><testcase classname="backend.tests.test_coach_watch_badge.TestCoachWatchBadgeAPI" name="test_get_coach_watch_alert_url_encoded_name" time="0.762" /><testcase classname="backend.tests.test_coach_watch_badge.TestCoachWatchBadgeAPI" name="test_get_coach_watch_alert_nonexistent_school" time="0.424" /><testcase classname="backend.tests.test_coach_watch_badge.TestCoachWatchAlertsCollection" name="test_get_all_coach_watch_alerts" time="1.112"><failure message="AssertionError: Expected 200, got 403&#10;assert 403 == 200&#10; +  where 403 = &lt;Response [403]&gt;.status_code">backend/tests/test_coach_watch_badge.py:96: in test_get_all_coach_watch_alerts
    assert response.status_code == 200, f"Expected 200, got {response.status_code}"
E   AssertionError: Expected 200, got 403
E   assert 403 == 200
E    +  where 403 = &lt;Response [403]&gt;.status_code</failure></testcase></testsuite></testsuites>