<?xml version="1.0" encoding="utf-8"?><testsuites name="pytest tests"><testsuite name="pytest" errors="0" failures="1" skipped="0" tests="15" time="11.452" timestamp="2026-03-01T20:09:16.309293+00:00" hostname="agent-env-340aa2c9-d2ad-4b46-8bed-aac69c56afe0"><testcase classname="backend.tests.test_coach_card_feature.TestScheduleEndpoints" name="test_get_schedule" time="1.218" /><testcase classname="backend.tests.test_coach_card_feature.TestScheduleEndpoints" name="test_post_schedule" time="0.399" /><testcase classname="backend.tests.test_coach_card_feature.TestScheduleEndpoints" name="test_get_schedule_verify_creation" time="0.380" /><testcase classname="backend.tests.test_coach_card_feature.TestScheduleEndpoints" name="test_put_schedule" time="0.382" /><testcase classname="backend.tests.test_coach_card_feature.TestScheduleEndpoints" name="test_bulk_add_events" time="1.127" /><testcase classname="backend.tests.test_coach_card_feature.TestScheduleEndpoints" name="test_schedule_parse_ai" time="3.084" /><testcase classname="backend.tests.test_coach_card_feature.TestScheduleEndpoints" name="test_delete_schedule" time="0.367" /><testcase classname="backend.tests.test_coach_card_feature.TestScheduleEndpoints" name="test_verify_deletion" time="0.378" /><testcase classname="backend.tests.test_coach_card_feature.TestCoachCardConfig" name="test_get_coach_card_config" time="0.372"><failure message="AssertionError: Response should have show_schedule toggle&#10;assert 'show_schedule' in {'coach_note': 'Coach, I attended your camp last summer and loved the intensity of your program.', 'featured_video': 'https://www.hudl.com/video/demo', 'program_id': 'prog_e8ee256e0c79', 'slug': 'clara-gimenes-stanford-university-a73931', ...}">backend/tests/test_coach_card_feature.py:196: in test_get_coach_card_config
    assert "show_schedule" in data, "Response should have show_schedule toggle"
E   AssertionError: Response should have show_schedule toggle
E   assert 'show_schedule' in {'coach_note': 'Coach, I attended your camp last summer and loved the intensity of your program.', 'featured_video': 'https://www.hudl.com/video/demo', 'program_id': 'prog_e8ee256e0c79', 'slug': 'clara-gimenes-stanford-university-a73931', ...}</failure></testcase><testcase classname="backend.tests.test_coach_card_feature.TestCoachCardConfig" name="test_put_coach_card_config" time="0.372" /><testcase classname="backend.tests.test_coach_card_feature.TestCoachCardConfig" name="test_coach_card_config_persistence" time="0.367" /><testcase classname="backend.tests.test_coach_card_feature.TestPublicCoachCard" name="test_get_public_coach_card" time="1.214" /><testcase classname="backend.tests.test_coach_card_feature.TestPublicCoachCard" name="test_public_coach_card_not_found" time="0.497" /><testcase classname="backend.tests.test_coach_card_feature.TestScheduleAuthRequired" name="test_schedule_requires_auth" time="0.411" /><testcase classname="backend.tests.test_coach_card_feature.TestScheduleAuthRequired" name="test_coach_card_config_requires_auth" time="0.783" /></testsuite></testsuites>