<?xml version="1.0" encoding="utf-8"?><testsuites name="pytest tests"><testsuite name="pytest" errors="0" failures="0" skipped="0" tests="9" time="7.455" timestamp="2026-03-01T20:40:33.428933+00:00" hostname="agent-env-340aa2c9-d2ad-4b46-8bed-aac69c56afe0"><testcase classname="backend.tests.test_coach_card_analytics.TestViewTracking" name="test_record_view_success" time="2.538" /><testcase classname="backend.tests.test_coach_card_analytics.TestViewTracking" name="test_record_view_nonexistent_slug_returns_404" time="0.367" /><testcase classname="backend.tests.test_coach_card_analytics.TestPublicCoachCardViewCount" name="test_public_card_returns_view_count" time="0.642" /><testcase classname="backend.tests.test_coach_card_analytics.TestAnalyticsEndpoint" name="test_analytics_requires_auth" time="0.562" /><testcase classname="backend.tests.test_coach_card_analytics.TestAnalyticsEndpoint" name="test_analytics_returns_expected_fields" time="0.979" /><testcase classname="backend.tests.test_coach_card_analytics.TestAnalyticsEndpoint" name="test_analytics_recent_views_structure" time="0.380" /><testcase classname="backend.tests.test_coach_card_analytics.TestAnalyticsEndpoint" name="test_analytics_views_by_day_format" time="0.391" /><testcase classname="backend.tests.test_coach_card_analytics.TestAnalyticsEndpoint" name="test_analytics_for_nonexistent_program" time="0.371" /><testcase classname="backend.tests.test_coach_card_analytics.TestViewTrackingAndAnalyticsIntegration" name="test_record_view_updates_analytics" time="1.156" /></testsuite></testsuites>