<?xml version="1.0" encoding="utf-8"?><testsuites name="pytest tests"><testsuite name="pytest" errors="0" failures="0" skipped="0" tests="9" time="5.690" timestamp="2026-03-01T20:27:16.470882+00:00" hostname="agent-env-340aa2c9-d2ad-4b46-8bed-aac69c56afe0"><testcase classname="tests.test_coach_card_phase2.TestPDFGeneration" name="test_pdf_endpoint_returns_valid_pdf" time="0.687" /><testcase classname="tests.test_coach_card_phase2.TestPDFGeneration" name="test_pdf_has_valid_header" time="0.365" /><testcase classname="tests.test_coach_card_phase2.TestPDFGeneration" name="test_pdf_nonexistent_slug_returns_404" time="0.362" /><testcase classname="tests.test_coach_card_phase2.TestPDFGeneration" name="test_pdf_filename_format" time="0.372" /><testcase classname="tests.test_coach_card_phase2.TestAthleteProfileVideos" name="test_athlete_profile_returns_video_fields" time="1.655" /><testcase classname="tests.test_coach_card_phase2.TestCoachCardConfigVideoSelector" name="test_coach_card_config_featured_video_field" time="0.373" /><testcase classname="tests.test_coach_card_phase2.TestCoachCardConfigVideoSelector" name="test_update_featured_video" time="0.742" /><testcase classname="tests.test_coach_card_phase2.TestPublicCoachCardData" name="test_public_card_returns_config_with_featured_video" time="0.672" /><testcase classname="tests.test_coach_card_phase2.TestPublicCoachCardData" name="test_public_card_returns_profile_with_video_urls" time="0.397" /></testsuite></testsuites>