<?xml version="1.0" encoding="utf-8"?><testsuites name="pytest tests"><testsuite name="pytest" errors="0" failures="0" skipped="0" tests="15" time="11.560" timestamp="2026-03-01T20:09:54.617124+00:00" hostname="agent-env-340aa2c9-d2ad-4b46-8bed-aac69c56afe0"><testcase classname="backend.tests.test_coach_card_feature.TestScheduleEndpoints" name="test_get_schedule" time="1.319" /><testcase classname="backend.tests.test_coach_card_feature.TestScheduleEndpoints" name="test_post_schedule" time="0.357" /><testcase classname="backend.tests.test_coach_card_feature.TestScheduleEndpoints" name="test_get_schedule_verify_creation" time="0.367" /><testcase classname="backend.tests.test_coach_card_feature.TestScheduleEndpoints" name="test_put_schedule" time="0.362" /><testcase classname="backend.tests.test_coach_card_feature.TestScheduleEndpoints" name="test_bulk_add_events" time="1.093" /><testcase classname="backend.tests.test_coach_card_feature.TestScheduleEndpoints" name="test_schedule_parse_ai" time="3.381" /><testcase classname="backend.tests.test_coach_card_feature.TestScheduleEndpoints" name="test_delete_schedule" time="0.393" /><testcase classname="backend.tests.test_coach_card_feature.TestScheduleEndpoints" name="test_verify_deletion" time="0.374" /><testcase classname="backend.tests.test_coach_card_feature.TestCoachCardConfig" name="test_get_coach_card_config" time="0.365" /><testcase classname="backend.tests.test_coach_card_feature.TestCoachCardConfig" name="test_put_coach_card_config" time="0.360" /><testcase classname="backend.tests.test_coach_card_feature.TestCoachCardConfig" name="test_coach_card_config_persistence" time="0.378" /><testcase classname="backend.tests.test_coach_card_feature.TestPublicCoachCard" name="test_get_public_coach_card" time="1.038" /><testcase classname="backend.tests.test_coach_card_feature.TestPublicCoachCard" name="test_public_coach_card_not_found" time="0.452" /><testcase classname="backend.tests.test_coach_card_feature.TestScheduleAuthRequired" name="test_schedule_requires_auth" time="0.439" /><testcase classname="backend.tests.test_coach_card_feature.TestScheduleAuthRequired" name="test_coach_card_config_requires_auth" time="0.806" /></testsuite></testsuites>