<?xml version="1.0" encoding="utf-8"?><testsuites name="pytest tests"><testsuite name="pytest" errors="0" failures="0" skipped="1" tests="9" time="7.130" timestamp="2026-02-18T23:22:22.480665+00:00" hostname="agent-env-466f1374-b1e4-4076-929f-1433446dfb78"><testcase classname="backend.tests.test_coach_scraper.TestCoachScraperStatus" name="test_get_status_returns_200" time="0.621" /><testcase classname="backend.tests.test_coach_scraper.TestAdminIntegrationsCoachScraperStats" name="test_integrations_returns_coach_scraper_stats" time="0.414" /><testcase classname="backend.tests.test_coach_scraper.TestScrapeOneEndpoint" name="test_scrape_one_baylor_university" time="1.603" /><testcase classname="backend.tests.test_coach_scraper.TestScrapeOneEndpoint" name="test_scrape_one_university_of_michigan" time="1.623" /><testcase classname="backend.tests.test_coach_scraper.TestScrapeOneEndpoint" name="test_scrape_one_nonexistent_university" time="0.429" /><testcase classname="backend.tests.test_coach_scraper.TestScrapeOneEndpoint" name="test_scrape_one_missing_university_name" time="0.414" /><testcase classname="backend.tests.test_coach_scraper.TestBulkScrapeEndpoint" name="test_bulk_scrape_start" time="0.437" /><testcase classname="backend.tests.test_coach_scraper.TestBulkScrapeEndpoint" name="test_bulk_scrape_with_force" time="0.413"><skipped type="pytest.skip" message="Scrape already in progress">/app/backend/tests/test_coach_scraper.py:205: Scrape already in progress</skipped></testcase><testcase classname="backend.tests.test_coach_scraper.TestCoachDataValidation" name="test_scraped_coach_name_not_placeholder" time="1.100" /></testsuite></testsuites>