<?xml version="1.0" encoding="utf-8"?><testsuites name="pytest tests"><testsuite name="pytest" errors="0" failures="0" skipped="0" tests="8" time="12.637" timestamp="2026-02-17T17:12:32.836837+00:00" hostname="agent-env-da231244-79ac-494e-8255-c68e9550afaf"><testcase classname="backend.tests.test_committed_hero.TestCommittedHero" name="test_set_journey_stage_committed" time="1.183" /><testcase classname="backend.tests.test_committed_hero.TestCommittedHero" name="test_journey_rail_cascade_fill_all_stages" time="1.397" /><testcase classname="backend.tests.test_committed_hero.TestCommittedHero" name="test_journey_rail_active_is_committed" time="1.526" /><testcase classname="backend.tests.test_committed_hero.TestCommittedHero" name="test_clear_committed_stage_returns_prior_state" time="1.833" /><testcase classname="backend.tests.test_committed_hero.TestCommittedHero" name="test_get_program_includes_journey_rail" time="1.057" /><testcase classname="backend.tests.test_committed_hero.TestCommittedHero" name="test_journey_stage_campus_visit_partial_fill" time="1.384" /><testcase classname="backend.tests.test_committed_hero.TestCommittedHeroEdgeCases" name="test_toggle_committed_on_off" time="2.460" /><testcase classname="backend.tests.test_committed_hero.TestCommittedHeroEdgeCases" name="test_set_offer_stage_partial_cascade" time="1.729" /></testsuite></testsuites>