<?xml version="1.0" encoding="utf-8"?><testsuites name="pytest tests"><testsuite name="pytest" errors="0" failures="0" skipped="0" tests="11" time="5.341" timestamp="2026-02-21T21:44:00.343498+00:00" hostname="agent-env-c4b95884-b15a-4eaa-a80c-27e4bb3cf05f"><testcase classname="backend.tests.test_commitment_stability.TestCommitmentStabilityRiskBadgesAPI" name="test_risk_badges_returns_commitment_stability" time="1.147" /><testcase classname="backend.tests.test_commitment_stability.TestCommitmentStabilityRiskBadgesAPI" name="test_commitment_stability_fgcu_d1_nonpower" time="0.471" /><testcase classname="backend.tests.test_commitment_stability.TestCommitmentStabilityRiskBadgesAPI" name="test_commitment_stability_tampa_d2" time="0.358" /><testcase classname="backend.tests.test_commitment_stability.TestCommitmentStabilityRiskBadgesAPI" name="test_commitment_stability_consistency" time="0.717" /><testcase classname="backend.tests.test_commitment_stability.TestCommitmentStabilityMatchScoresAPI" name="test_match_scores_includes_commitment_stability" time="0.382" /><testcase classname="backend.tests.test_commitment_stability.TestCommitmentStabilityMatchScoresAPI" name="test_match_scores_stability_varies_by_division" time="0.371" /><testcase classname="backend.tests.test_commitment_stability.TestCommitmentStabilityStructure" name="test_sparkline_format" time="0.359" /><testcase classname="backend.tests.test_commitment_stability.TestCommitmentStabilityStructure" name="test_signals_format" time="0.357" /><testcase classname="backend.tests.test_commitment_stability.TestCommitmentStabilityStructure" name="test_tags_format" time="0.353" /><testcase classname="backend.tests.test_commitment_stability.TestCommitmentStabilityStructure" name="test_confidence_and_last_updated" time="0.363" /><testcase classname="backend.tests.test_commitment_stability.TestCommitmentStabilityStructure" name="test_status_label_mapping" time="0.383" /></testsuite></testsuites>