<?xml version="1.0" encoding="utf-8"?><testsuites name="pytest tests"><testsuite name="pytest" errors="0" failures="0" skipped="0" tests="14" time="10.035" timestamp="2026-02-26T23:51:25.789230+00:00" hostname="agent-env-3c5a21a4-1b0c-42b6-ae0c-9177967f330b"><testcase classname="backend.tests.test_dashboard_gmail_admin_bugs.TestGmailDebugConfigPublicEndpoint" name="test_gmail_debug_config_no_auth" time="0.582" /><testcase classname="backend.tests.test_dashboard_gmail_admin_bugs.TestAdminEndpointAuthGuard" name="test_admin_integrations_blocked_for_demo_user" time="1.159" /><testcase classname="backend.tests.test_dashboard_gmail_admin_bugs.TestAdminEndpointAuthGuard" name="test_gmail_admin_update_blocked_for_demo_user" time="1.048" /><testcase classname="backend.tests.test_dashboard_gmail_admin_bugs.TestDashboardAPIResilience" name="test_programs_api" time="1.183" /><testcase classname="backend.tests.test_dashboard_gmail_admin_bugs.TestDashboardAPIResilience" name="test_events_api" time="1.156" /><testcase classname="backend.tests.test_dashboard_gmail_admin_bugs.TestDashboardAPIResilience" name="test_interactions_api" time="1.069" /><testcase classname="backend.tests.test_dashboard_gmail_admin_bugs.TestDashboardAPIResilience" name="test_athlete_profile_api" time="1.669" /><testcase classname="backend.tests.test_dashboard_gmail_admin_bugs.TestDashboardAPIResilience" name="test_gmail_status_api" time="1.039" /><testcase classname="backend.tests.test_dashboard_gmail_admin_bugs.TestDashboardAPIResilience" name="test_inbound_contacts_api" time="1.056" /><testcase classname="backend.tests.test_dashboard_gmail_admin_bugs.TestAdminIntegrationsStatusConfigSource" name="test_admin_integrations_has_config_source_field" time="0.001" /><testcase classname="backend.tests.test_dashboard_gmail_admin_bugs.TestDashboardCodeReview" name="test_dashboard_has_resilient_promise_all" time="0.000" /><testcase classname="backend.tests.test_dashboard_gmail_admin_bugs.TestDashboardCodeReview" name="test_dashboard_uses_auth_user_name_fallback" time="0.000" /><testcase classname="backend.tests.test_dashboard_gmail_admin_bugs.TestDashboardCodeReview" name="test_layout_passes_user_via_outlet_context" time="0.000" /><testcase classname="backend.tests.test_dashboard_gmail_admin_bugs.TestGmailAdminUpdateEndpoint" name="test_gmail_admin_update_endpoint_exists" time="0.000" /></testsuite></testsuites>