<?xml version="1.0" encoding="utf-8"?><testsuites name="pytest tests"><testsuite name="pytest" errors="0" failures="0" skipped="0" tests="15" time="9.754" timestamp="2026-02-14T13:55:20.066329+00:00" hostname="agent-env-ba6ba68c-a25c-414b-9e8c-4ef3d93511cc"><testcase classname="backend.tests.test_dynamic_board_grouping.TestDynamicBoardGrouping" name="test_grouped_endpoint_returns_200" time="0.628" /><testcase classname="backend.tests.test_dynamic_board_grouping.TestDynamicBoardGrouping" name="test_grouped_response_structure" time="0.543" /><testcase classname="backend.tests.test_dynamic_board_grouping.TestDynamicBoardGrouping" name="test_counts_match_programs" time="0.404" /><testcase classname="backend.tests.test_dynamic_board_grouping.TestDynamicBoardGrouping" name="test_action_required_programs" time="0.540" /><testcase classname="backend.tests.test_dynamic_board_grouping.TestDynamicBoardGrouping" name="test_upcoming_programs" time="0.522" /><testcase classname="backend.tests.test_dynamic_board_grouping.TestDynamicBoardGrouping" name="test_in_progress_programs" time="0.593" /><testcase classname="backend.tests.test_dynamic_board_grouping.TestDynamicBoardGrouping" name="test_closed_programs" time="0.443" /><testcase classname="backend.tests.test_dynamic_board_grouping.TestDynamicBoardGrouping" name="test_program_has_board_group_field" time="0.392" /><testcase classname="backend.tests.test_dynamic_board_grouping.TestDynamicBoardGrouping" name="test_search_with_grouped" time="0.827" /><testcase classname="backend.tests.test_dynamic_board_grouping.TestDynamicBoardGrouping" name="test_division_filter_with_grouped" time="0.397" /><testcase classname="backend.tests.test_dynamic_board_grouping.TestDynamicBoardGrouping" name="test_region_filter_with_grouped" time="0.474" /><testcase classname="backend.tests.test_dynamic_board_grouping.TestDynamicBoardGrouping" name="test_non_grouped_still_works" time="0.404" /><testcase classname="backend.tests.test_dynamic_board_grouping.TestBoardGroupingLogic" name="test_closed_status_goes_to_closed_group" time="1.209" /><testcase classname="backend.tests.test_dynamic_board_grouping.TestBoardGroupingLogic" name="test_recently_contacted_goes_to_in_progress" time="1.184" /><testcase classname="backend.tests.test_dynamic_board_grouping.TestBoardGroupingLogic" name="test_upcoming_follow_up_goes_to_upcoming" time="1.117" /></testsuite></testsuites>