<?xml version="1.0" encoding="utf-8"?><testsuites name="pytest tests"><testsuite name="pytest" errors="0" failures="0" skipped="0" tests="15" time="16.429" timestamp="2026-02-15T03:17:42.411650+00:00" hostname="agent-env-c0c70ae4-3f22-4fdc-bb8d-9124a57494fa"><testcase classname="backend.tests.test_email_integration.TestAdminIntegrationsEmailEndpoint" name="test_integrations_returns_email_object" time="1.212" /><testcase classname="backend.tests.test_email_integration.TestAdminIntegrationsEmailEndpoint" name="test_email_provider_is_resend" time="1.221" /><testcase classname="backend.tests.test_email_integration.TestAdminIntegrationsEmailEndpoint" name="test_email_key_masked_format" time="1.016" /><testcase classname="backend.tests.test_email_integration.TestUpdateResendApiKey" name="test_update_resend_key_requires_key" time="1.001" /><testcase classname="backend.tests.test_email_integration.TestUpdateResendApiKey" name="test_update_resend_key_validates_prefix" time="1.020" /><testcase classname="backend.tests.test_email_integration.TestUpdateResendApiKey" name="test_update_resend_key_success" time="1.104" /><testcase classname="backend.tests.test_email_integration.TestEmailSettings" name="test_toggle_welcome_email_off" time="1.708" /><testcase classname="backend.tests.test_email_integration.TestEmailSettings" name="test_toggle_welcome_email_on" time="0.985" /><testcase classname="backend.tests.test_email_integration.TestEmailSettings" name="test_toggle_invitation_email_off" time="0.984" /><testcase classname="backend.tests.test_email_integration.TestEmailSettings" name="test_toggle_invitation_email_on" time="1.034" /><testcase classname="backend.tests.test_email_integration.TestEmailSettings" name="test_toggle_both_settings" time="1.123" /><testcase classname="backend.tests.test_email_integration.TestEmailSettings" name="test_empty_settings_returns_400" time="0.976" /><testcase classname="backend.tests.test_email_integration.TestEmailSettings" name="test_settings_persist_in_integrations" time="1.312" /><testcase classname="backend.tests.test_email_integration.TestRegistrationTriggersWelcomeEmail" name="test_register_triggers_welcome_email" time="0.628" /><testcase classname="backend.tests.test_email_integration.TestInviteTriggersInvitationEmail" name="test_invite_triggers_invitation_email" time="1.020" /></testsuite></testsuites>