<?xml version="1.0" encoding="utf-8"?><testsuites name="pytest tests"><testsuite name="pytest" errors="0" failures="0" skipped="0" tests="9" time="10.339" timestamp="2026-02-17T23:05:33.627971+00:00" hostname="agent-env-94555dd9-959d-4463-b153-22f1fbf5d27c"><testcase classname="backend.tests.test_empty_board_state.TestEmptyBoardStateAPIs" name="test_dashboard_api" time="1.312" /><testcase classname="backend.tests.test_empty_board_state.TestEmptyBoardStateAPIs" name="test_athlete_profile_api" time="0.968" /><testcase classname="backend.tests.test_empty_board_state.TestEmptyBoardStateAPIs" name="test_recruiting_profile_api" time="0.977" /><testcase classname="backend.tests.test_empty_board_state.TestEmptyBoardStateAPIs" name="test_suggested_schools_api" time="1.031" /><testcase classname="backend.tests.test_empty_board_state.TestEmptyBoardStateAPIs" name="test_gmail_status_api" time="0.938" /><testcase classname="backend.tests.test_empty_board_state.TestEmptyBoardStateAPIs" name="test_programs_list_empty" time="1.086" /><testcase classname="backend.tests.test_empty_board_state.TestProUserWithSchools" name="test_programs_list_not_empty" time="0.949" /><testcase classname="backend.tests.test_empty_board_state.TestProUserWithSchools" name="test_dashboard_with_schools" time="0.999" /><testcase classname="backend.tests.test_empty_board_state.TestAddSchoolToBoard" name="test_add_school_to_board" time="2.014" /></testsuite></testsuites>