<?xml version="1.0" encoding="utf-8"?><testsuites name="pytest tests"><testsuite name="pytest" errors="0" failures="0" skipped="0" tests="6" time="10.558" timestamp="2026-03-04T20:42:43.585700+00:00" hostname="agent-env-0539ae8d-e997-4102-8489-6e68fc5671d5"><testcase classname="backend.tests.test_engagement_tracking.TestTrackingEndpoints" name="test_track_email_open_returns_gif" time="7.367" /><testcase classname="backend.tests.test_engagement_tracking.TestTrackingEndpoints" name="test_track_click_redirects_for_unknown_id" time="0.197" /><testcase classname="backend.tests.test_engagement_tracking.TestEngagementSummaryEndpoint" name="test_engagement_summary_requires_auth" time="0.128" /><testcase classname="backend.tests.test_engagement_tracking.TestEngagementSummaryEndpoint" name="test_engagement_summary_returns_expected_fields" time="1.552" /><testcase classname="backend.tests.test_engagement_tracking.TestSchoolEngagementEndpoint" name="test_school_engagement_requires_auth" time="0.101" /><testcase classname="backend.tests.test_engagement_tracking.TestSchoolEngagementEndpoint" name="test_school_engagement_returns_expected_fields" time="1.140" /></testsuite></testsuites>