<?xml version="1.0" encoding="utf-8"?><testsuites name="pytest tests"><testsuite name="pytest" errors="0" failures="1" skipped="0" tests="13" time="16.946" timestamp="2026-02-12T15:08:27.922844+00:00" hostname="agent-env-04040d9a-8ce9-4c89-9306-5a718160ca20"><testcase classname="backend.tests.test_events_api.TestEventsAPI" name="test_auth_required_for_events" time="0.872" /><testcase classname="backend.tests.test_events_api.TestEventsAPI" name="test_list_events_authenticated" time="0.453" /><testcase classname="backend.tests.test_events_api.TestEventsAPI" name="test_create_event_success" time="1.698" /><testcase classname="backend.tests.test_events_api.TestEventsAPI" name="test_create_event_empty_title_returns_400" time="0.353" /><testcase classname="backend.tests.test_events_api.TestEventsAPI" name="test_create_event_whitespace_title_returns_400" time="0.351" /><testcase classname="backend.tests.test_events_api.TestEventsAPI" name="test_get_single_event" time="1.574" /><testcase classname="backend.tests.test_events_api.TestEventsAPI" name="test_get_nonexistent_event_returns_404" time="0.692" /><testcase classname="backend.tests.test_events_api.TestEventsAPI" name="test_update_event" time="2.029" /><testcase classname="backend.tests.test_events_api.TestEventsAPI" name="test_update_nonexistent_event_returns_404" time="0.449" /><testcase classname="backend.tests.test_events_api.TestEventsAPI" name="test_delete_event" time="1.579" /><testcase classname="backend.tests.test_events_api.TestEventsAPI" name="test_delete_nonexistent_event_returns_404" time="0.450" /><testcase classname="backend.tests.test_events_api.TestEventsAPI" name="test_list_events_with_date_filters" time="1.510" /><testcase classname="backend.tests.test_events_api.TestEventsAPI" name="test_create_all_event_types" time="4.839"><failure message="AssertionError: Failed to create Meeting event: Web server returned an unknown error&#10;  &#10;assert 520 == 200&#10; +  where 520 = &lt;Response [520]&gt;.status_code">backend/tests/test_events_api.py:276: in test_create_all_event_types
    assert response.status_code == 200, f"Failed to create {evt_type} event: {response.text}"
E   AssertionError: Failed to create Meeting event: Web server returned an unknown error
E     
E   assert 520 == 200
E    +  where 520 = &lt;Response [520]&gt;.status_code</failure></testcase></testsuite></testsuites>