<?xml version="1.0" encoding="utf-8"?><testsuites name="pytest tests"><testsuite name="pytest" errors="0" failures="0" skipped="0" tests="12" time="8.955" timestamp="2026-02-17T16:50:30.372048+00:00" hostname="agent-env-f96333ba-c142-457c-b5f2-6fdf3544e7bf"><testcase classname="backend.tests.test_file_attachment.TestUploadAttachmentRouteExists" name="test_upload_attachment_returns_401_without_auth" time="0.657" /><testcase classname="backend.tests.test_file_attachment.TestUploadAttachmentRouteExists" name="test_upload_attachment_returns_400_without_file" time="1.058" /><testcase classname="backend.tests.test_file_attachment.TestFileUploadFunctionality" name="test_upload_small_file_success" time="0.347" /><testcase classname="backend.tests.test_file_attachment.TestFileUploadFunctionality" name="test_upload_pdf_file_success" time="0.351" /><testcase classname="backend.tests.test_file_attachment.TestFileUploadFunctionality" name="test_upload_file_size_under_10mb" time="1.301" /><testcase classname="backend.tests.test_file_attachment.TestFileSizeLimit" name="test_upload_rejects_file_over_10mb" time="2.280" /><testcase classname="backend.tests.test_file_attachment.TestSendEmailWithAttachments" name="test_send_with_attachment_ids_field" time="0.348" /><testcase classname="backend.tests.test_file_attachment.TestSendEmailWithAttachments" name="test_send_without_attachments_still_works" time="0.357" /><testcase classname="backend.tests.test_file_attachment.TestMultipleAttachments" name="test_upload_multiple_files" time="1.054" /><testcase classname="backend.tests.test_file_attachment.TestAttachmentCleanup" name="test_attachment_stored_temporarily" time="0.363" /><testcase classname="backend.tests.test_file_attachment.TestEmailComposerModel" name="test_compose_email_with_empty_attachments" time="0.370" /><testcase classname="backend.tests.test_file_attachment.TestEmailComposerModel" name="test_compose_email_validates_required_fields" time="0.384" /></testsuite></testsuites>