<?xml version="1.0" encoding="utf-8"?><testsuites name="pytest tests"><testsuite name="pytest" errors="0" failures="2" skipped="0" tests="13" time="17.398" timestamp="2026-02-18T17:42:45.871285+00:00" hostname="agent-env-01bfd6d4-8adc-4c12-aeff-7773871b6b12"><testcase classname="backend.tests.test_find_schools_redesign.TestFindSchoolsAPIs" name="test_suggested_schools_returns_data" time="1.299" /><testcase classname="backend.tests.test_find_schools_redesign.TestFindSchoolsAPIs" name="test_knowledge_base_filters_returns_divisions_regions_conferences" time="1.130" /><testcase classname="backend.tests.test_find_schools_redesign.TestFindSchoolsAPIs" name="test_knowledge_base_division_filter" time="1.254" /><testcase classname="backend.tests.test_find_schools_redesign.TestFindSchoolsAPIs" name="test_knowledge_base_region_filter" time="1.230"><failure message="AssertionError: Expected West region, got Midwest&#10;assert 'West' in 'Midwest'">backend/tests/test_find_schools_redesign.py:101: in test_knowledge_base_region_filter
    assert "West" in uni["region"], f"Expected West region, got {uni['region']}"
E   AssertionError: Expected West region, got Midwest
E   assert 'West' in 'Midwest'</failure></testcase><testcase classname="backend.tests.test_find_schools_redesign.TestFindSchoolsAPIs" name="test_knowledge_base_search" time="1.015" /><testcase classname="backend.tests.test_find_schools_redesign.TestFindSchoolsAPIs" name="test_knowledge_base_combined_filters" time="1.182" /><testcase classname="backend.tests.test_find_schools_redesign.TestFindSchoolsAPIs" name="test_knowledge_base_all_schools_count" time="1.349" /><testcase classname="backend.tests.test_find_schools_redesign.TestFindSchoolsAPIs" name="test_knowledge_base_dream_schools_d1_count" time="1.052" /><testcase classname="backend.tests.test_find_schools_redesign.TestFindSchoolsAPIs" name="test_add_to_board_new_school" time="2.113" /><testcase classname="backend.tests.test_find_schools_redesign.TestFindSchoolsAPIs" name="test_add_to_board_duplicate_fails" time="1.422"><failure message="assert 404 == 400&#10; +  where 404 = &lt;Response [404]&gt;.status_code">backend/tests/test_find_schools_redesign.py:210: in test_add_to_board_duplicate_fails
    assert add_response.status_code == 400
E   assert 404 == 400
E    +  where 404 = &lt;Response [404]&gt;.status_code</failure></testcase><testcase classname="backend.tests.test_find_schools_redesign.TestFindSchoolsAPIs" name="test_knowledge_base_returns_coach_info" time="1.413" /><testcase classname="backend.tests.test_find_schools_redesign.TestFindSchoolsAPIs" name="test_suggested_schools_match_reasons" time="1.027" /><testcase classname="backend.tests.test_find_schools_redesign.TestDataConsistency" name="test_programs_university_name_matches_knowledge_base" time="1.800" /></testsuite></testsuites>