<?xml version="1.0" encoding="utf-8"?><testsuites name="pytest tests"><testsuite name="pytest" errors="0" failures="0" skipped="0" tests="7" time="10.985" timestamp="2026-02-20T15:44:54.810589+00:00" hostname="agent-env-11b990a5-5dd3-4e4a-a388-97799726c370"><testcase classname="backend.tests.test_find_schools_bugfix.TestFindSchoolsBugFix" name="test_suggested_schools_returns_suggestions_with_scores" time="1.334" /><testcase classname="backend.tests.test_find_schools_bugfix.TestFindSchoolsBugFix" name="test_recruiting_profile_questionnaire_completed" time="1.760" /><testcase classname="backend.tests.test_find_schools_bugfix.TestFindSchoolsBugFix" name="test_knowledge_base_returns_schools" time="1.554" /><testcase classname="backend.tests.test_find_schools_bugfix.TestFindSchoolsBugFix" name="test_programs_journey_rail_has_correct_stage_keys" time="1.910" /><testcase classname="backend.tests.test_find_schools_bugfix.TestFindSchoolsBugFix" name="test_programs_list_has_signals" time="1.783" /><testcase classname="backend.tests.test_find_schools_bugfix.TestProgressRailStageKeyMigration" name="test_update_journey_stage_uses_new_keys" time="2.139" /><testcase classname="backend.tests.test_find_schools_bugfix.TestHealthCheck" name="test_backend_root_endpoint" time="0.434" /></testsuite></testsuites>