<?xml version="1.0" encoding="utf-8"?><testsuites name="pytest tests"><testsuite name="pytest" errors="5" failures="2" skipped="0" tests="7" time="5.122" timestamp="2026-02-20T15:39:17.638079+00:00" hostname="agent-env-11b990a5-5dd3-4e4a-a388-97799726c370"><testcase classname="backend.tests.test_find_schools_bugfix.TestFindSchoolsBugFix" name="test_suggested_schools_returns_suggestions_with_scores" time="0.836"><error message="failed on setup with &quot;AssertionError: No token in response: {'user_id': 'user_02cfb4bd2d19', 'email': 'douglas@yeslms.com', 'name': 'Douglas Gimenes', 'picture': 'https://lh3.googleusercontent.com/a/ACg8ocKq5GJZ715DiYkVcwTaUwH01k85XyI5p5WxeNHkOUpBHeHlRiq-=s96-c'}&#10;assert None&#10; +  where None = &lt;test_find_schools_bugfix.TestFindSchoolsBugFix object at 0xf8218e545050&gt;.token&quot;">backend/tests/test_find_schools_bugfix.py:33: in setup
    assert self.token, f"No token in response: {login_resp.json()}"
E   AssertionError: No token in response: {'user_id': 'user_02cfb4bd2d19', 'email': 'douglas@yeslms.com', 'name': 'Douglas Gimenes', 'picture': 'https://lh3.googleusercontent.com/a/ACg8ocKq5GJZ715DiYkVcwTaUwH01k85XyI5p5WxeNHkOUpBHeHlRiq-=s96-c'}
E   assert None
E    +  where None = &lt;test_find_schools_bugfix.TestFindSchoolsBugFix object at 0xf8218e545050&gt;.token</error></testcase><testcase classname="backend.tests.test_find_schools_bugfix.TestFindSchoolsBugFix" name="test_recruiting_profile_questionnaire_completed" time="0.761"><error message="failed on setup with &quot;AssertionError: No token in response: {'user_id': 'user_02cfb4bd2d19', 'email': 'douglas@yeslms.com', 'name': 'Douglas Gimenes', 'picture': 'https://lh3.googleusercontent.com/a/ACg8ocKq5GJZ715DiYkVcwTaUwH01k85XyI5p5WxeNHkOUpBHeHlRiq-=s96-c'}&#10;assert None&#10; +  where None = &lt;test_find_schools_bugfix.TestFindSchoolsBugFix object at 0xf8218c3eee50&gt;.token&quot;">backend/tests/test_find_schools_bugfix.py:33: in setup
    assert self.token, f"No token in response: {login_resp.json()}"
E   AssertionError: No token in response: {'user_id': 'user_02cfb4bd2d19', 'email': 'douglas@yeslms.com', 'name': 'Douglas Gimenes', 'picture': 'https://lh3.googleusercontent.com/a/ACg8ocKq5GJZ715DiYkVcwTaUwH01k85XyI5p5WxeNHkOUpBHeHlRiq-=s96-c'}
E   assert None
E    +  where None = &lt;test_find_schools_bugfix.TestFindSchoolsBugFix object at 0xf8218c3eee50&gt;.token</error></testcase><testcase classname="backend.tests.test_find_schools_bugfix.TestFindSchoolsBugFix" name="test_knowledge_base_returns_schools" time="0.632"><error message="failed on setup with &quot;AssertionError: No token in response: {'user_id': 'user_02cfb4bd2d19', 'email': 'douglas@yeslms.com', 'name': 'Douglas Gimenes', 'picture': 'https://lh3.googleusercontent.com/a/ACg8ocKq5GJZ715DiYkVcwTaUwH01k85XyI5p5WxeNHkOUpBHeHlRiq-=s96-c'}&#10;assert None&#10; +  where None = &lt;test_find_schools_bugfix.TestFindSchoolsBugFix object at 0xf8218c3ef490&gt;.token&quot;">backend/tests/test_find_schools_bugfix.py:33: in setup
    assert self.token, f"No token in response: {login_resp.json()}"
E   AssertionError: No token in response: {'user_id': 'user_02cfb4bd2d19', 'email': 'douglas@yeslms.com', 'name': 'Douglas Gimenes', 'picture': 'https://lh3.googleusercontent.com/a/ACg8ocKq5GJZ715DiYkVcwTaUwH01k85XyI5p5WxeNHkOUpBHeHlRiq-=s96-c'}
E   assert None
E    +  where None = &lt;test_find_schools_bugfix.TestFindSchoolsBugFix object at 0xf8218c3ef490&gt;.token</error></testcase><testcase classname="backend.tests.test_find_schools_bugfix.TestFindSchoolsBugFix" name="test_programs_journey_rail_has_correct_stage_keys" time="0.669"><error message="failed on setup with &quot;AssertionError: No token in response: {'user_id': 'user_02cfb4bd2d19', 'email': 'douglas@yeslms.com', 'name': 'Douglas Gimenes', 'picture': 'https://lh3.googleusercontent.com/a/ACg8ocKq5GJZ715DiYkVcwTaUwH01k85XyI5p5WxeNHkOUpBHeHlRiq-=s96-c'}&#10;assert None&#10; +  where None = &lt;test_find_schools_bugfix.TestFindSchoolsBugFix object at 0xf8218c3efb10&gt;.token&quot;">backend/tests/test_find_schools_bugfix.py:33: in setup
    assert self.token, f"No token in response: {login_resp.json()}"
E   AssertionError: No token in response: {'user_id': 'user_02cfb4bd2d19', 'email': 'douglas@yeslms.com', 'name': 'Douglas Gimenes', 'picture': 'https://lh3.googleusercontent.com/a/ACg8ocKq5GJZ715DiYkVcwTaUwH01k85XyI5p5WxeNHkOUpBHeHlRiq-=s96-c'}
E   assert None
E    +  where None = &lt;test_find_schools_bugfix.TestFindSchoolsBugFix object at 0xf8218c3efb10&gt;.token</error></testcase><testcase classname="backend.tests.test_find_schools_bugfix.TestFindSchoolsBugFix" name="test_programs_list_has_signals" time="0.639"><error message="failed on setup with &quot;AssertionError: No token in response: {'user_id': 'user_02cfb4bd2d19', 'email': 'douglas@yeslms.com', 'name': 'Douglas Gimenes', 'picture': 'https://lh3.googleusercontent.com/a/ACg8ocKq5GJZ715DiYkVcwTaUwH01k85XyI5p5WxeNHkOUpBHeHlRiq-=s96-c'}&#10;assert None&#10; +  where None = &lt;test_find_schools_bugfix.TestFindSchoolsBugFix object at 0xf8218c400190&gt;.token&quot;">backend/tests/test_find_schools_bugfix.py:33: in setup
    assert self.token, f"No token in response: {login_resp.json()}"
E   AssertionError: No token in response: {'user_id': 'user_02cfb4bd2d19', 'email': 'douglas@yeslms.com', 'name': 'Douglas Gimenes', 'picture': 'https://lh3.googleusercontent.com/a/ACg8ocKq5GJZ715DiYkVcwTaUwH01k85XyI5p5WxeNHkOUpBHeHlRiq-=s96-c'}
E   assert None
E    +  where None = &lt;test_find_schools_bugfix.TestFindSchoolsBugFix object at 0xf8218c400190&gt;.token</error></testcase><testcase classname="backend.tests.test_find_schools_bugfix.TestProgressRailStageKeyMigration" name="test_update_journey_stage_uses_new_keys" time="1.048"><failure message="assert 401 == 200&#10; +  where 401 = &lt;Response [401]&gt;.status_code">backend/tests/test_find_schools_bugfix.py:227: in test_update_journey_stage_uses_new_keys
    assert programs_resp.status_code == 200
E   assert 401 == 200
E    +  where 401 = &lt;Response [401]&gt;.status_code</failure></testcase><testcase classname="backend.tests.test_find_schools_bugfix.TestHealthCheck" name="test_backend_health" time="0.415"><failure message="AssertionError: Health check failed: 404&#10;assert 404 == 200&#10; +  where 404 = &lt;Response [404]&gt;.status_code">backend/tests/test_find_schools_bugfix.py:266: in test_backend_health
    assert resp.status_code == 200, f"Health check failed: {resp.status_code}"
E   AssertionError: Health check failed: 404
E   assert 404 == 200
E    +  where 404 = &lt;Response [404]&gt;.status_code</failure></testcase></testsuite></testsuites>