<?xml version="1.0" encoding="utf-8"?><testsuites name="pytest tests"><testsuite name="pytest" errors="0" failures="0" skipped="0" tests="10" time="1.780" timestamp="2026-02-26T01:22:44.290800+00:00" hostname="agent-env-1c03679f-dd5e-4d74-a073-cda75d75c5cb"><testcase classname="backend.tests.test_gmail_reimport_capability.TestResumeCheckBasic" name="test_resume_returns_run_id_and_resumed_true" time="0.803" /><testcase classname="backend.tests.test_gmail_reimport_capability.TestResumeExcludesExistingSchools" name="test_resume_excludes_already_on_board" time="0.089" /><testcase classname="backend.tests.test_gmail_reimport_capability.TestResumeExcludesConfirmedSchools" name="test_resume_excludes_confirmed_school_ids" time="0.082" /><testcase classname="backend.tests.test_gmail_reimport_capability.TestNoResumeWhenAllImported" name="test_no_resume_when_all_on_board" time="0.113" /><testcase classname="backend.tests.test_gmail_reimport_capability.TestNoResumeWhenAllImported" name="test_no_resume_when_all_confirmed" time="0.102" /><testcase classname="backend.tests.test_gmail_reimport_capability.TestResumeWithoutGmailConnected" name="test_resume_works_without_gmail" time="0.083" /><testcase classname="backend.tests.test_gmail_reimport_capability.TestNewScanRegression" name="test_no_resumable_run_triggers_gmail_check" time="0.086" /><testcase classname="backend.tests.test_gmail_reimport_capability.TestStatusEndpointResumedRun" name="test_status_returns_plan_info_for_resumed_run" time="0.180" /><testcase classname="backend.tests.test_gmail_reimport_capability.TestIgnoredSuggestionsExcluded" name="test_ignored_suggestions_excluded_from_resume" time="0.081" /><testcase classname="backend.tests.test_gmail_reimport_capability.TestResumeMixedScenario" name="test_resume_mixed_suggestions" time="0.080" /></testsuite></testsuites>