<?xml version="1.0" encoding="utf-8"?><testsuites name="pytest tests"><testsuite name="pytest" errors="0" failures="4" skipped="0" tests="7" time="1.615" timestamp="2026-02-25T23:09:14.899175+00:00" hostname="agent-env-1c03679f-dd5e-4d74-a073-cda75d75c5cb"><testcase classname="backend.tests.test_gmail_import_5_improvements.TestGmailImport5Improvements" name="test_import_run_has_unmapped_domains_field" time="0.786" /><testcase classname="backend.tests.test_gmail_import_5_improvements.TestGmailImport5Improvements" name="test_confirm_skips_schools_not_in_kb" time="0.108"><failure message="AssertionError: KB-matched school program not created&#10;assert None is not None">backend/tests/test_gmail_import_5_improvements.py:253: in test_confirm_skips_schools_not_in_kb
    assert created_program is not None, "KB-matched school program not created"
E   AssertionError: KB-matched school program not created
E   assert None is not None</failure></testcase><testcase classname="backend.tests.test_gmail_import_5_improvements.TestGmailImport5Improvements" name="test_confirm_creates_coaches_from_kb_and_discovered" time="0.001"><failure message="AssertionError: Program should exist from previous test&#10;assert None is not None">backend/tests/test_gmail_import_5_improvements.py:274: in test_confirm_creates_coaches_from_kb_and_discovered
    assert program is not None, "Program should exist from previous test"
E   AssertionError: Program should exist from previous test
E   assert None is not None</failure></testcase><testcase classname="backend.tests.test_gmail_import_5_improvements.TestGmailImport5Improvements" name="test_confirm_idempotent_second_call_skips" time="0.001"><failure message="AssertionError: Expected 1 program from first confirm, got 0&#10;assert 0 == 1">backend/tests/test_gmail_import_5_improvements.py:309: in test_confirm_idempotent_second_call_skips
    assert initial_count == 1, f"Expected 1 program from first confirm, got {initial_count}"
E   AssertionError: Expected 1 program from first confirm, got 0
E   assert 0 == 1</failure></testcase><testcase classname="backend.tests.test_gmail_import_5_improvements.TestGmailImport5Improvements" name="test_status_endpoint_structure" time="0.186" /><testcase classname="backend.tests.test_gmail_import_5_improvements.TestGmailImport5Improvements" name="test_created_program_enriched_from_kb" time="0.004"><failure message="AssertionError: Program should exist&#10;assert None is not None">backend/tests/test_gmail_import_5_improvements.py:375: in test_created_program_enriched_from_kb
    assert program is not None, "Program should exist"
E   AssertionError: Program should exist
E   assert None is not None</failure></testcase><testcase classname="backend.tests.test_gmail_import_5_improvements.TestGmailImportStatusEndpoint" name="test_status_404_for_nonexistent_run" time="0.420" /></testsuite></testsuites>