<?xml version="1.0" encoding="utf-8"?><testsuites name="pytest tests"><testsuite name="pytest" errors="0" failures="1" skipped="0" tests="16" time="0.550" timestamp="2026-02-26T18:30:52.915194+00:00" hostname="agent-env-80b7838e-1920-4f65-9308-5e01da62a079"><testcase classname="tests.test_gmail_security_audit.TestGmailScopes" name="test_gmail_scopes_are_readonly_and_send_only" time="0.001" /><testcase classname="tests.test_gmail_security_audit.TestNoModifyOperations" name="test_no_modify_calls_in_gmail_routes" time="0.000" /><testcase classname="tests.test_gmail_security_audit.TestNoModifyOperations" name="test_no_modify_calls_in_gmail_import" time="0.000" /><testcase classname="tests.test_gmail_security_audit.TestNoDeleteOperations" name="test_no_message_delete_in_gmail_routes" time="0.000" /><testcase classname="tests.test_gmail_security_audit.TestNoDeleteOperations" name="test_no_message_delete_in_gmail_import" time="0.000" /><testcase classname="tests.test_gmail_security_audit.TestNoTrashOperations" name="test_no_trash_in_gmail_routes" time="0.000" /><testcase classname="tests.test_gmail_security_audit.TestNoTrashOperations" name="test_no_trash_in_gmail_import" time="0.000" /><testcase classname="tests.test_gmail_security_audit.TestSendOnlyInExplicitFunctions" name="test_send_only_in_correct_functions" time="0.001" /><testcase classname="tests.test_gmail_security_audit.TestSendOnlyInExplicitFunctions" name="test_no_send_in_gmail_import" time="0.000" /><testcase classname="tests.test_gmail_security_audit.TestToggleReadEndpoint" name="test_toggle_read_disabled_in_code" time="0.000" /><testcase classname="tests.test_gmail_security_audit.TestGetEmailNoAutoMarkAsRead" name="test_get_email_no_auto_mark_read" time="0.000" /><testcase classname="tests.test_gmail_security_audit.TestGmailImportServiceReadOnly" name="test_gmail_import_only_uses_read_apis" time="0.000" /><testcase classname="tests.test_gmail_security_audit.TestDeleteAccountCollections" name="test_delete_account_clears_athlete_profiles" time="0.000" /><testcase classname="tests.test_gmail_security_audit.TestDeleteAccountCollections" name="test_delete_account_clears_subscriptions" time="0.000" /><testcase classname="tests.test_gmail_security_audit.TestDeleteAccountCollections" name="test_delete_account_clears_import_runs" time="0.000" /><testcase classname="tests.test_gmail_security_audit.TestKBSeedEndpoint" name="test_kb_seed_endpoint_exists" time="0.458"><failure message="AssertionError: KB seed endpoint should exist. Got status 401: {&quot;detail&quot;:&quot;Not authenticated&quot;}&#10;assert 401 in [200, 404]&#10; +  where 401 = &lt;Response [401]&gt;.status_code">tests/test_gmail_security_audit.py:333: in test_kb_seed_endpoint_exists
    assert resp.status_code in [200, 404], \
E   AssertionError: KB seed endpoint should exist. Got status 401: {"detail":"Not authenticated"}
E   assert 401 in [200, 404]
E    +  where 401 = &lt;Response [401]&gt;.status_code</failure></testcase></testsuite></testsuites>