<?xml version="1.0" encoding="utf-8"?><testsuites name="pytest tests"><testsuite name="pytest" errors="0" failures="9" skipped="0" tests="9" time="0.914" timestamp="2026-02-25T22:39:11.148518+00:00" hostname="agent-env-1c03679f-dd5e-4d74-a073-cda75d75c5cb"><testcase classname="backend.tests.test_gmail_import_confirm_enrichment.TestConfirmEndpointEnrichment" name="test_1_confirm_import_creates_program_with_domain" time="0.580"><failure message="AssertionError: Program not found in database&#10;assert None is not None">backend/tests/test_gmail_import_confirm_enrichment.py:184: in test_1_confirm_import_creates_program_with_domain
    assert program is not None, "Program not found in database"
E   AssertionError: Program not found in database
E   assert None is not None</failure></testcase><testcase classname="backend.tests.test_gmail_import_confirm_enrichment.TestConfirmEndpointEnrichment" name="test_2_confirm_creates_coaches_from_kb" time="0.001"><failure message="AssertionError: KB head coach email headcoach@testimportenrich.edu not found&#10;assert 'headcoach@testimportenrich.edu' in {}">backend/tests/test_gmail_import_confirm_enrichment.py:207: in test_2_confirm_creates_coaches_from_kb
    assert TEST_KB_COACH_EMAIL in coach_emails, f"KB head coach email {TEST_KB_COACH_EMAIL} not found"
E   AssertionError: KB head coach email headcoach@testimportenrich.edu not found
E   assert 'headcoach@testimportenrich.edu' in {}</failure></testcase><testcase classname="backend.tests.test_gmail_import_confirm_enrichment.TestConfirmEndpointEnrichment" name="test_3_confirm_creates_coaches_from_discovered_emails" time="0.001"><failure message="AssertionError: Discovered email assistcoach@testimportenrich.edu not found&#10;assert 'assistcoach@testimportenrich.edu' in {}">backend/tests/test_gmail_import_confirm_enrichment.py:236: in test_3_confirm_creates_coaches_from_discovered_emails
    assert TEST_DISCOVERED_EMAIL_1 in coach_emails, f"Discovered email {TEST_DISCOVERED_EMAIL_1} not found"
E   AssertionError: Discovered email assistcoach@testimportenrich.edu not found
E   assert 'assistcoach@testimportenrich.edu' in {}</failure></testcase><testcase classname="backend.tests.test_gmail_import_confirm_enrichment.TestConfirmEndpointEnrichment" name="test_4_coach_deduplication" time="0.001"><failure message="AssertionError: Expected 1 coach with email headcoach@testimportenrich.edu, found 0&#10;assert 0 == 1&#10; +  where 0 = len([])">backend/tests/test_gmail_import_confirm_enrichment.py:262: in test_4_coach_deduplication
    assert len(coaches) == 1, f"Expected 1 coach with email {TEST_KB_COACH_EMAIL}, found {len(coaches)}"
E   AssertionError: Expected 1 coach with email headcoach@testimportenrich.edu, found 0
E   assert 0 == 1
E    +  where 0 = len([])</failure></testcase><testcase classname="backend.tests.test_gmail_import_confirm_enrichment.TestConfirmEndpointEnrichment" name="test_5_total_coach_count" time="0.008"><failure message="AssertionError: Expected 4 coaches (2 KB + 2 discovered after dedup), got 0&#10;assert 0 == 4">backend/tests/test_gmail_import_confirm_enrichment.py:281: in test_5_total_coach_count
    assert coach_count == 4, f"Expected 4 coaches (2 KB + 2 discovered after dedup), got {coach_count}"
E   AssertionError: Expected 4 coaches (2 KB + 2 discovered after dedup), got 0
E   assert 0 == 4</failure></testcase><testcase classname="backend.tests.test_gmail_import_confirm_enrichment.TestConfirmEndpointEnrichment" name="test_6_idempotency_confirm_again_skips" time="0.045"><failure message="AssertionError: Expected 1 program after second confirm, got 0&#10;assert 0 == 1">backend/tests/test_gmail_import_confirm_enrichment.py:312: in test_6_idempotency_confirm_again_skips
    assert program_count == 1, f"Expected 1 program after second confirm, got {program_count}"
E   AssertionError: Expected 1 program after second confirm, got 0
E   assert 0 == 1</failure></testcase><testcase classname="backend.tests.test_gmail_import_confirm_enrichment.TestConfirmEndpointEnrichment" name="test_7_get_program_returns_correct_data" time="0.000"><failure message="AssertionError: No program_id from previous test&#10;assert None">backend/tests/test_gmail_import_confirm_enrichment.py:324: in test_7_get_program_returns_correct_data
    assert program_id, "No program_id from previous test"
E   AssertionError: No program_id from previous test
E   assert None</failure></testcase><testcase classname="backend.tests.test_gmail_import_confirm_enrichment.TestConfirmEndpointEnrichment" name="test_8_get_journey_returns_timeline" time="0.000"><failure message="AssertionError: No program_id from previous test&#10;assert None">backend/tests/test_gmail_import_confirm_enrichment.py:358: in test_8_get_journey_returns_timeline
    assert program_id, "No program_id from previous test"
E   AssertionError: No program_id from previous test
E   assert None</failure></testcase><testcase classname="backend.tests.test_gmail_import_confirm_enrichment.TestProgramFieldsFromKB" name="test_program_has_kb_enriched_fields" time="0.004"><failure message="AssertionError: Program not found&#10;assert None is not None">backend/tests/test_gmail_import_confirm_enrichment.py:383: in test_program_has_kb_enriched_fields
    assert program is not None, "Program not found"
E   AssertionError: Program not found
E   assert None is not None</failure></testcase></testsuite></testsuites>