<?xml version="1.0" encoding="utf-8"?><testsuites name="pytest tests"><testsuite name="pytest" errors="0" failures="2" skipped="0" tests="9" time="1.082" timestamp="2026-02-25T22:40:52.926501+00:00" hostname="agent-env-1c03679f-dd5e-4d74-a073-cda75d75c5cb"><testcase classname="backend.tests.test_gmail_import_confirm_enrichment.TestConfirmEndpointEnrichment" name="test_1_confirm_import_creates_program_with_domain" time="0.591" /><testcase classname="backend.tests.test_gmail_import_confirm_enrichment.TestConfirmEndpointEnrichment" name="test_2_confirm_creates_coaches_from_kb" time="0.001" /><testcase classname="backend.tests.test_gmail_import_confirm_enrichment.TestConfirmEndpointEnrichment" name="test_3_confirm_creates_coaches_from_discovered_emails" time="0.001" /><testcase classname="backend.tests.test_gmail_import_confirm_enrichment.TestConfirmEndpointEnrichment" name="test_4_coach_deduplication" time="0.001" /><testcase classname="backend.tests.test_gmail_import_confirm_enrichment.TestConfirmEndpointEnrichment" name="test_5_total_coach_count" time="0.007" /><testcase classname="backend.tests.test_gmail_import_confirm_enrichment.TestConfirmEndpointEnrichment" name="test_6_idempotency_confirm_again_skips" time="0.043" /><testcase classname="backend.tests.test_gmail_import_confirm_enrichment.TestConfirmEndpointEnrichment" name="test_7_get_program_returns_correct_data" time="0.086"><failure message="AssertionError: GET program failed: {&quot;detail&quot;:&quot;Program not found&quot;}&#10;assert 404 == 200&#10; +  where 404 = &lt;Response [404]&gt;.status_code">backend/tests/test_gmail_import_confirm_enrichment.py:335: in test_7_get_program_returns_correct_data
    assert response.status_code == 200, f"GET program failed: {response.text}"
E   AssertionError: GET program failed: {"detail":"Program not found"}
E   assert 404 == 200
E    +  where 404 = &lt;Response [404]&gt;.status_code</failure></testcase><testcase classname="backend.tests.test_gmail_import_confirm_enrichment.TestConfirmEndpointEnrichment" name="test_8_get_journey_returns_timeline" time="0.042"><failure message="AssertionError: GET journey failed: {&quot;detail&quot;:&quot;Program not found&quot;}&#10;assert 404 == 200&#10; +  where 404 = &lt;Response [404]&gt;.status_code">backend/tests/test_gmail_import_confirm_enrichment.py:369: in test_8_get_journey_returns_timeline
    assert response.status_code == 200, f"GET journey failed: {response.text}"
E   AssertionError: GET journey failed: {"detail":"Program not found"}
E   assert 404 == 200
E    +  where 404 = &lt;Response [404]&gt;.status_code</failure></testcase><testcase classname="backend.tests.test_gmail_import_confirm_enrichment.TestProgramFieldsFromKB" name="test_program_has_kb_enriched_fields" time="0.007" /></testsuite></testsuites>