<?xml version="1.0" encoding="utf-8"?><testsuites name="pytest tests"><testsuite name="pytest" errors="0" failures="0" skipped="0" tests="9" time="9.629" timestamp="2026-02-25T20:59:59.209853+00:00" hostname="agent-env-1c03679f-dd5e-4d74-a073-cda75d75c5cb"><testcase classname="backend.tests.test_gmail_import_history.TestGmailImportHistory" name="test_import_history_returns_403_when_gmail_not_connected" time="1.177" /><testcase classname="backend.tests.test_gmail_import_history.TestGmailImportHistory" name="test_import_history_requires_authentication" time="1.148" /><testcase classname="backend.tests.test_gmail_import_history.TestGmailImportHistory" name="test_import_status_returns_404_for_nonexistent_run" time="0.984" /><testcase classname="backend.tests.test_gmail_import_history.TestGmailImportHistory" name="test_import_status_returns_404_for_random_uuid_run" time="1.006" /><testcase classname="backend.tests.test_gmail_import_history.TestGmailImportHistory" name="test_import_status_requires_authentication" time="1.120" /><testcase classname="backend.tests.test_gmail_import_history.TestGmailImportHistory" name="test_confirm_import_returns_404_for_nonexistent_run" time="1.040" /><testcase classname="backend.tests.test_gmail_import_history.TestGmailImportHistory" name="test_confirm_import_returns_404_for_random_uuid_run" time="0.999" /><testcase classname="backend.tests.test_gmail_import_history.TestGmailImportHistory" name="test_confirm_import_requires_authentication" time="1.026" /><testcase classname="backend.tests.test_gmail_import_history.TestGmailStatusEndpoint" name="test_gmail_status_shows_not_connected_for_demo_user" time="1.068" /></testsuite></testsuites>