<?xml version="1.0" encoding="utf-8"?><testsuites name="pytest tests"><testsuite name="pytest" errors="0" failures="0" skipped="0" tests="7" time="1.375" timestamp="2026-02-25T23:09:46.828066+00:00" hostname="agent-env-1c03679f-dd5e-4d74-a073-cda75d75c5cb"><testcase classname="backend.tests.test_gmail_import_5_improvements.TestGmailImport5Improvements" name="test_import_run_has_unmapped_domains_field" time="0.575" /><testcase classname="backend.tests.test_gmail_import_5_improvements.TestGmailImport5Improvements" name="test_confirm_skips_schools_not_in_kb" time="0.111" /><testcase classname="backend.tests.test_gmail_import_5_improvements.TestGmailImport5Improvements" name="test_confirm_creates_coaches_from_kb_and_discovered" time="0.001" /><testcase classname="backend.tests.test_gmail_import_5_improvements.TestGmailImport5Improvements" name="test_confirm_idempotent_second_call_skips" time="0.093" /><testcase classname="backend.tests.test_gmail_import_5_improvements.TestGmailImport5Improvements" name="test_status_endpoint_structure" time="0.121" /><testcase classname="backend.tests.test_gmail_import_5_improvements.TestGmailImport5Improvements" name="test_created_program_enriched_from_kb" time="0.004" /><testcase classname="backend.tests.test_gmail_import_5_improvements.TestGmailImportStatusEndpoint" name="test_status_404_for_nonexistent_run" time="0.405" /></testsuite></testsuites>