<?xml version="1.0" encoding="utf-8"?><testsuites name="pytest tests"><testsuite name="pytest" errors="0" failures="0" skipped="0" tests="7" time="1.644" timestamp="2026-02-26T00:59:59.712380+00:00" hostname="agent-env-1c03679f-dd5e-4d74-a073-cda75d75c5cb"><testcase classname="tests.test_gmail_import_duplicate_plan_limit.TestStatusEndpointDuplicateDetection" name="test_status_marks_duplicates" time="0.872" /><testcase classname="tests.test_gmail_import_duplicate_plan_limit.TestStatusEndpointPlanInfo" name="test_status_returns_plan_info_for_premium" time="0.201" /><testcase classname="tests.test_gmail_import_duplicate_plan_limit.TestStatusEndpointPlanInfo" name="test_status_returns_plan_info_for_basic" time="0.125" /><testcase classname="tests.test_gmail_import_duplicate_plan_limit.TestConfirmEndpointPlanLimitEnforcement" name="test_confirm_skips_when_plan_full" time="0.100" /><testcase classname="tests.test_gmail_import_duplicate_plan_limit.TestConfirmEndpointPlanLimitEnforcement" name="test_confirm_works_within_plan_limit" time="0.107" /><testcase classname="tests.test_gmail_import_duplicate_plan_limit.TestConfirmIdempotency" name="test_confirm_skips_existing_programs" time="0.081" /><testcase classname="tests.test_gmail_import_duplicate_plan_limit.TestProPlanRemainingSlots" name="test_pro_plan_remaining_slots" time="0.077" /></testsuite></testsuites>