<?xml version="1.0" encoding="utf-8"?><testsuites name="pytest tests"><testsuite name="pytest" errors="0" failures="0" skipped="0" tests="9" time="11.327" timestamp="2026-02-18T02:05:21.803213+00:00" hostname="agent-env-fa7d6d15-ea8c-4c14-b924-99504968c0d2"><testcase classname="tests.test_gmail_return_to.TestGmailReturnTo" name="test_gmail_connect_returns_auth_url" time="1.245" /><testcase classname="tests.test_gmail_return_to.TestGmailReturnTo" name="test_gmail_connect_with_return_to_board" time="1.002" /><testcase classname="tests.test_gmail_return_to.TestGmailReturnTo" name="test_gmail_connect_with_return_to_settings" time="1.002" /><testcase classname="tests.test_gmail_return_to.TestGmailReturnTo" name="test_gmail_connect_rejects_unsafe_return_to" time="1.016" /><testcase classname="tests.test_gmail_return_to.TestGmailReturnTo" name="test_gmail_status_endpoint" time="1.001" /><testcase classname="tests.test_gmail_return_to.TestGmailReturnTo" name="test_gmail_callback_missing_params" time="0.954" /><testcase classname="tests.test_gmail_return_to.TestGmailReturnTo" name="test_gmail_callback_invalid_state" time="0.872" /><testcase classname="tests.test_gmail_return_to.TestNotesChangeCallback" name="test_get_program_notes" time="1.340" /><testcase classname="tests.test_gmail_return_to.TestNotesChangeCallback" name="test_create_and_delete_note" time="2.803" /></testsuite></testsuites>