<?xml version="1.0" encoding="utf-8"?><testsuites name="pytest tests"><testsuite name="pytest" errors="0" failures="0" skipped="0" tests="10" time="1.636" timestamp="2026-02-20T03:44:01.724225+00:00" hostname="agent-env-a1e82da0-6630-4d13-94ae-52d9efd7eb28"><testcase classname="tests.test_inbound_contacts.TestInboundContactsAPI" name="test_01_get_inbound_contacts_unauthenticated" time="0.266" /><testcase classname="tests.test_inbound_contacts.TestInboundContactsAPI" name="test_02_get_inbound_contacts_authenticated" time="0.479" /><testcase classname="tests.test_inbound_contacts.TestInboundContactsAPI" name="test_03_post_scan_now_authenticated" time="0.086" /><testcase classname="tests.test_inbound_contacts.TestInboundContactsAPI" name="test_04_insert_test_contact_and_retrieve" time="0.055" /><testcase classname="tests.test_inbound_contacts.TestInboundContactsAPI" name="test_05_dismiss_contact" time="0.129" /><testcase classname="tests.test_inbound_contacts.TestInboundContactsAPI" name="test_06_dismiss_nonexistent_contact" time="0.035" /><testcase classname="tests.test_inbound_contacts.TestInboundContactsAPI" name="test_07_scan_now_unauthenticated" time="0.083" /><testcase classname="tests.test_inbound_contacts.TestInboundContactsAPI" name="test_08_dismiss_unauthenticated" time="0.087" /><testcase classname="tests.test_inbound_contacts.TestInboundContactsAPI" name="test_09_cleanup_test_data" time="0.001" /><testcase classname="tests.test_inbound_contacts.TestInboundContactsIntegration" name="test_full_flow_create_retrieve_dismiss" time="0.192" /></testsuite></testsuites>