<?xml version="1.0" encoding="utf-8"?><testsuites name="pytest tests"><testsuite name="pytest" errors="0" failures="0" skipped="0" tests="10" time="22.283" timestamp="2026-02-22T00:12:35.599484+00:00" hostname="agent-env-bf122cc6-3682-4c10-aea4-687295ad2086"><testcase classname="backend.tests.test_intelligence_pipeline.TestSchoolInsightFGCU" name="test_endpoint_returns_valid_json" time="1.209" /><testcase classname="backend.tests.test_intelligence_pipeline.TestSchoolInsightFGCU" name="test_strengths_structure" time="0.364" /><testcase classname="backend.tests.test_intelligence_pipeline.TestSchoolInsightFGCU" name="test_concerns_structure" time="0.465" /><testcase classname="backend.tests.test_intelligence_pipeline.TestSchoolInsightFGCU" name="test_unknowns_from_known_unknowns" time="0.365" /><testcase classname="backend.tests.test_intelligence_pipeline.TestSchoolInsightFGCU" name="test_metadata_fields" time="0.371" /><testcase classname="backend.tests.test_intelligence_pipeline.TestSchoolInsightFGCU" name="test_cached_response_fast" time="1.107" /><testcase classname="backend.tests.test_intelligence_pipeline.TestSchoolInsightFGCU" name="test_force_bypasses_cache" time="17.074" /><testcase classname="backend.tests.test_intelligence_pipeline.TestSchoolInsightTampa" name="test_insufficient_data_status" time="0.470" /><testcase classname="backend.tests.test_intelligence_pipeline.TestSchoolInsightTampa" name="test_insufficient_data_has_unknowns" time="0.353" /><testcase classname="backend.tests.test_intelligence_pipeline.TestAuthenticationRequired" name="test_unauthenticated_request_fails" time="0.427" /></testsuite></testsuites>