<?xml version="1.0" encoding="utf-8"?><testsuites name="pytest tests"><testsuite name="pytest" errors="0" failures="0" skipped="0" tests="17" time="32.825" timestamp="2026-02-22T01:01:31.950905+00:00" hostname="agent-env-d87fdce9-2a40-4966-aa64-1f1e70935feb"><testcase classname="tests.test_intelligence_frontend_integration.TestIntelligenceEndpoints" name="test_timeline_endpoint_returns_200" time="1.274" /><testcase classname="tests.test_intelligence_frontend_integration.TestIntelligenceEndpoints" name="test_timeline_returns_ui_object" time="1.020" /><testcase classname="tests.test_intelligence_frontend_integration.TestIntelligenceEndpoints" name="test_timeline_returns_data_quality" time="1.018" /><testcase classname="tests.test_intelligence_frontend_integration.TestIntelligenceEndpoints" name="test_timeline_force_refresh" time="1.380" /><testcase classname="tests.test_intelligence_frontend_integration.TestIntelligenceEndpoints" name="test_timeline_requires_auth" time="1.066" /><testcase classname="tests.test_intelligence_frontend_integration.TestIntelligenceEndpoints" name="test_roster_endpoint_returns_200" time="0.996" /><testcase classname="tests.test_intelligence_frontend_integration.TestIntelligenceEndpoints" name="test_roster_returns_ui_roster" time="1.030" /><testcase classname="tests.test_intelligence_frontend_integration.TestIntelligenceEndpoints" name="test_roster_returns_ui_stability" time="1.016" /><testcase classname="tests.test_intelligence_frontend_integration.TestIntelligenceEndpoints" name="test_roster_returns_stability_label" time="1.004" /><testcase classname="tests.test_intelligence_frontend_integration.TestIntelligenceEndpoints" name="test_roster_force_refresh" time="1.376" /><testcase classname="tests.test_intelligence_frontend_integration.TestIntelligenceEndpoints" name="test_roster_requires_auth" time="1.039" /><testcase classname="tests.test_intelligence_frontend_integration.TestIntelligenceEndpoints" name="test_school_insight_endpoint_returns_200" time="1.001" /><testcase classname="tests.test_intelligence_frontend_integration.TestIntelligenceEndpoints" name="test_school_insight_returns_expected_shape" time="1.016" /><testcase classname="tests.test_intelligence_frontend_integration.TestIntelligenceEndpoints" name="test_school_insight_force_refresh" time="15.317" /><testcase classname="tests.test_intelligence_frontend_integration.TestIntelligenceEndpoints" name="test_timeline_unknown_state_shape" time="1.152" /><testcase classname="tests.test_intelligence_frontend_integration.TestIntelligenceEndpoints" name="test_roster_unknown_state_shape" time="1.031" /><testcase classname="tests.test_intelligence_frontend_integration.TestIntelligenceEndpoints" name="test_commitment_stability_gets_data_from_roster_endpoint" time="1.005" /></testsuite></testsuites>