<?xml version="1.0" encoding="utf-8"?><testsuites name="pytest tests"><testsuite name="pytest" errors="0" failures="0" skipped="0" tests="14" time="24.155" timestamp="2026-02-16T23:48:01.769883+00:00" hostname="agent-env-a571b762-bdea-4bb3-a603-8f8f8f788d01"><testcase classname="backend.tests.test_journey_logic_refactor.TestSignalsObjectInPrograms" name="test_programs_returns_signals_object" time="1.428" /><testcase classname="backend.tests.test_journey_logic_refactor.TestSignalsObjectInPrograms" name="test_signals_contains_all_required_fields" time="1.121" /><testcase classname="backend.tests.test_journey_logic_refactor.TestSignalsObjectInPrograms" name="test_single_program_returns_signals" time="1.537" /><testcase classname="backend.tests.test_journey_logic_refactor.TestGroupedProgramsEndpoint" name="test_grouped_returns_four_groups" time="1.023" /><testcase classname="backend.tests.test_journey_logic_refactor.TestGroupedProgramsEndpoint" name="test_grouped_programs_have_board_group_field" time="1.021" /><testcase classname="backend.tests.test_journey_logic_refactor.TestGroupedProgramsEndpoint" name="test_grouped_programs_have_signals" time="1.176" /><testcase classname="backend.tests.test_journey_logic_refactor.TestMarkAsRepliedEndpoint" name="test_mark_replied_requires_note" time="1.717" /><testcase classname="backend.tests.test_journey_logic_refactor.TestMarkAsRepliedEndpoint" name="test_mark_replied_creates_interaction" time="1.923" /><testcase classname="backend.tests.test_journey_logic_refactor.TestMarkAsRepliedEndpoint" name="test_mark_replied_appears_in_journey" time="2.188" /><testcase classname="backend.tests.test_journey_logic_refactor.TestIsActiveToggleBehavior" name="test_inactive_program_goes_to_closed_group" time="2.497" /><testcase classname="backend.tests.test_journey_logic_refactor.TestIsActiveToggleBehavior" name="test_reactivating_program_removes_from_closed" time="2.711" /><testcase classname="backend.tests.test_journey_logic_refactor.TestCoachReplyAffectsInProgressGroup" name="test_coach_reply_moves_to_in_progress" time="2.208" /><testcase classname="backend.tests.test_journey_logic_refactor.TestJourneyTimelineCoachReplyType" name="test_journey_coach_reply_event_type" time="2.155" /><testcase classname="backend.tests.test_journey_logic_refactor.TestStanfordUniversitySignals" name="test_stanford_has_coach_reply_signal" time="1.369" /></testsuite></testsuites>