<?xml version="1.0" encoding="utf-8"?><testsuites name="pytest tests"><testsuite name="pytest" errors="0" failures="0" skipped="0" tests="10" time="6.735" timestamp="2026-02-17T14:13:23.688336+00:00" hostname="agent-env-27b02fde-17c5-4270-ba74-df7d58a3f2dd"><testcase classname="backend.tests.test_journey_redesign.TestJourneyRailEndpoint" name="test_get_program_returns_journey_rail" time="1.161" /><testcase classname="backend.tests.test_journey_redesign.TestJourneyRailEndpoint" name="test_stanford_has_coach_replied_stage" time="0.373" /><testcase classname="backend.tests.test_journey_redesign.TestPulseIndicator" name="test_pulse_values_are_valid" time="0.366" /><testcase classname="backend.tests.test_journey_redesign.TestJourneyTimeline" name="test_get_journey_timeline" time="0.378" /><testcase classname="backend.tests.test_journey_redesign.TestManualStageOverride" name="test_update_journey_stage" time="1.483" /><testcase classname="backend.tests.test_journey_redesign.TestCompareEndpoint" name="test_compare_multiple_programs" time="0.352" /><testcase classname="backend.tests.test_journey_redesign.TestCompareEndpoint" name="test_compare_empty_list" time="0.365" /><testcase classname="backend.tests.test_journey_redesign.TestMarkAsReplied" name="test_mark_replied_requires_note" time="0.365" /><testcase classname="backend.tests.test_journey_redesign.TestMarkAsReplied" name="test_mark_replied_creates_interaction" time="1.450" /><testcase classname="backend.tests.test_journey_redesign.TestBoardGroupCategories" name="test_board_group_values" time="0.373" /></testsuite></testsuites>