<?xml version="1.0" encoding="utf-8"?><testsuites name="pytest tests"><testsuite name="pytest" errors="0" failures="0" skipped="0" tests="19" time="9.870" timestamp="2026-02-13T18:04:47.342390+00:00" hostname="agent-env-9c56785d-1bbc-4a9b-99a8-19a2bb8733a7"><testcase classname="backend.tests.test_journey_page.TestJourneyPageAPIs" name="test_get_program_returns_baylor" time="0.223" /><testcase classname="backend.tests.test_journey_page.TestJourneyPageAPIs" name="test_get_program_journey_returns_timeline" time="0.138" /><testcase classname="backend.tests.test_journey_page.TestJourneyPageAPIs" name="test_update_program_status" time="0.333" /><testcase classname="backend.tests.test_journey_page.TestJourneyPageAPIs" name="test_update_program_reply_status" time="0.230" /><testcase classname="backend.tests.test_journey_page.TestJourneyPageAPIs" name="test_update_program_priority" time="0.264" /><testcase classname="backend.tests.test_journey_page.TestJourneyPageAPIs" name="test_update_athlete_interest" time="0.097" /><testcase classname="backend.tests.test_journey_page.TestJourneyPageAPIs" name="test_update_school_interest" time="0.131" /><testcase classname="backend.tests.test_journey_page.TestJourneyPageAPIs" name="test_update_follow_up_schedule" time="0.141" /><testcase classname="backend.tests.test_journey_page.TestJourneyPageAPIs" name="test_create_interaction" time="0.126" /><testcase classname="backend.tests.test_journey_page.TestJourneyPageAPIs" name="test_interactions_appear_in_journey_timeline" time="0.307" /><testcase classname="backend.tests.test_journey_page.TestJourneyPageAPIs" name="test_list_coaches" time="0.136" /><testcase classname="backend.tests.test_journey_page.TestJourneyPageAPIs" name="test_create_coach" time="0.130" /><testcase classname="backend.tests.test_journey_page.TestJourneyPageAPIs" name="test_coaches_linked_to_program" time="0.147" /><testcase classname="backend.tests.test_journey_page.TestJourneyPageAPIs" name="test_draft_email_endpoint_exists" time="0.142" /><testcase classname="backend.tests.test_journey_page.TestJourneyPageAPIs" name="test_journey_summary_endpoint_exists" time="6.656" /><testcase classname="backend.tests.test_journey_page.TestJourneyPageAPIs" name="test_knowledge_base_search" time="0.169" /><testcase classname="backend.tests.test_journey_page.TestJourneyPageAPIs" name="test_events_endpoint" time="0.094" /><testcase classname="backend.tests.test_journey_page.TestJourneyCleanup" name="test_cleanup_test_coaches" time="0.200" /><testcase classname="backend.tests.test_journey_page.TestJourneyCleanup" name="test_reset_program_to_defaults" time="0.091" /></testsuite></testsuites>