<?xml version="1.0" encoding="utf-8"?><testsuites name="pytest tests"><testsuite name="pytest" errors="0" failures="0" skipped="0" tests="15" time="9.068" timestamp="2026-02-14T03:19:48.280429+00:00" hostname="agent-env-93b0ae47-ffd3-4cf3-82c9-2686762a63b8"><testcase classname="backend.tests.test_knowledge_base.TestKnowledgeBaseListEndpoint" name="test_get_all_universities_returns_1053_total" time="0.839" /><testcase classname="backend.tests.test_knowledge_base.TestKnowledgeBaseListEndpoint" name="test_filter_by_division_d1_returns_347" time="0.927" /><testcase classname="backend.tests.test_knowledge_base.TestKnowledgeBaseListEndpoint" name="test_filter_by_division_d2_returns_284" time="0.514" /><testcase classname="backend.tests.test_knowledge_base.TestKnowledgeBaseListEndpoint" name="test_filter_by_division_d3_returns_422" time="0.516" /><testcase classname="backend.tests.test_knowledge_base.TestKnowledgeBaseListEndpoint" name="test_search_by_college_name_stanford" time="0.495" /><testcase classname="backend.tests.test_knowledge_base.TestKnowledgeBaseListEndpoint" name="test_filter_by_region_midwest" time="0.621" /><testcase classname="backend.tests.test_knowledge_base.TestKnowledgeBaseListEndpoint" name="test_filter_by_conference_big_ten" time="0.386" /><testcase classname="backend.tests.test_knowledge_base.TestKnowledgeBaseListEndpoint" name="test_university_data_structure" time="0.847" /><testcase classname="backend.tests.test_knowledge_base.TestKnowledgeBaseFiltersEndpoint" name="test_get_filters_returns_conferences_and_regions" time="0.412" /><testcase classname="backend.tests.test_knowledge_base.TestAddToBoardEndpoint" name="test_add_to_board_with_valid_university" time="1.454" /><testcase classname="backend.tests.test_knowledge_base.TestAddToBoardEndpoint" name="test_add_to_board_missing_university_name" time="0.379" /><testcase classname="backend.tests.test_knowledge_base.TestAddToBoardEndpoint" name="test_add_to_board_nonexistent_university" time="0.421" /><testcase classname="backend.tests.test_knowledge_base.TestSuggestedSchoolsEndpoint" name="test_get_suggested_schools" time="0.392" /><testcase classname="backend.tests.test_knowledge_base.TestCombinedFilters" name="test_division_and_region_filter" time="0.393" /><testcase classname="backend.tests.test_knowledge_base.TestCombinedFilters" name="test_division_and_conference_filter" time="0.398" /></testsuite></testsuites>