<?xml version="1.0" encoding="utf-8"?><testsuites name="pytest tests"><testsuite name="pytest" errors="0" failures="0" skipped="0" tests="12" time="5.719" timestamp="2026-02-14T02:04:06.622414+00:00" hostname="agent-env-7e18ca54-6961-42a2-96ac-8613e0c2d255"><testcase classname="backend.tests.test_match_scores_features.TestMatchScoresAPI" name="test_match_scores_endpoint_returns_200" time="0.613" /><testcase classname="backend.tests.test_match_scores_features.TestMatchScoresAPI" name="test_match_scores_returns_scores_array" time="0.398" /><testcase classname="backend.tests.test_match_scores_features.TestMatchScoresAPI" name="test_match_scores_contains_required_fields" time="0.490" /><testcase classname="backend.tests.test_match_scores_features.TestMatchScoresAPI" name="test_match_scores_values_are_valid" time="0.505" /><testcase classname="backend.tests.test_match_scores_features.TestMatchScoresAPI" name="test_match_scores_sorted_by_score" time="0.392" /><testcase classname="backend.tests.test_match_scores_features.TestSuggestedSchoolsAPI" name="test_suggested_schools_endpoint_returns_200" time="0.395" /><testcase classname="backend.tests.test_match_scores_features.TestSuggestedSchoolsAPI" name="test_suggested_schools_returns_suggestions_array" time="0.377" /><testcase classname="backend.tests.test_match_scores_features.TestSuggestedSchoolsAPI" name="test_suggested_schools_contains_required_fields" time="0.378" /><testcase classname="backend.tests.test_match_scores_features.TestSuggestedSchoolsAPI" name="test_suggested_schools_excludes_pipeline_programs" time="0.891" /><testcase classname="backend.tests.test_match_scores_features.TestSuggestedSchoolsAPI" name="test_suggested_schools_sorted_by_score" time="0.404" /><testcase classname="backend.tests.test_match_scores_features.TestSuggestedSchoolsAPI" name="test_suggested_schools_max_12_results" time="0.396" /><testcase classname="backend.tests.test_match_scores_features.TestAddToBoard" name="test_add_to_board_endpoint_exists" time="0.419" /></testsuite></testsuites>