<?xml version="1.0" encoding="utf-8"?><testsuites name="pytest tests"><testsuite name="pytest" errors="0" failures="0" skipped="0" tests="12" time="61.919" timestamp="2026-02-12T18:09:33.117224+00:00" hostname="agent-env-f4ee35e0-a1d3-4b70-92c7-627d715ffd7f"><testcase classname="backend.tests.test_new_features.TestRemindersEndpoint" name="test_reminders_returns_array_with_total" time="0.524" /><testcase classname="backend.tests.test_new_features.TestRemindersEndpoint" name="test_reminders_requires_auth" time="0.464" /><testcase classname="backend.tests.test_new_features.TestProfileViewsEndpoint" name="test_profile_views_returns_views_array_with_counts" time="0.467" /><testcase classname="backend.tests.test_new_features.TestProfileViewsEndpoint" name="test_profile_views_requires_auth" time="0.355" /><testcase classname="backend.tests.test_new_features.TestPublicScheduleLogsViews" name="test_public_schedule_logs_profile_view" time="1.129" /><testcase classname="backend.tests.test_new_features.TestPublicScheduleLogsViews" name="test_public_schedule_returns_404_for_invalid_tenant" time="0.462" /><testcase classname="backend.tests.test_new_features.TestAIDraftEndpoint" name="test_ai_draft_returns_subject_body_coach_info" time="10.206" /><testcase classname="backend.tests.test_new_features.TestAIDraftEndpoint" name="test_ai_draft_returns_404_for_invalid_program" time="0.849" /><testcase classname="backend.tests.test_new_features.TestAIDraftEndpoint" name="test_ai_draft_requires_auth" time="0.462" /><testcase classname="backend.tests.test_new_features.TestAIDraftEndpoint" name="test_ai_draft_accepts_different_email_types" time="38.719" /><testcase classname="backend.tests.test_new_features.TestAIDraftEndpoint" name="test_ai_draft_with_custom_instructions" time="7.681" /><testcase classname="backend.tests.test_new_features.TestDashboardStatsIntegration" name="test_dashboard_returns_follow_ups_due" time="0.490" /></testsuite></testsuites>