<?xml version="1.0" encoding="utf-8"?><testsuites name="pytest tests"><testsuite name="pytest" errors="0" failures="0" skipped="0" tests="11" time="14.785" timestamp="2026-02-17T16:38:18.284161+00:00" hostname="agent-env-f96333ba-c142-457c-b5f2-6fdf3544e7bf"><testcase classname="backend.tests.test_next_step_card.TestNextStepCardFeature" name="test_journey_timeline_endpoint_returns_timeline" time="1.167" /><testcase classname="backend.tests.test_next_step_card.TestNextStepCardFeature" name="test_timeline_events_have_required_fields" time="0.985" /><testcase classname="backend.tests.test_next_step_card.TestNextStepCardFeature" name="test_camp_interaction_returns_camp_event_type" time="1.112" /><testcase classname="backend.tests.test_next_step_card.TestNextStepCardFeature" name="test_create_camp_interaction_and_verify_timeline" time="1.477" /><testcase classname="backend.tests.test_next_step_card.TestNextStepCardFeature" name="test_create_campus_visit_interaction_and_verify_timeline" time="1.310" /><testcase classname="backend.tests.test_next_step_card.TestNextStepCardFeature" name="test_create_showcase_interaction_and_verify_timeline" time="1.371" /><testcase classname="backend.tests.test_next_step_card.TestNextStepCardFeature" name="test_coach_reply_hides_next_step_card" time="1.341" /><testcase classname="backend.tests.test_next_step_card.TestNextStepCardFeature" name="test_new_school_shows_checklist_not_next_step" time="2.036" /><testcase classname="backend.tests.test_next_step_card.TestNextStepCardFeature" name="test_progress_rail_stages_structure" time="0.978" /><testcase classname="backend.tests.test_next_step_card.TestInteractionTypeMapping" name="test_phone_call_maps_to_phone_call" time="0.981" /><testcase classname="backend.tests.test_next_step_card.TestInteractionTypeMapping" name="test_coach_reply_maps_to_email_received" time="1.963" /></testsuite></testsuites>