<?xml version="1.0" encoding="utf-8"?><testsuites name="pytest tests"><testsuite name="pytest" errors="0" failures="0" skipped="0" tests="20" time="7.473" timestamp="2026-02-22T03:17:25.325016+00:00" hostname="agent-env-d87fdce9-2a40-4966-aa64-1f1e70935feb"><testcase classname="backend.tests.test_nil_intelligence_pipeline.TestNilIntelligenceEndpoint" name="test_nil_endpoint_returns_correct_response_shape" time="0.564" /><testcase classname="backend.tests.test_nil_intelligence_pipeline.TestNilIntelligenceEndpoint" name="test_fgcu_returns_nil_information_limited" time="0.366" /><testcase classname="backend.tests.test_nil_intelligence_pipeline.TestNilIntelligenceEndpoint" name="test_ui_explanation_exact_copy" time="0.340" /><testcase classname="backend.tests.test_nil_intelligence_pipeline.TestNilIntelligenceEndpoint" name="test_ui_guidance_exact_copy" time="0.375" /><testcase classname="backend.tests.test_nil_intelligence_pipeline.TestNilIntelligenceEndpoint" name="test_ui_tooltip_exact_copy" time="0.357" /><testcase classname="backend.tests.test_nil_intelligence_pipeline.TestNilIntelligenceEndpoint" name="test_context_tags_include_ncaa_d1" time="0.340" /><testcase classname="backend.tests.test_nil_intelligence_pipeline.TestNilIntelligenceEndpoint" name="test_context_tags_include_current_nil_era" time="0.340" /><testcase classname="backend.tests.test_nil_intelligence_pipeline.TestNilIntelligenceEndpoint" name="test_generated_by_is_deterministic_when_no_nil_signals" time="0.334" /><testcase classname="backend.tests.test_nil_intelligence_pipeline.TestNilIntelligenceEndpoint" name="test_no_dollar_amounts_in_response" time="0.336" /><testcase classname="backend.tests.test_nil_intelligence_pipeline.TestNilIntelligenceEndpoint" name="test_nil_endpoint_requires_auth" time="0.401" /><testcase classname="backend.tests.test_nil_intelligence_pipeline.TestNilIntelligenceEndpoint" name="test_force_refresh_bypasses_cache" time="0.399" /><testcase classname="backend.tests.test_nil_intelligence_pipeline.TestNilIntelligenceEndpoint" name="test_ui_status_is_info_limited" time="0.332" /><testcase classname="backend.tests.test_nil_intelligence_pipeline.TestNilIntelligenceEndpoint" name="test_ui_status_label_is_information_limited" time="0.482" /><testcase classname="backend.tests.test_nil_intelligence_pipeline.TestNilIntelligenceEndpoint" name="test_involves_is_empty_for_info_limited" time="0.349" /><testcase classname="backend.tests.test_nil_intelligence_pipeline.TestNilIntelligenceEndpoint" name="test_meaning_is_empty_for_info_limited" time="0.350" /><testcase classname="backend.tests.test_nil_intelligence_pipeline.TestNilReadinessAllowedLabels" name="test_nil_label_is_one_of_allowed_labels" time="0.362" /><testcase classname="backend.tests.test_nil_intelligence_pipeline.TestOtherCardsStillWork" name="test_timeline_endpoint_works" time="0.333" /><testcase classname="backend.tests.test_nil_intelligence_pipeline.TestOtherCardsStillWork" name="test_roster_endpoint_works" time="0.338" /><testcase classname="backend.tests.test_nil_intelligence_pipeline.TestOtherCardsStillWork" name="test_scholarship_endpoint_works" time="0.350" /><testcase classname="backend.tests.test_nil_intelligence_pipeline.TestOtherCardsStillWork" name="test_school_insight_endpoint_works" time="0.338" /></testsuite></testsuites>