<?xml version="1.0" encoding="utf-8"?><testsuites name="pytest tests"><testsuite name="pytest" errors="0" failures="0" skipped="0" tests="16" time="1.572" timestamp="2026-02-21T14:46:44.436940+00:00" hostname="agent-env-64167774-4af4-49f6-a0e7-20be95bfbcb2"><testcase classname="backend.tests.test_nil_readiness.TestMatchScoresNIL" name="test_match_scores_returns_nil_object" time="0.515" /><testcase classname="backend.tests.test_nil_readiness.TestMatchScoresNIL" name="test_nil_has_required_fields" time="0.150" /><testcase classname="backend.tests.test_nil_readiness.TestMatchScoresNIL" name="test_nil_status_is_valid" time="0.085" /><testcase classname="backend.tests.test_nil_readiness.TestMatchScoresNIL" name="test_nil_guidance_is_list" time="0.062" /><testcase classname="backend.tests.test_nil_readiness.TestMatchScoresNIL" name="test_nil_label_is_parent_safe" time="0.042" /><testcase classname="backend.tests.test_nil_readiness.TestSuggestedSchoolsNIL" name="test_suggested_schools_returns_nil" time="0.196" /><testcase classname="backend.tests.test_nil_readiness.TestRiskBadgesNIL" name="test_risk_badges_returns_nil" time="0.045" /><testcase classname="backend.tests.test_nil_readiness.TestRiskBadgesNIL" name="test_risk_badges_nil_has_all_fields" time="0.045" /><testcase classname="backend.tests.test_nil_readiness.TestRiskBadgesNIL" name="test_risk_badges_also_returns_other_intelligence" time="0.043" /><testcase classname="backend.tests.test_nil_readiness.TestNILStatusLogic" name="test_d1_non_power_asun_gets_limited" time="0.049" /><testcase classname="backend.tests.test_nil_readiness.TestNILStatusLogic" name="test_d2_gets_limited" time="0.046" /><testcase classname="backend.tests.test_nil_readiness.TestNILStatusLogic" name="test_nil_explanation_is_informative" time="0.041" /><testcase classname="backend.tests.test_nil_readiness.TestNILStatusLogic" name="test_nil_tooltip_explains_determination" time="0.040" /><testcase classname="backend.tests.test_nil_readiness.TestNILGuidanceBullets" name="test_limited_has_appropriate_guidance" time="0.040" /><testcase classname="backend.tests.test_nil_readiness.TestNILGuidanceBullets" name="test_guidance_bullets_are_strings" time="0.040" /><testcase classname="backend.tests.test_nil_readiness.TestMatchScoresWithNIL" name="test_match_scores_contains_d1_asun_with_limited_nil" time="0.042" /></testsuite></testsuites>