<?xml version="1.0" encoding="utf-8"?><testsuites name="pytest tests"><testsuite name="pytest" errors="0" failures="0" skipped="0" tests="10" time="11.237" timestamp="2026-02-21T22:40:11.946218+00:00" hostname="agent-env-bf122cc6-3682-4c10-aea4-687295ad2086"><testcase classname="backend.tests.test_nil_readiness.TestNilReadinessAPI" name="test_match_scores_returns_nil_data" time="1.254" /><testcase classname="backend.tests.test_nil_readiness.TestNilReadinessAPI" name="test_nil_has_status_label" time="1.159" /><testcase classname="backend.tests.test_nil_readiness.TestNilReadinessAPI" name="test_nil_has_involves_array" time="1.010" /><testcase classname="backend.tests.test_nil_readiness.TestNilReadinessAPI" name="test_nil_has_meaning_text" time="1.081" /><testcase classname="backend.tests.test_nil_readiness.TestNilReadinessAPI" name="test_nil_has_context_tags" time="1.050" /><testcase classname="backend.tests.test_nil_readiness.TestNilReadinessAPI" name="test_d1_school_status_is_emerging_support" time="1.073" /><testcase classname="backend.tests.test_nil_readiness.TestNilReadinessAPI" name="test_d2_school_status_is_limited_availability" time="1.077" /><testcase classname="backend.tests.test_nil_readiness.TestNilReadinessAPI" name="test_nil_has_all_required_fields" time="1.004" /><testcase classname="backend.tests.test_nil_readiness.TestNilReadinessAPI" name="test_context_tags_include_roster_limit" time="1.064" /><testcase classname="backend.tests.test_nil_readiness.TestNilReadinessRiskBadges" name="test_risk_badges_includes_nil_data" time="1.382" /></testsuite></testsuites>