<?xml version="1.0" encoding="utf-8"?><testsuites name="pytest tests"><testsuite name="pytest" errors="0" failures="0" skipped="0" tests="11" time="18.045" timestamp="2026-02-17T18:17:45.148427+00:00" hostname="agent-env-da231244-79ac-494e-8255-c68e9550afaf"><testcase classname="tests.test_notes.TestNotesAPI" name="test_list_notes_returns_correct_structure" time="1.149" /><testcase classname="tests.test_notes.TestNotesAPI" name="test_create_note_success" time="1.375" /><testcase classname="tests.test_notes.TestNotesAPI" name="test_create_note_empty_content_fails" time="1.015" /><testcase classname="tests.test_notes.TestNotesAPI" name="test_create_note_invalid_program_fails" time="1.133" /><testcase classname="tests.test_notes.TestNotesAPI" name="test_pin_note" time="2.068" /><testcase classname="tests.test_notes.TestNotesAPI" name="test_unpin_note" time="2.516" /><testcase classname="tests.test_notes.TestNotesAPI" name="test_edit_note_content" time="2.132" /><testcase classname="tests.test_notes.TestNotesAPI" name="test_edit_note_not_found" time="0.974" /><testcase classname="tests.test_notes.TestNotesAPI" name="test_delete_note" time="1.871" /><testcase classname="tests.test_notes.TestNotesAPI" name="test_delete_note_not_found" time="0.993" /><testcase classname="tests.test_notes.TestNotesAPI" name="test_pinned_notes_appear_first" time="2.740" /></testsuite></testsuites>