<?xml version="1.0" encoding="utf-8"?><testsuites name="pytest tests"><testsuite name="pytest" errors="0" failures="0" skipped="0" tests="16" time="13.973" timestamp="2026-02-12T20:23:00.285585+00:00" hostname="agent-env-67b11a0f-89d7-4ba9-a073-ea7620b00ace"><testcase classname="backend.tests.test_onboarding_features.TestPublicEndpoints" name="test_api_root_returns_message" time="0.525" /><testcase classname="backend.tests.test_onboarding_features.TestPublicEndpoints" name="test_knowledge_base_returns_universities" time="0.456" /><testcase classname="backend.tests.test_onboarding_features.TestPublicEndpoints" name="test_knowledge_base_filter_by_division" time="0.780" /><testcase classname="backend.tests.test_onboarding_features.TestAuthRequiredEndpoints" name="test_athlete_profile_requires_auth" time="0.343" /><testcase classname="backend.tests.test_onboarding_features.TestAuthRequiredEndpoints" name="test_gmail_status_requires_auth" time="0.772" /><testcase classname="backend.tests.test_onboarding_features.TestAuthRequiredEndpoints" name="test_dashboard_requires_auth" time="0.342" /><testcase classname="backend.tests.test_onboarding_features.TestAuthRequiredEndpoints" name="test_programs_requires_auth" time="0.454" /><testcase classname="backend.tests.test_onboarding_features.TestAuthRequiredEndpoints" name="test_events_requires_auth" time="0.344" /><testcase classname="backend.tests.test_onboarding_features.TestAuthRequiredEndpoints" name="test_reminders_requires_auth" time="0.449" /><testcase classname="backend.tests.test_onboarding_features.TestAuthRequiredEndpoints" name="test_profile_views_requires_auth" time="0.444" /><testcase classname="backend.tests.test_onboarding_features.TestAuthenticatedEndpoints" name="test_auth_me_with_valid_session" time="2.965" /><testcase classname="backend.tests.test_onboarding_features.TestAuthenticatedEndpoints" name="test_dashboard_with_valid_session" time="1.232" /><testcase classname="backend.tests.test_onboarding_features.TestAuthenticatedEndpoints" name="test_athlete_profile_with_valid_session" time="1.216" /><testcase classname="backend.tests.test_onboarding_features.TestAuthenticatedEndpoints" name="test_gmail_status_with_valid_session" time="1.131" /><testcase classname="backend.tests.test_onboarding_features.TestAuthenticatedEndpoints" name="test_programs_with_valid_session" time="1.136" /><testcase classname="backend.tests.test_onboarding_features.TestAuthenticatedEndpoints" name="test_events_with_valid_session" time="1.302" /></testsuite></testsuites>