<?xml version="1.0" encoding="utf-8"?><testsuites name="pytest tests"><testsuite name="pytest" errors="0" failures="0" skipped="0" tests="24" time="17.263" timestamp="2026-02-13T19:45:55.447742+00:00" hostname="agent-env-9c56785d-1bbc-4a9b-99a8-19a2bb8733a7"><testcase classname="backend.tests.test_pipeline_journey.TestPipelinePage" name="test_get_all_programs" time="0.341" /><testcase classname="backend.tests.test_pipeline_journey.TestPipelinePage" name="test_programs_have_required_fields" time="0.060" /><testcase classname="backend.tests.test_pipeline_journey.TestPipelinePage" name="test_programs_distributed_across_statuses" time="0.750" /><testcase classname="backend.tests.test_pipeline_journey.TestPipelinePage" name="test_filter_programs_by_division" time="0.061" /><testcase classname="backend.tests.test_pipeline_journey.TestPipelinePage" name="test_search_programs" time="0.053" /><testcase classname="backend.tests.test_pipeline_journey.TestDueDateColorCoding" name="test_programs_have_due_dates" time="0.049" /><testcase classname="backend.tests.test_pipeline_journey.TestDueDateColorCoding" name="test_update_due_date" time="0.175" /><testcase classname="backend.tests.test_pipeline_journey.TestJourneyPage" name="test_get_program_details" time="0.061" /><testcase classname="backend.tests.test_pipeline_journey.TestJourneyPage" name="test_get_journey_timeline" time="0.059" /><testcase classname="backend.tests.test_pipeline_journey.TestJourneyPage" name="test_journey_timeline_no_datetime_errors" time="0.072" /><testcase classname="backend.tests.test_pipeline_journey.TestJourneyPage" name="test_program_not_found" time="0.094" /><testcase classname="backend.tests.test_pipeline_journey.TestStatusUpdates" name="test_update_recruiting_status" time="0.159" /><testcase classname="backend.tests.test_pipeline_journey.TestStatusUpdates" name="test_update_reply_status" time="0.045" /><testcase classname="backend.tests.test_pipeline_journey.TestStatusUpdates" name="test_update_priority" time="0.047" /><testcase classname="backend.tests.test_pipeline_journey.TestStatusUpdates" name="test_update_interest_levels" time="0.292" /><testcase classname="backend.tests.test_pipeline_journey.TestInteractionLogging" name="test_create_interaction" time="0.554" /><testcase classname="backend.tests.test_pipeline_journey.TestInteractionLogging" name="test_interaction_appears_in_journey" time="0.100" /><testcase classname="backend.tests.test_pipeline_journey.TestCoachManagement" name="test_get_coaches_for_program" time="0.082" /><testcase classname="backend.tests.test_pipeline_journey.TestCoachManagement" name="test_create_coach" time="0.123" /><testcase classname="backend.tests.test_pipeline_journey.TestFollowUpScheduler" name="test_update_follow_up" time="0.085" /><testcase classname="backend.tests.test_pipeline_journey.TestNotifications" name="test_get_notifications" time="0.499" /><testcase classname="backend.tests.test_pipeline_journey.TestNotifications" name="test_notification_has_program_id" time="0.057" /><testcase classname="backend.tests.test_pipeline_journey.TestAIEndpoints" name="test_ai_journey_summary_endpoint" time="7.686" /><testcase classname="backend.tests.test_pipeline_journey.TestAIEndpoints" name="test_ai_draft_email_endpoint" time="5.642" /></testsuite></testsuites>