<?xml version="1.0" encoding="utf-8"?><testsuites name="pytest tests"><testsuite name="pytest" errors="0" failures="1" skipped="0" tests="14" time="50.578" timestamp="2026-02-16T01:36:59.746953+00:00" hostname="agent-env-4c19e4d6-bd31-4dc8-a119-b44c22d81c2d"><testcase classname="backend.tests.test_premium_ai_gating.TestUpdatedSubscriptionTiers" name="test_starter_user_subscription" time="1.398" /><testcase classname="backend.tests.test_premium_ai_gating.TestUpdatedSubscriptionTiers" name="test_pro_user_subscription_no_ai" time="1.015" /><testcase classname="backend.tests.test_premium_ai_gating.TestUpdatedSubscriptionTiers" name="test_premium_user_subscription_all_ai" time="0.997" /><testcase classname="backend.tests.test_premium_ai_gating.TestOutreachAnalysisGating" name="test_starter_user_gets_403_for_outreach_analysis" time="0.466" /><testcase classname="backend.tests.test_premium_ai_gating.TestOutreachAnalysisGating" name="test_pro_user_gets_403_for_outreach_analysis" time="0.371" /><testcase classname="backend.tests.test_premium_ai_gating.TestOutreachAnalysisGating" name="test_premium_user_can_access_outreach_analysis" time="0.387" /><testcase classname="backend.tests.test_premium_ai_gating.TestDraftEmailGating" name="test_starter_user_gets_403_for_draft_email" time="0.458" /><testcase classname="backend.tests.test_premium_ai_gating.TestDraftEmailGating" name="test_pro_user_gets_403_for_draft_email" time="0.372" /><testcase classname="backend.tests.test_premium_ai_gating.TestAIAssistantGating" name="test_starter_user_gets_403_for_assistant" time="0.512" /><testcase classname="backend.tests.test_premium_ai_gating.TestAIAssistantGating" name="test_pro_user_gets_403_for_assistant" time="0.361" /><testcase classname="backend.tests.test_premium_ai_gating.TestSubscriptionTiersAPI" name="test_subscription_tiers_pro_no_ai_drafts_feature" time="0.377"><failure message="AttributeError: 'list' object has no attribute 'get'">backend/tests/test_premium_ai_gating.py:203: in test_subscription_tiers_pro_no_ai_drafts_feature
    pro_tier = tiers.get("pro", {})
               ^^^^^^^^^
E   AttributeError: 'list' object has no attribute 'get'</failure></testcase><testcase classname="backend.tests.test_premium_ai_gating.TestHighlightAdvisorGating" name="test_starter_user_gets_403_for_highlight_advice" time="0.450" /><testcase classname="backend.tests.test_premium_ai_gating.TestHighlightAdvisorGating" name="test_pro_user_gets_403_for_highlight_advice" time="0.520" /><testcase classname="backend.tests.test_premium_ai_gating.TestHighlightAdvisorGating" name="test_premium_user_can_access_highlight_advice" time="42.802" /></testsuite></testsuites>