<?xml version="1.0" encoding="utf-8"?><testsuites name="pytest tests"><testsuite name="pytest" errors="0" failures="0" skipped="0" tests="14" time="45.489" timestamp="2026-02-16T01:39:22.381895+00:00" hostname="agent-env-4c19e4d6-bd31-4dc8-a119-b44c22d81c2d"><testcase classname="backend.tests.test_premium_ai_gating.TestUpdatedSubscriptionTiers" name="test_starter_user_subscription" time="1.254" /><testcase classname="backend.tests.test_premium_ai_gating.TestUpdatedSubscriptionTiers" name="test_pro_user_subscription_no_ai" time="1.125" /><testcase classname="backend.tests.test_premium_ai_gating.TestUpdatedSubscriptionTiers" name="test_premium_user_subscription_all_ai" time="0.992" /><testcase classname="backend.tests.test_premium_ai_gating.TestOutreachAnalysisGating" name="test_starter_user_gets_403_for_outreach_analysis" time="0.366" /><testcase classname="backend.tests.test_premium_ai_gating.TestOutreachAnalysisGating" name="test_pro_user_gets_403_for_outreach_analysis" time="0.372" /><testcase classname="backend.tests.test_premium_ai_gating.TestOutreachAnalysisGating" name="test_premium_user_can_access_outreach_analysis" time="0.347" /><testcase classname="backend.tests.test_premium_ai_gating.TestDraftEmailGating" name="test_starter_user_gets_403_for_draft_email" time="0.361" /><testcase classname="backend.tests.test_premium_ai_gating.TestDraftEmailGating" name="test_pro_user_gets_403_for_draft_email" time="0.348" /><testcase classname="backend.tests.test_premium_ai_gating.TestAIAssistantGating" name="test_starter_user_gets_403_for_assistant" time="0.362" /><testcase classname="backend.tests.test_premium_ai_gating.TestAIAssistantGating" name="test_pro_user_gets_403_for_assistant" time="0.345" /><testcase classname="backend.tests.test_premium_ai_gating.TestSubscriptionTiersAPI" name="test_subscription_tiers_pro_no_ai_drafts_feature" time="0.344" /><testcase classname="backend.tests.test_premium_ai_gating.TestHighlightAdvisorGating" name="test_starter_user_gets_403_for_highlight_advice" time="0.357" /><testcase classname="backend.tests.test_premium_ai_gating.TestHighlightAdvisorGating" name="test_pro_user_gets_403_for_highlight_advice" time="0.346" /><testcase classname="backend.tests.test_premium_ai_gating.TestHighlightAdvisorGating" name="test_premium_user_can_access_highlight_advice" time="38.502" /></testsuite></testsuites>