<?xml version="1.0" encoding="utf-8"?><testsuites name="pytest tests"><testsuite name="pytest" errors="0" failures="0" skipped="0" tests="12" time="4.868" timestamp="2026-02-20T04:14:23.222674+00:00" hostname="agent-env-a1e82da0-6630-4d13-94ae-52d9efd7eb28"><testcase classname="backend.tests.test_privacy_security.TestPrivacyPreferences" name="test_get_privacy_preferences_returns_default_for_new_users" time="0.458" /><testcase classname="backend.tests.test_privacy_security.TestPrivacyPreferences" name="test_update_inbound_email_scanning_toggle_off" time="0.413" /><testcase classname="backend.tests.test_privacy_security.TestPrivacyPreferences" name="test_update_inbound_email_scanning_toggle_on" time="0.420" /><testcase classname="backend.tests.test_privacy_security.TestPrivacyPreferences" name="test_record_gmail_consent_given_with_timestamp" time="0.365" /><testcase classname="backend.tests.test_privacy_security.TestPrivacyPreferences" name="test_unauthenticated_access_denied" time="0.494" /><testcase classname="backend.tests.test_privacy_security.TestDataExport" name="test_export_data_returns_all_user_data_as_json" time="0.338" /><testcase classname="backend.tests.test_privacy_security.TestDataExport" name="test_export_data_unauthenticated_denied" time="0.365" /><testcase classname="backend.tests.test_privacy_security.TestAccountDeletion" name="test_delete_account_endpoint_exists_and_requires_auth" time="0.362" /><testcase classname="backend.tests.test_privacy_security.TestAccountDeletion" name="test_delete_account_endpoint_is_callable" time="0.291" /><testcase classname="backend.tests.test_privacy_security.TestTemporaryUserDeletion" name="test_create_and_delete_temp_user" time="0.553" /><testcase classname="backend.tests.test_privacy_security.TestGmailRouteEncryption" name="test_gmail_status_endpoint_exists" time="0.367" /><testcase classname="backend.tests.test_privacy_security.TestGmailRouteEncryption" name="test_gmail_connect_requires_pro_subscription" time="0.370" /></testsuite></testsuites>