<?xml version="1.0" encoding="utf-8"?><testsuites name="pytest tests"><testsuite name="pytest" errors="0" failures="0" skipped="0" tests="11" time="24.208" timestamp="2026-02-16T04:14:45.922211+00:00" hostname="agent-env-2c4868ce-5fe3-4373-8bc1-431f1bde5aef"><testcase classname="backend.tests.test_pro_ai_gating_comprehensive.TestProUserSubscriptionVerification" name="test_pro_user_has_zero_ai_drafts" time="1.196" /><testcase classname="backend.tests.test_pro_ai_gating_comprehensive.TestProUserAINextStepGating" name="test_pro_user_gets_403_for_next_step" time="0.887" /><testcase classname="backend.tests.test_pro_ai_gating_comprehensive.TestProUserAIDraftEmailGating" name="test_pro_user_gets_403_for_draft_email_intro" time="0.357" /><testcase classname="backend.tests.test_pro_ai_gating_comprehensive.TestProUserAIDraftEmailGating" name="test_pro_user_gets_403_for_draft_email_follow_up" time="0.484" /><testcase classname="backend.tests.test_pro_ai_gating_comprehensive.TestProUserAIDraftEmailGating" name="test_pro_user_gets_403_for_draft_email_thank_you" time="0.351" /><testcase classname="backend.tests.test_pro_ai_gating_comprehensive.TestProUserAIDraftEmailGating" name="test_pro_user_gets_403_for_draft_email_interest_update" time="0.377" /><testcase classname="backend.tests.test_pro_ai_gating_comprehensive.TestProUserAIJourneySummaryGating" name="test_pro_user_gets_403_for_journey_summary" time="0.360" /><testcase classname="backend.tests.test_pro_ai_gating_comprehensive.TestPremiumUserSubscriptionVerification" name="test_premium_user_has_unlimited_ai_drafts" time="0.986" /><testcase classname="backend.tests.test_pro_ai_gating_comprehensive.TestPremiumUserCanAccessAI" name="test_premium_user_can_call_next_step" time="5.402" /><testcase classname="backend.tests.test_pro_ai_gating_comprehensive.TestPremiumUserCanAccessAI" name="test_premium_user_can_call_draft_email" time="6.732" /><testcase classname="backend.tests.test_pro_ai_gating_comprehensive.TestPremiumUserCanAccessAI" name="test_premium_user_can_call_journey_summary" time="6.945" /></testsuite></testsuites>