<?xml version="1.0" encoding="utf-8"?><testsuites name="pytest tests"><testsuite name="pytest" errors="0" failures="0" skipped="0" tests="12" time="13.006" timestamp="2026-02-18T15:06:48.041726+00:00" hostname="agent-env-e1b86873-9158-4609-a651-aabd7712ab38"><testcase classname="backend.tests.test_profile_page.TestProfilePageAPIs" name="test_get_athlete_profile" time="1.335" /><testcase classname="backend.tests.test_profile_page.TestProfilePageAPIs" name="test_update_athlete_profile_height" time="1.039" /><testcase classname="backend.tests.test_profile_page.TestProfilePageAPIs" name="test_update_athlete_profile_graduation_year" time="1.023" /><testcase classname="backend.tests.test_profile_page.TestProfilePageAPIs" name="test_update_hudl_profile_url" time="1.030" /><testcase classname="backend.tests.test_profile_page.TestProfilePageAPIs" name="test_update_multiple_fields" time="1.007" /><testcase classname="backend.tests.test_profile_page.TestProfilePageAPIs" name="test_get_share_link" time="1.039" /><testcase classname="backend.tests.test_profile_page.TestProfilePageAPIs" name="test_first_reply_celebration_status" time="1.025" /><testcase classname="backend.tests.test_profile_page.TestProfilePageAPIs" name="test_dismiss_first_reply_celebration" time="1.379" /><testcase classname="backend.tests.test_profile_page.TestProfileCompleteness" name="test_all_profile_fields_saveable" time="1.013" /><testcase classname="backend.tests.test_profile_page.TestProfileFieldMapping" name="test_section_contact_fields" time="1.015" /><testcase classname="backend.tests.test_profile_page.TestProfileFieldMapping" name="test_section_measurables_fields" time="1.010" /><testcase classname="backend.tests.test_profile_page.TestProfileFieldMapping" name="test_section_team_location_fields" time="1.019" /></testsuite></testsuites>