<?xml version="1.0" encoding="utf-8"?><testsuites name="pytest tests"><testsuite name="pytest" errors="0" failures="0" skipped="0" tests="11" time="6.826" timestamp="2026-02-17T15:19:49.973376+00:00" hostname="agent-env-f96333ba-c142-457c-b5f2-6fdf3544e7bf"><testcase classname="backend.tests.test_progress_rail_cascade.TestProgressRailStructure" name="test_journey_rail_structure" time="1.310" /><testcase classname="backend.tests.test_progress_rail_cascade.TestProgressRailStructure" name="test_auto_detection_from_signals" time="0.366" /><testcase classname="backend.tests.test_progress_rail_cascade.TestProgressRailStructure" name="test_pulse_indicator_values" time="0.356" /><testcase classname="backend.tests.test_progress_rail_cascade.TestProgressRailCascadeFill" name="test_cascade_fill_campus_visit" time="0.699" /><testcase classname="backend.tests.test_progress_rail_cascade.TestProgressRailCascadeFill" name="test_cascade_fill_offer" time="0.762" /><testcase classname="backend.tests.test_progress_rail_cascade.TestProgressRailCascadeFill" name="test_undo_manual_override" time="1.075" /><testcase classname="backend.tests.test_progress_rail_cascade.TestProgressRailLineFill" name="test_line_fill_no_gaps" time="0.750" /><testcase classname="backend.tests.test_progress_rail_cascade.TestJourneyTimeline" name="test_journey_timeline_structure" time="0.363" /><testcase classname="backend.tests.test_progress_rail_cascade.TestJourneyTimeline" name="test_timeline_event_types" time="0.364" /><testcase classname="backend.tests.test_progress_rail_cascade.TestBoardGroupInConversation" name="test_in_conversation_state" time="0.348" /><testcase classname="backend.tests.test_progress_rail_cascade.TestCleanup" name="test_cleanup_reset_journey_stage" time="0.367" /></testsuite></testsuites>