<?xml version="1.0" encoding="utf-8"?><testsuites name="pytest tests"><testsuite name="pytest" errors="0" failures="0" skipped="0" tests="15" time="13.953" timestamp="2026-03-02T21:04:40.588747+00:00" hostname="agent-env-410f26d0-bab7-48aa-a2d7-92585ebdc99a"><testcase classname="backend.tests.test_public_athlete_profile.TestPublicAthleteProfile" name="test_auth_login_returns_session_token" time="0.809" /><testcase classname="backend.tests.test_public_athlete_profile.TestPublicAthleteProfile" name="test_get_sharing_settings" time="1.215" /><testcase classname="backend.tests.test_public_athlete_profile.TestPublicAthleteProfile" name="test_put_sharing_generates_slug" time="0.433" /><testcase classname="backend.tests.test_public_athlete_profile.TestPublicAthleteProfile" name="test_put_sharing_updates_visibility_toggles" time="1.238" /><testcase classname="backend.tests.test_public_athlete_profile.TestPublicAthleteProfile" name="test_public_profile_returns_data" time="1.035" /><testcase classname="backend.tests.test_public_athlete_profile.TestPublicAthleteProfile" name="test_public_profile_contains_expected_sections" time="1.300" /><testcase classname="backend.tests.test_public_athlete_profile.TestPublicAthleteProfile" name="test_public_profile_not_found" time="0.413" /><testcase classname="backend.tests.test_public_athlete_profile.TestPublicAthleteProfile" name="test_public_profile_respects_visibility_toggle" time="1.780" /><testcase classname="backend.tests.test_public_athlete_profile.TestPublicAthleteProfile" name="test_record_profile_view" time="3.121" /><testcase classname="backend.tests.test_public_athlete_profile.TestPublicAthleteProfile" name="test_record_view_nonexistent_slug" time="0.436" /><testcase classname="backend.tests.test_public_athlete_profile.TestPublicAthleteProfile" name="test_analytics_returns_data" time="0.425" /><testcase classname="backend.tests.test_public_athlete_profile.TestPublicAthleteProfile" name="test_analytics_requires_auth" time="0.402" /><testcase classname="backend.tests.test_public_athlete_profile.TestPublicAthleteProfile" name="test_analytics_recent_views_structure" time="0.396" /><testcase classname="backend.tests.test_public_athlete_profile.TestPublicAthleteProfile" name="test_pdf_download" time="0.463" /><testcase classname="backend.tests.test_public_athlete_profile.TestPublicAthleteProfile" name="test_pdf_nonexistent_slug" time="0.414" /></testsuite></testsuites>