<?xml version="1.0" encoding="utf-8"?><testsuites name="pytest tests"><testsuite name="pytest" errors="0" failures="0" skipped="0" tests="14" time="7.401" timestamp="2026-02-12T07:57:52.006256+00:00" hostname="agent-env-04040d9a-8ce9-4c89-9306-5a718160ca20"><testcase classname="tests.test_gmail_routes.TestGmailRouteRegistration" name="test_gmail_status_returns_401_unauthenticated" time="0.507" /><testcase classname="tests.test_gmail_routes.TestGmailRouteRegistration" name="test_gmail_connect_returns_401_unauthenticated" time="0.344" /><testcase classname="tests.test_gmail_routes.TestGmailRouteRegistration" name="test_gmail_disconnect_returns_401_unauthenticated" time="0.446" /><testcase classname="tests.test_gmail_routes.TestGmailRouteRegistration" name="test_gmail_emails_returns_401_unauthenticated" time="0.448" /><testcase classname="tests.test_gmail_routes.TestGmailRouteRegistration" name="test_gmail_send_returns_422_missing_fields" time="0.344" /><testcase classname="tests.test_gmail_routes.TestGmailRouteRegistration" name="test_gmail_send_returns_401_with_valid_body" time="0.763" /><testcase classname="tests.test_gmail_routes.TestGmailRouteRegistration" name="test_gmail_thread_returns_401_unauthenticated" time="0.454" /><testcase classname="tests.test_gmail_routes.TestGmailRouteRegistration" name="test_gmail_email_by_id_returns_401_unauthenticated" time="0.344" /><testcase classname="tests.test_gmail_routes.TestGmailRouteRegistration" name="test_gmail_reply_returns_422_missing_fields" time="0.343" /><testcase classname="tests.test_gmail_routes.TestGmailRouteRegistration" name="test_gmail_toggle_read_returns_401_unauthenticated" time="0.769" /><testcase classname="tests.test_gmail_routes.TestExistingCRMEndpoints" name="test_api_root" time="0.776" /><testcase classname="tests.test_gmail_routes.TestExistingCRMEndpoints" name="test_auth_me_returns_401_unauthenticated" time="0.797" /><testcase classname="tests.test_gmail_routes.TestExistingCRMEndpoints" name="test_programs_returns_401_unauthenticated" time="0.346" /><testcase classname="tests.test_gmail_routes.TestExistingCRMEndpoints" name="test_knowledge_base_returns_200" time="0.660" /></testsuite></testsuites>