<?xml version="1.0" encoding="utf-8"?><testsuites name="pytest tests"><testsuite name="pytest" errors="0" failures="0" skipped="0" tests="7" time="6.757" timestamp="2026-02-14T01:51:37.682722+00:00" hostname="agent-env-7e18ca54-6961-42a2-96ac-8613e0c2d255"><testcase classname="backend.tests.test_onboarding_questionnaire.TestRecruitingProfileAPI" name="test_get_recruiting_profile_initial_state" time="1.207" /><testcase classname="backend.tests.test_onboarding_questionnaire.TestRecruitingProfileAPI" name="test_post_recruiting_profile_saves_data" time="0.505" /><testcase classname="backend.tests.test_onboarding_questionnaire.TestRecruitingProfileAPI" name="test_get_recruiting_profile_after_save" time="1.086" /><testcase classname="backend.tests.test_onboarding_questionnaire.TestMatchScoresAPI" name="test_get_match_scores_returns_scores" time="0.392" /><testcase classname="backend.tests.test_onboarding_questionnaire.TestMatchScoresAPI" name="test_match_scores_after_profile_update" time="0.808" /><testcase classname="backend.tests.test_onboarding_questionnaire.TestQuestionnaireCompletedFlow" name="test_reset_and_verify_not_completed" time="1.223" /><testcase classname="backend.tests.test_onboarding_questionnaire.TestQuestionnaireCompletedFlow" name="test_complete_questionnaire_flow" time="1.486" /></testsuite></testsuites>