<?xml version="1.0" encoding="utf-8"?><testsuites name="pytest tests"><testsuite name="pytest" errors="0" failures="0" skipped="0" tests="8" time="1.309" timestamp="2026-02-24T22:06:01.175396+00:00" hostname="agent-env-a82293ad-c63e-410c-944b-23afbf2e702a"><testcase classname="backend.tests.test_questionnaire_tracking.TestQuestionnaireEnrichment" name="test_get_programs_list_includes_questionnaire_url" time="0.465" /><testcase classname="backend.tests.test_questionnaire_tracking.TestQuestionnaireEnrichment" name="test_get_single_program_includes_questionnaire_url" time="0.092" /><testcase classname="backend.tests.test_questionnaire_tracking.TestQuestionnaireToggle" name="test_mark_questionnaire_complete" time="0.190" /><testcase classname="backend.tests.test_questionnaire_tracking.TestQuestionnaireToggle" name="test_mark_questionnaire_incomplete" time="0.182" /><testcase classname="backend.tests.test_questionnaire_tracking.TestQuestionnaireToggle" name="test_toggle_questionnaire_nonexistent_program" time="0.046" /><testcase classname="backend.tests.test_questionnaire_tracking.TestQuestionnaireToggle" name="test_toggle_questionnaire_requires_auth" time="0.164" /><testcase classname="backend.tests.test_questionnaire_tracking.TestQuestionnaireFieldValidation" name="test_programs_without_questionnaire_url_have_null_field" time="0.050" /><testcase classname="backend.tests.test_questionnaire_tracking.TestQuestionnaireFieldValidation" name="test_questionnaire_completed_field_present_in_programs" time="0.054" /></testsuite></testsuites>