<?xml version="1.0" encoding="utf-8"?><testsuites name="pytest tests"><testsuite name="pytest" errors="0" failures="0" skipped="0" tests="7" time="15.785" timestamp="2026-02-19T21:09:43.644899+00:00" hostname="agent-env-5dde0985-63e8-4c66-bc3d-aca0a185bfde"><testcase classname="backend.tests.test_questionnaire_url.TestQuestionnaireUrlDiscovery" name="test_school_endpoint_returns_questionnaire_url_for_ucla" time="1.265" /><testcase classname="backend.tests.test_questionnaire_url.TestQuestionnaireUrlDiscovery" name="test_school_endpoint_returns_questionnaire_url_for_utexas" time="2.362" /><testcase classname="backend.tests.test_questionnaire_url.TestQuestionnaireUrlDiscovery" name="test_questionnaire_url_caching" time="1.711" /><testcase classname="backend.tests.test_questionnaire_url.TestQuestionnaireUrlDiscovery" name="test_questionnaire_url_from_valid_domain" time="2.457" /><testcase classname="backend.tests.test_questionnaire_url.TestQuestionnaireUrlDiscovery" name="test_school_without_volleyball_program_returns_404" time="0.352" /><testcase classname="backend.tests.test_questionnaire_url.TestQuestionnaireUrlEdgeCases" name="test_questionnaire_url_field_exists_even_if_null" time="0.353" /><testcase classname="backend.tests.test_questionnaire_url.TestQuestionnaireUrlEdgeCases" name="test_multiple_schools_questionnaire_urls" time="7.168" /></testsuite></testsuites>