<?xml version="1.0" encoding="utf-8"?><testsuites name="pytest tests"><testsuite name="pytest" errors="0" failures="0" skipped="0" tests="14" time="1.546" timestamp="2026-02-21T12:48:16.476080+00:00" hostname="agent-env-64167774-4af4-49f6-a0e7-20be95bfbcb2"><testcase classname="backend.tests.test_risk_badges.TestMatchScoresRiskBadges" name="test_match_scores_returns_risk_badges_array" time="0.625" /><testcase classname="backend.tests.test_risk_badges.TestMatchScoresRiskBadges" name="test_d1_school_has_roster_tight_badge" time="0.045" /><testcase classname="backend.tests.test_risk_badges.TestMatchScoresRiskBadges" name="test_d2_naia_d3_schools_have_funding_dependent_badge" time="0.043" /><testcase classname="backend.tests.test_risk_badges.TestMatchScoresRiskBadges" name="test_risk_badge_structure" time="0.039" /><testcase classname="backend.tests.test_risk_badges.TestRiskBadgesEndpoint" name="test_risk_badges_endpoint_exists" time="0.040" /><testcase classname="backend.tests.test_risk_badges.TestRiskBadgesEndpoint" name="test_risk_badges_for_d1_program" time="0.039" /><testcase classname="backend.tests.test_risk_badges.TestRiskBadgesEndpoint" name="test_risk_badges_for_d2_program" time="0.085" /><testcase classname="backend.tests.test_risk_badges.TestRiskBadgesEndpoint" name="test_nonexistent_program_returns_empty" time="0.041" /><testcase classname="backend.tests.test_risk_badges.TestSuggestedSchoolsRiskBadges" name="test_suggested_schools_returns_risk_badges" time="0.120" /><testcase classname="backend.tests.test_risk_badges.TestSuggestedSchoolsRiskBadges" name="test_suggested_d1_schools_have_roster_tight" time="0.111" /><testcase classname="backend.tests.test_risk_badges.TestSuggestedSchoolsRiskBadges" name="test_suggested_d2_d3_naia_have_funding_dependent" time="0.112" /><testcase classname="backend.tests.test_risk_badges.TestSuggestedSchoolsRiskBadges" name="test_academic_reach_badge_logic" time="0.102" /><testcase classname="backend.tests.test_risk_badges.TestTimelineRiskBadge" name="test_timeline_risk_for_d1_d2_with_close_grad_year" time="0.039" /><testcase classname="backend.tests.test_risk_badges.TestEmptyStateBadge" name="test_empty_state_when_no_badges" time="0.037" /></testsuite></testsuites>