<?xml version="1.0" encoding="utf-8"?><testsuites name="pytest tests"><testsuite name="pytest" errors="0" failures="0" skipped="0" tests="18" time="1.926" timestamp="2026-02-21T14:25:09.875854+00:00" hostname="agent-env-64167774-4af4-49f6-a0e7-20be95bfbcb2"><testcase classname="tests.test_roster_outlook.TestMatchScoresRoster" name="test_match_scores_returns_roster_object" time="0.647" /><testcase classname="tests.test_roster_outlook.TestMatchScoresRoster" name="test_roster_has_required_fields" time="0.063" /><testcase classname="tests.test_roster_outlook.TestMatchScoresRoster" name="test_roster_status_values" time="0.055" /><testcase classname="tests.test_roster_outlook.TestMatchScoresRoster" name="test_roster_label_values" time="0.049" /><testcase classname="tests.test_roster_outlook.TestSuggestedSchoolsRoster" name="test_suggested_schools_returns_roster" time="0.176" /><testcase classname="tests.test_roster_outlook.TestSuggestedSchoolsRoster" name="test_suggested_schools_roster_has_openings" time="0.155" /><testcase classname="tests.test_roster_outlook.TestRiskBadgesRoster" name="test_risk_badges_returns_roster" time="0.049" /><testcase classname="tests.test_roster_outlook.TestRiskBadgesRoster" name="test_risk_badges_roster_has_fields" time="0.087" /><testcase classname="tests.test_roster_outlook.TestRosterDivisionLogic" name="test_d1_school_2027_grad_gets_tight" time="0.043" /><testcase classname="tests.test_roster_outlook.TestRosterDivisionLogic" name="test_d1_school_tight_openings_range" time="0.057" /><testcase classname="tests.test_roster_outlook.TestRosterDivisionLogic" name="test_d2_school_2027_grad_gets_limited" time="0.046" /><testcase classname="tests.test_roster_outlook.TestRosterDivisionLogic" name="test_d2_school_limited_openings_range" time="0.084" /><testcase classname="tests.test_roster_outlook.TestRosterStatusColors" name="test_roster_label_mapping" time="0.050" /><testcase classname="tests.test_roster_outlook.TestRosterGuidanceText" name="test_roster_explanation_mentions_data_source" time="0.052" /><testcase classname="tests.test_roster_outlook.TestRosterGuidanceText" name="test_roster_tooltip_is_privacy_safe" time="0.045" /><testcase classname="tests.test_roster_outlook.TestRosterGuidanceText" name="test_tight_guidance_mentions_timing" time="0.044" /><testcase classname="tests.test_roster_outlook.TestRosterWithExistingFeatures" name="test_match_scores_has_all_three_features" time="0.045" /><testcase classname="tests.test_roster_outlook.TestRosterWithExistingFeatures" name="test_risk_badges_endpoint_has_all_three" time="0.087" /></testsuite></testsuites>