<?xml version="1.0" encoding="utf-8"?><testsuites name="pytest tests"><testsuite name="pytest" errors="0" failures="0" skipped="0" tests="19" time="8.650" timestamp="2026-02-12T19:53:09.024909+00:00" hostname="agent-env-67b11a0f-89d7-4ba9-a073-ea7620b00ace"><testcase classname="backend.tests.test_refactored_routes.TestRootAndPublicEndpoints" name="test_api_root_returns_message" time="0.496" /><testcase classname="backend.tests.test_refactored_routes.TestRootAndPublicEndpoints" name="test_knowledge_base_returns_universities" time="0.346" /><testcase classname="backend.tests.test_refactored_routes.TestRootAndPublicEndpoints" name="test_knowledge_base_filter_by_division" time="0.406" /><testcase classname="backend.tests.test_refactored_routes.TestAuthRoutesModule" name="test_auth_me_requires_authentication" time="0.454" /><testcase classname="backend.tests.test_refactored_routes.TestProgramsRoutesModule" name="test_programs_requires_authentication" time="0.461" /><testcase classname="backend.tests.test_refactored_routes.TestProgramsRoutesModule" name="test_coaches_requires_authentication" time="0.349" /><testcase classname="backend.tests.test_refactored_routes.TestProgramsRoutesModule" name="test_interactions_requires_authentication" time="0.453" /><testcase classname="backend.tests.test_refactored_routes.TestProgramsRoutesModule" name="test_follow_ups_requires_authentication" time="0.347" /><testcase classname="backend.tests.test_refactored_routes.TestEventsRoutesModule" name="test_events_requires_authentication" time="0.346" /><testcase classname="backend.tests.test_refactored_routes.TestDashboardRoutesModule" name="test_dashboard_requires_authentication" time="0.346" /><testcase classname="backend.tests.test_refactored_routes.TestDashboardRoutesModule" name="test_reminders_requires_authentication" time="0.346" /><testcase classname="backend.tests.test_refactored_routes.TestProfileRoutesModule" name="test_athlete_profile_requires_authentication" time="0.448" /><testcase classname="backend.tests.test_refactored_routes.TestProfileRoutesModule" name="test_profile_views_requires_authentication" time="0.675" /><testcase classname="backend.tests.test_refactored_routes.TestProfileRoutesModule" name="test_tenant_requires_authentication" time="0.797" /><testcase classname="backend.tests.test_refactored_routes.TestProfileRoutesModule" name="test_share_link_requires_authentication" time="0.346" /><testcase classname="backend.tests.test_refactored_routes.TestAIRoutesModule" name="test_ai_draft_email_requires_authentication" time="0.342" /><testcase classname="backend.tests.test_refactored_routes.TestGmailRoutesModule" name="test_gmail_status_requires_authentication" time="0.348" /><testcase classname="backend.tests.test_refactored_routes.TestGmailRoutesModule" name="test_gmail_connect_requires_authentication" time="0.772" /><testcase classname="backend.tests.test_refactored_routes.TestPublicScheduleRoute" name="test_public_schedule_returns_404_for_invalid_tenant" time="0.482" /></testsuite></testsuites>