<?xml version="1.0" encoding="utf-8"?><testsuites name="pytest tests"><testsuite name="pytest" errors="0" failures="0" skipped="0" tests="18" time="5.811" timestamp="2026-02-22T02:52:22.612635+00:00" hostname="agent-env-d87fdce9-2a40-4966-aa64-1f1e70935feb"><testcase classname="backend.tests.test_scholarship_and_contributions.TestScholarshipEndpoint" name="test_scholarship_returns_200" time="0.460" /><testcase classname="backend.tests.test_scholarship_and_contributions.TestScholarshipEndpoint" name="test_scholarship_response_shape" time="0.039" /><testcase classname="backend.tests.test_scholarship_and_contributions.TestScholarshipEndpoint" name="test_scholarship_no_dollar_amounts" time="0.036" /><testcase classname="backend.tests.test_scholarship_and_contributions.TestScholarshipEndpoint" name="test_scholarship_valid_labels" time="0.043" /><testcase classname="backend.tests.test_scholarship_and_contributions.TestScholarshipEndpoint" name="test_scholarship_force_refresh" time="3.469" /><testcase classname="backend.tests.test_scholarship_and_contributions.TestScholarshipEndpoint" name="test_scholarship_requires_auth" time="0.076" /><testcase classname="backend.tests.test_scholarship_and_contributions.TestContributionEndpoint" name="test_contribute_link_success" time="0.377" /><testcase classname="backend.tests.test_scholarship_and_contributions.TestContributionEndpoint" name="test_contribute_request_success" time="0.037" /><testcase classname="backend.tests.test_scholarship_and_contributions.TestContributionEndpoint" name="test_contribute_missing_fields" time="0.036" /><testcase classname="backend.tests.test_scholarship_and_contributions.TestContributionEndpoint" name="test_contribute_invalid_type" time="0.038" /><testcase classname="backend.tests.test_scholarship_and_contributions.TestContributionEndpoint" name="test_contribute_link_requires_data" time="0.079" /><testcase classname="backend.tests.test_scholarship_and_contributions.TestContributionEndpoint" name="test_contribute_requires_auth" time="0.075" /><testcase classname="backend.tests.test_scholarship_and_contributions.TestUploadContributionEndpoint" name="test_upload_csv_success" time="0.362" /><testcase classname="backend.tests.test_scholarship_and_contributions.TestUploadContributionEndpoint" name="test_upload_invalid_extension" time="0.081" /><testcase classname="backend.tests.test_scholarship_and_contributions.TestUploadContributionEndpoint" name="test_upload_requires_auth" time="0.098" /><testcase classname="backend.tests.test_scholarship_and_contributions.TestExistingIntelligenceEndpoints" name="test_timeline_endpoint_works" time="0.366" /><testcase classname="backend.tests.test_scholarship_and_contributions.TestExistingIntelligenceEndpoints" name="test_roster_endpoint_works" time="0.037" /><testcase classname="backend.tests.test_scholarship_and_contributions.TestExistingIntelligenceEndpoints" name="test_school_insight_endpoint_works" time="0.037" /></testsuite></testsuites>