<?xml version="1.0" encoding="utf-8"?><testsuites name="pytest tests"><testsuite name="pytest" errors="0" failures="0" skipped="0" tests="24" time="14.454" timestamp="2026-02-21T21:27:20.825813+00:00" hostname="agent-env-c4b95884-b15a-4eaa-a80c-27e4bb3cf05f"><testcase classname="tests.test_school_data_scraping.TestAdminScrapeDataStatus" name="test_scrape_status_returns_200" time="1.193" /><testcase classname="tests.test_school_data_scraping.TestAdminScrapeDataStatus" name="test_scrape_status_has_total_schools" time="0.512" /><testcase classname="tests.test_school_data_scraping.TestAdminScrapeDataStatus" name="test_scrape_status_has_coverage_object" time="0.389" /><testcase classname="tests.test_school_data_scraping.TestAdminScrapeDataStatus" name="test_scrape_status_logo_coverage" time="0.409" /><testcase classname="tests.test_school_data_scraping.TestAdminScrapeDataStatus" name="test_scrape_status_sat_coverage" time="0.442" /><testcase classname="tests.test_school_data_scraping.TestAdminScrapeDataStatus" name="test_scrape_status_act_coverage" time="0.393" /><testcase classname="tests.test_school_data_scraping.TestAdminScrapeDataStatus" name="test_scrape_status_gpa_coverage" time="0.406" /><testcase classname="tests.test_school_data_scraping.TestMatchScoresLogoUrl" name="test_match_scores_returns_200" time="0.401" /><testcase classname="tests.test_school_data_scraping.TestMatchScoresLogoUrl" name="test_match_scores_has_scores_array" time="0.400" /><testcase classname="tests.test_school_data_scraping.TestMatchScoresLogoUrl" name="test_match_scores_schools_have_logo_url" time="0.386" /><testcase classname="tests.test_school_data_scraping.TestMatchScoresLogoUrl" name="test_match_scores_data_confidence" time="0.404" /><testcase classname="tests.test_school_data_scraping.TestSuggestedSchoolsLogoAndDomain" name="test_suggested_schools_returns_200" time="1.373" /><testcase classname="tests.test_school_data_scraping.TestSuggestedSchoolsLogoAndDomain" name="test_suggested_schools_has_suggestions_array" time="1.416" /><testcase classname="tests.test_school_data_scraping.TestSuggestedSchoolsLogoAndDomain" name="test_suggested_schools_have_logo_url" time="1.284" /><testcase classname="tests.test_school_data_scraping.TestSuggestedSchoolsLogoAndDomain" name="test_suggested_schools_have_domain" time="0.588" /><testcase classname="tests.test_school_data_scraping.TestSuggestedSchoolsLogoAndDomain" name="test_suggested_schools_data_confidence" time="1.292" /><testcase classname="tests.test_school_data_scraping.TestProgramsLogoUrl" name="test_programs_returns_200" time="0.393" /><testcase classname="tests.test_school_data_scraping.TestProgramsLogoUrl" name="test_programs_list_has_logo_url" time="0.383" /><testcase classname="tests.test_school_data_scraping.TestProgramsLogoUrl" name="test_specific_program_has_logo_url" time="0.373" /><testcase classname="tests.test_school_data_scraping.TestRiskBadgesDataConfidence" name="test_risk_badges_returns_200" time="0.373" /><testcase classname="tests.test_school_data_scraping.TestRiskBadgesDataConfidence" name="test_risk_badges_has_data_confidence" time="0.402" /><testcase classname="tests.test_school_data_scraping.TestRiskBadgesDataConfidence" name="test_fgcu_has_high_confidence" time="0.389" /><testcase classname="tests.test_school_data_scraping.TestDataConfidenceReflectsScrapedData" name="test_match_scores_reflect_sat_data" time="0.394" /><testcase classname="tests.test_school_data_scraping.TestDataConfidenceReflectsScrapedData" name="test_match_scores_reflect_act_data" time="0.378" /></testsuite></testsuites>