<?xml version="1.0" encoding="utf-8"?><testsuites name="pytest tests"><testsuite name="pytest" errors="0" failures="0" skipped="0" tests="16" time="1.855" timestamp="2026-02-21T14:37:15.302413+00:00" hostname="agent-env-64167774-4af4-49f6-a0e7-20be95bfbcb2"><testcase classname="backend.tests.test_scholarship_structure.TestMatchScoresScholarship" name="test_match_scores_returns_scholarship_object" time="0.715" /><testcase classname="backend.tests.test_scholarship_structure.TestMatchScoresScholarship" name="test_scholarship_has_required_fields" time="0.045" /><testcase classname="backend.tests.test_scholarship_structure.TestMatchScoresScholarship" name="test_scholarship_status_values" time="0.045" /><testcase classname="backend.tests.test_scholarship_structure.TestMatchScoresScholarship" name="test_scholarship_label_values" time="0.045" /><testcase classname="backend.tests.test_scholarship_structure.TestSuggestedSchoolsScholarship" name="test_suggested_schools_returns_scholarship" time="0.176" /><testcase classname="backend.tests.test_scholarship_structure.TestRiskBadgesScholarship" name="test_risk_badges_returns_scholarship" time="0.046" /><testcase classname="backend.tests.test_scholarship_structure.TestRiskBadgesScholarship" name="test_risk_badges_scholarship_has_fields" time="0.042" /><testcase classname="backend.tests.test_scholarship_structure.TestScholarshipDivisionLogic" name="test_d1_non_power_gets_partial" time="0.046" /><testcase classname="backend.tests.test_scholarship_structure.TestScholarshipDivisionLogic" name="test_d2_school_gets_partial" time="0.042" /><testcase classname="backend.tests.test_scholarship_structure.TestScholarshipDivisionLogic" name="test_d3_school_gets_walkon" time="0.174" /><testcase classname="backend.tests.test_scholarship_structure.TestScholarshipNILContext" name="test_power_conference_d1_has_nil_context" time="0.158" /><testcase classname="backend.tests.test_scholarship_structure.TestScholarshipLabelMapping" name="test_scholarship_label_mapping" time="0.060" /><testcase classname="backend.tests.test_scholarship_structure.TestScholarshipExplanation" name="test_scholarship_explanation_is_parent_safe" time="0.043" /><testcase classname="backend.tests.test_scholarship_structure.TestScholarshipExplanation" name="test_scholarship_tooltip_is_helpful" time="0.042" /><testcase classname="backend.tests.test_scholarship_structure.TestScholarshipWithAllFeatures" name="test_match_scores_has_all_four_features" time="0.043" /><testcase classname="backend.tests.test_scholarship_structure.TestScholarshipWithAllFeatures" name="test_risk_badges_endpoint_has_all_four" time="0.043" /></testsuite></testsuites>