<?xml version="1.0" encoding="utf-8"?><testsuites name="pytest tests"><testsuite name="pytest" errors="0" failures="0" skipped="0" tests="18" time="8.688" timestamp="2026-02-22T02:39:48.094558+00:00" hostname="agent-env-d87fdce9-2a40-4966-aa64-1f1e70935feb"><testcase classname="tests.test_scholarship_and_contributions.TestScholarshipEndpoint" name="test_scholarship_returns_200" time="0.568" /><testcase classname="tests.test_scholarship_and_contributions.TestScholarshipEndpoint" name="test_scholarship_response_shape" time="0.044" /><testcase classname="tests.test_scholarship_and_contributions.TestScholarshipEndpoint" name="test_scholarship_no_dollar_amounts" time="0.044" /><testcase classname="tests.test_scholarship_and_contributions.TestScholarshipEndpoint" name="test_scholarship_valid_labels" time="0.042" /><testcase classname="tests.test_scholarship_and_contributions.TestScholarshipEndpoint" name="test_scholarship_force_refresh" time="6.031" /><testcase classname="tests.test_scholarship_and_contributions.TestScholarshipEndpoint" name="test_scholarship_requires_auth" time="0.114" /><testcase classname="tests.test_scholarship_and_contributions.TestContributionEndpoint" name="test_contribute_link_success" time="0.420" /><testcase classname="tests.test_scholarship_and_contributions.TestContributionEndpoint" name="test_contribute_request_success" time="0.084" /><testcase classname="tests.test_scholarship_and_contributions.TestContributionEndpoint" name="test_contribute_missing_fields" time="0.040" /><testcase classname="tests.test_scholarship_and_contributions.TestContributionEndpoint" name="test_contribute_invalid_type" time="0.041" /><testcase classname="tests.test_scholarship_and_contributions.TestContributionEndpoint" name="test_contribute_link_requires_data" time="0.075" /><testcase classname="tests.test_scholarship_and_contributions.TestContributionEndpoint" name="test_contribute_requires_auth" time="0.086" /><testcase classname="tests.test_scholarship_and_contributions.TestUploadContributionEndpoint" name="test_upload_csv_success" time="0.379" /><testcase classname="tests.test_scholarship_and_contributions.TestUploadContributionEndpoint" name="test_upload_invalid_extension" time="0.045" /><testcase classname="tests.test_scholarship_and_contributions.TestUploadContributionEndpoint" name="test_upload_requires_auth" time="0.082" /><testcase classname="tests.test_scholarship_and_contributions.TestExistingIntelligenceEndpoints" name="test_timeline_endpoint_works" time="0.409" /><testcase classname="tests.test_scholarship_and_contributions.TestExistingIntelligenceEndpoints" name="test_roster_endpoint_works" time="0.043" /><testcase classname="tests.test_scholarship_and_contributions.TestExistingIntelligenceEndpoints" name="test_school_insight_endpoint_works" time="0.051" /></testsuite></testsuites>