<?xml version="1.0" encoding="utf-8"?><testsuites name="pytest tests"><testsuite name="pytest" errors="0" failures="0" skipped="0" tests="14" time="63.454" timestamp="2026-02-21T15:43:59.286954+00:00" hostname="agent-env-0a9695e7-ec5b-4d1c-9c46-1052eac9146e"><testcase classname="backend.tests.test_school_insight.TestSchoolInsightEndpoint" name="test_insight_endpoint_returns_200" time="24.450" /><testcase classname="backend.tests.test_school_insight.TestSchoolInsightEndpoint" name="test_insight_has_required_top_level_fields" time="0.495" /><testcase classname="backend.tests.test_school_insight.TestSchoolInsightEndpoint" name="test_insight_structure_has_program_data" time="0.381" /><testcase classname="backend.tests.test_school_insight.TestSchoolInsightEndpoint" name="test_insight_has_ai_insight_section" time="0.367" /><testcase classname="backend.tests.test_school_insight.TestSchoolInsightEndpoint" name="test_insight_has_exactly_3_reasons" time="0.370" /><testcase classname="backend.tests.test_school_insight.TestSchoolInsightEndpoint" name="test_insight_has_exactly_2_risks" time="0.381" /><testcase classname="backend.tests.test_school_insight.TestSchoolInsightEndpoint" name="test_insight_has_data_confidence" time="0.366" /><testcase classname="backend.tests.test_school_insight.TestSchoolInsightEndpoint" name="test_insight_has_disclaimers" time="0.372" /><testcase classname="backend.tests.test_school_insight.TestSchoolInsightEndpoint" name="test_sources_used_has_valid_structure" time="0.382" /><testcase classname="backend.tests.test_school_insight.TestSchoolInsightCaching" name="test_cached_result_returns_quickly" time="16.152" /><testcase classname="backend.tests.test_school_insight.TestSchoolInsightCaching" name="test_cache_clear_works" time="0.749" /><testcase classname="backend.tests.test_school_insight.TestSchoolInsightEdgeCases" name="test_invalid_program_returns_404" time="0.381" /><testcase classname="backend.tests.test_school_insight.TestSchoolInsightEdgeCases" name="test_unauthenticated_request_returns_401" time="0.466" /><testcase classname="backend.tests.test_school_insight.TestSchoolInsightSecondProgram" name="test_tampa_insight_returns_valid_structure" time="18.046" /></testsuite></testsuites>