<?xml version="1.0" encoding="utf-8"?><testsuites name="pytest tests"><testsuite name="pytest" errors="0" failures="0" skipped="0" tests="12" time="11.231" timestamp="2026-02-22T02:53:16.900505+00:00" hostname="agent-env-d87fdce9-2a40-4966-aa64-1f1e70935feb"><testcase classname="backend.tests.test_scholarship_hardcoded_copy.TestScholarshipHardcodedCopy" name="test_fgcu_returns_mix_of_partial_and_full" time="4.207" /><testcase classname="backend.tests.test_scholarship_hardcoded_copy.TestScholarshipHardcodedCopy" name="test_explanation_matches_exact_copy" time="0.046" /><testcase classname="backend.tests.test_scholarship_hardcoded_copy.TestScholarshipHardcodedCopy" name="test_guidance_matches_exact_copy" time="0.043" /><testcase classname="backend.tests.test_scholarship_hardcoded_copy.TestScholarshipHardcodedCopy" name="test_tooltip_matches_exact_copy" time="0.039" /><testcase classname="backend.tests.test_scholarship_hardcoded_copy.TestScholarshipHardcodedCopy" name="test_status_matches_label" time="0.042" /><testcase classname="backend.tests.test_scholarship_hardcoded_copy.TestScholarshipHardcodedCopy" name="test_no_dollar_amounts_in_response" time="0.039" /><testcase classname="backend.tests.test_scholarship_hardcoded_copy.TestScholarshipHardcodedCopy" name="test_no_percentage_values_in_ui" time="0.040" /><testcase classname="backend.tests.test_scholarship_hardcoded_copy.TestScholarshipHardcodedCopy" name="test_no_scholarship_counts_in_response" time="0.040" /><testcase classname="backend.tests.test_scholarship_hardcoded_copy.TestScholarshipHardcodedCopy" name="test_ui_has_guidance_field" time="0.041" /><testcase classname="backend.tests.test_scholarship_hardcoded_copy.TestScholarshipHardcodedCopy" name="test_response_generated_by_ai" time="6.445" /><testcase classname="backend.tests.test_scholarship_hardcoded_copy.TestScholarshipHardcodedCopy" name="test_evidence_is_strong_for_stored_notes" time="0.039" /><testcase classname="backend.tests.test_scholarship_hardcoded_copy.TestScholarshipHardcodedCopy" name="test_label_basis_is_stored_notes" time="0.144" /></testsuite></testsuites>