<?xml version="1.0" encoding="utf-8"?><testsuites name="pytest tests"><testsuite name="pytest" errors="0" failures="0" skipped="0" tests="8" time="8.345" timestamp="2026-02-19T17:03:08.294642+00:00" hostname="agent-env-a2c618ea-d326-4f15-9eb3-c171bef28769"><testcase classname="backend.tests.test_school_info.TestSchoolInfoAPI" name="test_get_school_duke_success" time="1.278" /><testcase classname="backend.tests.test_school_info.TestSchoolInfoAPI" name="test_get_school_nonexistent_returns_404" time="1.020" /><testcase classname="backend.tests.test_school_info.TestSchoolInfoAPI" name="test_get_school_has_coach_data" time="1.027" /><testcase classname="backend.tests.test_school_info.TestSchoolInfoAPI" name="test_get_school_has_website" time="1.050" /><testcase classname="backend.tests.test_school_info.TestSchoolInfoAPI" name="test_get_school_includes_scorecard_data" time="1.051" /><testcase classname="backend.tests.test_school_info.TestSchoolInfoAPI" name="test_get_school_with_different_domain" time="1.061" /><testcase classname="backend.tests.test_school_info.TestSchoolInfoAPI" name="test_add_to_board_from_school" time="1.378" /><testcase classname="backend.tests.test_school_info.TestSchoolInfoAPINoAuth" name="test_get_school_without_auth" time="0.408" /></testsuite></testsuites>