<?xml version="1.0" encoding="utf-8"?><testsuites name="pytest tests"><testsuite name="pytest" errors="0" failures="0" skipped="0" tests="9" time="18.760" timestamp="2026-03-04T12:56:44.523053+00:00" hostname="agent-env-2941a293-575f-4e50-ae42-14417a7247b9"><testcase classname="backend.tests.test_social_spotlight_twitter.TestSocialSpotlightTwitterLinks" name="test_social_links_endpoint_returns_schools" time="6.908" /><testcase classname="backend.tests.test_social_spotlight_twitter.TestSocialSpotlightTwitterLinks" name="test_social_links_school_structure" time="0.669" /><testcase classname="backend.tests.test_social_spotlight_twitter.TestSocialSpotlightTwitterLinks" name="test_social_links_contains_key_schools" time="0.669" /><testcase classname="backend.tests.test_social_spotlight_twitter.TestSocialSpotlightFeedEnhancements" name="test_feed_returns_multiple_schools" time="2.295" /><testcase classname="backend.tests.test_social_spotlight_twitter.TestSocialSpotlightFeedEnhancements" name="test_feed_returns_20_plus_videos" time="1.666" /><testcase classname="backend.tests.test_social_spotlight_twitter.TestSocialSpotlightFeedEnhancements" name="test_feed_contains_fixed_schools" time="1.671" /><testcase classname="backend.tests.test_social_spotlight_twitter.TestSocialSpotlightFeedEnhancements" name="test_trending_returns_three_videos" time="1.639" /><testcase classname="backend.tests.test_social_spotlight_twitter.TestSocialSpotlightFeedEnhancements" name="test_feed_video_structure" time="1.695" /><testcase classname="backend.tests.test_social_spotlight_twitter.TestFeedRefresh" name="test_refresh_clears_cache" time="1.476" /></testsuite></testsuites>