<?xml version="1.0" encoding="utf-8"?><testsuites name="pytest tests"><testsuite name="pytest" errors="0" failures="0" skipped="0" tests="8" time="21.471" timestamp="2026-03-04T05:31:52.424177+00:00" hostname="agent-env-2941a293-575f-4e50-ae42-14417a7247b9"><testcase classname="backend.tests.test_social_spotlight_trending.TestSocialSpotlightTrending" name="test_feed_endpoint_returns_trending_array" time="9.570" /><testcase classname="backend.tests.test_social_spotlight_trending.TestSocialSpotlightTrending" name="test_trending_has_max_3_videos" time="1.643" /><testcase classname="backend.tests.test_social_spotlight_trending.TestSocialSpotlightTrending" name="test_trending_videos_sorted_by_view_count_descending" time="1.652" /><testcase classname="backend.tests.test_social_spotlight_trending.TestSocialSpotlightTrending" name="test_trending_videos_have_minimum_100_views" time="1.728" /><testcase classname="backend.tests.test_social_spotlight_trending.TestSocialSpotlightTrending" name="test_trending_video_has_required_fields" time="1.673" /><testcase classname="backend.tests.test_social_spotlight_trending.TestSocialSpotlightTrending" name="test_feed_response_structure" time="1.687" /><testcase classname="backend.tests.test_social_spotlight_trending.TestSocialSpotlightTrending" name="test_trending_videos_have_youtube_url_format" time="1.651" /><testcase classname="backend.tests.test_social_spotlight_trending.TestSocialSpotlightTrending" name="test_current_trending_data_accuracy" time="1.756" /></testsuite></testsuites>