<?xml version="1.0" encoding="utf-8"?><testsuites name="pytest tests"><testsuite name="pytest" errors="0" failures="1" skipped="0" tests="10" time="9.156" timestamp="2026-02-15T00:47:09.866839+00:00" hostname="agent-env-b03d3ec9-e27b-4dee-9b95-6c9bb2cedb1f"><testcase classname="backend.tests.test_stripe_integration.TestStripeCheckout" name="test_checkout_pro_plan_returns_url" time="1.101" /><testcase classname="backend.tests.test_stripe_integration.TestStripeCheckout" name="test_checkout_premium_plan_returns_url" time="1.056" /><testcase classname="backend.tests.test_stripe_integration.TestStripeCheckout" name="test_checkout_invalid_plan_rejected" time="0.405" /><testcase classname="backend.tests.test_stripe_integration.TestStripeCheckout" name="test_checkout_requires_origin_url" time="0.490" /><testcase classname="backend.tests.test_stripe_integration.TestStripeCheckout" name="test_checkout_empty_origin_url_rejected" time="0.514" /><testcase classname="backend.tests.test_stripe_integration.TestStripeCheckoutStatus" name="test_status_returns_payment_status" time="1.929" /><testcase classname="backend.tests.test_stripe_integration.TestStripeCheckoutStatus" name="test_status_invalid_session_id_returns_404" time="0.946"><failure message="AssertionError: Expected 404 for invalid session, got 520&#10;assert 520 == 404&#10; +  where 520 = &lt;Response [520]&gt;.status_code">backend/tests/test_stripe_integration.py:138: in test_status_invalid_session_id_returns_404
    assert response.status_code == 404, f"Expected 404 for invalid session, got {response.status_code}"
E   AssertionError: Expected 404 for invalid session, got 520
E   assert 520 == 404
E    +  where 520 = &lt;Response [520]&gt;.status_code</failure></testcase><testcase classname="backend.tests.test_stripe_integration.TestPaymentTransactions" name="test_transaction_created_with_pending_status" time="1.772" /><testcase classname="backend.tests.test_stripe_integration.TestStripeWebhook" name="test_webhook_endpoint_exists" time="0.437" /><testcase classname="backend.tests.test_stripe_integration.TestRegressionSchoolLimits" name="test_school_limit_enforcement" time="0.426" /></testsuite></testsuites>