<?xml version="1.0" encoding="utf-8"?><testsuites name="pytest tests"><testsuite name="pytest" errors="0" failures="0" skipped="0" tests="15" time="16.451" timestamp="2026-02-23T16:44:33.279228+00:00" hostname="agent-env-c72e129c-33df-4cfe-a4a0-501460250521"><testcase classname="backend.tests.test_stripe_checkout.TestSubscriptionTiers" name="test_tiers_returns_all_three_tiers" time="0.585" /><testcase classname="backend.tests.test_stripe_checkout.TestSubscriptionTiers" name="test_tiers_correct_prices" time="0.524" /><testcase classname="backend.tests.test_stripe_checkout.TestSubscriptionTiers" name="test_tiers_have_required_fields" time="0.452" /><testcase classname="backend.tests.test_stripe_checkout.TestSubscriptionEndpoint" name="test_subscription_returns_user_details" time="1.013" /><testcase classname="backend.tests.test_stripe_checkout.TestSubscriptionEndpoint" name="test_subscription_requires_auth" time="0.406" /><testcase classname="backend.tests.test_stripe_checkout.TestStripeCheckout" name="test_checkout_pro_plan_success" time="1.682" /><testcase classname="backend.tests.test_stripe_checkout.TestStripeCheckout" name="test_checkout_premium_plan_success" time="1.632" /><testcase classname="backend.tests.test_stripe_checkout.TestStripeCheckout" name="test_checkout_invalid_plan_rejected" time="1.027" /><testcase classname="backend.tests.test_stripe_checkout.TestStripeCheckout" name="test_checkout_requires_origin_url" time="1.021" /><testcase classname="backend.tests.test_stripe_checkout.TestStripeCheckout" name="test_checkout_empty_origin_url_rejected" time="0.995" /><testcase classname="backend.tests.test_stripe_checkout.TestStripeCheckout" name="test_checkout_downgrade_rejected" time="1.019" /><testcase classname="backend.tests.test_stripe_checkout.TestStripeCheckoutStatus" name="test_status_returns_payment_info" time="2.272" /><testcase classname="backend.tests.test_stripe_checkout.TestStripeCheckoutStatus" name="test_status_invalid_session_returns_404" time="1.055" /><testcase classname="backend.tests.test_stripe_checkout.TestStripeWebhook" name="test_webhook_endpoint_exists" time="0.421" /><testcase classname="backend.tests.test_stripe_checkout.TestTransactionCreation" name="test_checkout_creates_transaction" time="2.253" /></testsuite></testsuites>