<?xml version="1.0" encoding="utf-8"?><testsuites name="pytest tests"><testsuite name="pytest" errors="0" failures="0" skipped="0" tests="12" time="12.225" timestamp="2026-02-15T00:48:11.129498+00:00" hostname="agent-env-b03d3ec9-e27b-4dee-9b95-6c9bb2cedb1f"><testcase classname="backend.tests.test_stripe_integration.TestStripeCheckout" name="test_checkout_pro_plan_returns_url" time="1.148" /><testcase classname="backend.tests.test_stripe_integration.TestStripeCheckout" name="test_checkout_premium_plan_returns_url" time="1.032" /><testcase classname="backend.tests.test_stripe_integration.TestStripeCheckout" name="test_checkout_invalid_plan_rejected" time="0.419" /><testcase classname="backend.tests.test_stripe_integration.TestStripeCheckout" name="test_checkout_requires_origin_url" time="0.388" /><testcase classname="backend.tests.test_stripe_integration.TestStripeCheckout" name="test_checkout_empty_origin_url_rejected" time="0.495" /><testcase classname="backend.tests.test_stripe_integration.TestStripeCheckoutStatus" name="test_status_returns_payment_status" time="1.917" /><testcase classname="backend.tests.test_stripe_integration.TestStripeCheckoutStatus" name="test_status_invalid_session_id_returns_error" time="0.981" /><testcase classname="backend.tests.test_stripe_integration.TestStripeCheckoutTierValidation" name="test_checkout_same_tier_rejected" time="1.438" /><testcase classname="backend.tests.test_stripe_integration.TestStripeCheckoutTierValidation" name="test_checkout_lower_tier_rejected" time="1.228" /><testcase classname="backend.tests.test_stripe_integration.TestPaymentTransactions" name="test_transaction_created_with_pending_status" time="2.305" /><testcase classname="backend.tests.test_stripe_integration.TestStripeWebhook" name="test_webhook_endpoint_exists" time="0.408" /><testcase classname="backend.tests.test_stripe_integration.TestRegressionSchoolLimits" name="test_school_limit_enforcement" time="0.401" /></testsuite></testsuites>