<?xml version="1.0" encoding="utf-8"?><testsuites name="pytest tests"><testsuite name="pytest" errors="0" failures="0" skipped="0" tests="11" time="8.760" timestamp="2026-02-14T22:56:39.398471+00:00" hostname="agent-env-526adc9c-870f-4ace-a6e3-6c9e381e35c4"><testcase classname="backend.tests.test_subscription_engine.TestSubscriptionAPI" name="test_get_current_subscription" time="0.579" /><testcase classname="backend.tests.test_subscription_engine.TestSubscriptionAPI" name="test_get_subscription_tiers" time="0.534" /><testcase classname="backend.tests.test_subscription_engine.TestSchoolLimitGating" name="test_programs_create_returns_403_when_at_limit" time="0.829" /><testcase classname="backend.tests.test_subscription_engine.TestAIDraftGating" name="test_draft_email_returns_403_for_basic_tier" time="1.340" /><testcase classname="backend.tests.test_subscription_engine.TestAIDraftGating" name="test_journey_summary_returns_403_for_basic_tier" time="1.597" /><testcase classname="backend.tests.test_subscription_engine.TestRecruitingInsightsGating" name="test_recruiting_insights_returns_403_for_basic_tier" time="0.826" /><testcase classname="backend.tests.test_subscription_engine.TestGmailGating" name="test_gmail_connect_returns_403_for_basic_tier" time="0.851" /><testcase classname="backend.tests.test_subscription_engine.TestSubscriptionDataIntegrity" name="test_subscription_usage_matches_actual_programs" time="0.867" /><testcase classname="backend.tests.test_subscription_engine.TestSubscriptionDataIntegrity" name="test_basic_tier_limits_are_correct" time="0.468" /><testcase classname="backend.tests.test_subscription_engine.TestSubscriptionDataIntegrity" name="test_pro_tier_limits_are_correct" time="0.400" /><testcase classname="backend.tests.test_subscription_engine.TestSubscriptionDataIntegrity" name="test_premium_tier_has_unlimited" time="0.386" /></testsuite></testsuites>