<?xml version="1.0" encoding="utf-8"?><testsuites name="pytest tests"><testsuite name="pytest" errors="0" failures="0" skipped="0" tests="8" time="23.982" timestamp="2026-02-15T00:15:27.690423+00:00" hostname="agent-env-b03d3ec9-e27b-4dee-9b95-6c9bb2cedb1f"><testcase classname="backend.tests.test_subscription_limit_fix.TestKnowledgeBaseAddToBoardLimits" name="test_add_to_board_returns_403_when_at_basic_limit" time="3.518" /><testcase classname="backend.tests.test_subscription_limit_fix.TestKnowledgeBaseAddToBoardLimits" name="test_add_to_board_succeeds_on_premium" time="4.117" /><testcase classname="backend.tests.test_subscription_limit_fix.TestKnowledgeBaseAddToBoardLimits" name="test_downgrade_blocks_add_to_board" time="4.737" /><testcase classname="backend.tests.test_subscription_limit_fix.TestKnowledgeBaseAddToBoardLimits" name="test_programs_endpoint_also_enforces_limit" time="1.920" /><testcase classname="backend.tests.test_subscription_limit_fix.TestKnowledgeBaseAddToBoardLimits" name="test_subscription_returns_correct_tier_after_admin_change" time="4.901" /><testcase classname="backend.tests.test_subscription_limit_fix.TestSubscriptionErrorFormat" name="test_error_contains_required_fields" time="2.683" /><testcase classname="backend.tests.test_subscription_limit_fix.TestAdminSubscriptionChange" name="test_admin_can_change_subscription" time="0.864" /><testcase classname="backend.tests.test_subscription_limit_fix.TestAdminSubscriptionChange" name="test_admin_change_creates_audit_log" time="1.177" /></testsuite></testsuites>