<?xml version="1.0" encoding="utf-8"?><testsuites name="pytest tests"><testsuite name="pytest" errors="0" failures="0" skipped="0" tests="19" time="19.133" timestamp="2026-02-15T02:35:45.674198+00:00" hostname="agent-env-c0c70ae4-3f22-4fdc-bb8d-9124a57494fa"><testcase classname="backend.tests.test_team_management.TestTeamEndpoints" name="test_get_team_unauthenticated" time="0.521" /><testcase classname="backend.tests.test_team_management.TestTeamEndpoints" name="test_get_team_returns_owner_info" time="1.223" /><testcase classname="backend.tests.test_team_management.TestTeamEndpoints" name="test_invite_unauthenticated" time="0.513" /><testcase classname="backend.tests.test_team_management.TestTeamEndpoints" name="test_invite_self_fails" time="1.067" /><testcase classname="backend.tests.test_team_management.TestTeamEndpoints" name="test_invite_empty_email_fails" time="0.989" /><testcase classname="backend.tests.test_team_management.TestTeamEndpoints" name="test_invite_at_subscription_limit" time="1.397" /><testcase classname="backend.tests.test_team_management.TestTeamEndpoints" name="test_get_my_invitations_unauthenticated" time="0.425" /><testcase classname="backend.tests.test_team_management.TestTeamEndpoints" name="test_get_my_invitations_returns_list" time="2.225" /><testcase classname="backend.tests.test_team_management.TestTeamEndpoints" name="test_accept_nonexistent_invitation" time="1.417" /><testcase classname="backend.tests.test_team_management.TestTeamEndpoints" name="test_decline_nonexistent_invitation" time="1.576" /><testcase classname="backend.tests.test_team_management.TestTeamEndpoints" name="test_cancel_invitation_unauthenticated" time="0.408" /><testcase classname="backend.tests.test_team_management.TestTeamEndpoints" name="test_cancel_nonexistent_invitation" time="1.057" /><testcase classname="backend.tests.test_team_management.TestTeamEndpoints" name="test_remove_member_unauthenticated" time="0.394" /><testcase classname="backend.tests.test_team_management.TestTeamEndpoints" name="test_remove_nonexistent_member" time="1.006" /><testcase classname="backend.tests.test_team_management.TestTeamEndpoints" name="test_leave_team_unauthenticated" time="0.409" /><testcase classname="backend.tests.test_team_management.TestTeamEndpoints" name="test_owner_cannot_leave_team" time="1.076" /><testcase classname="backend.tests.test_team_management.TestTeamEndpoints" name="test_subscription_tiers_includes_max_members" time="0.402" /><testcase classname="backend.tests.test_team_management.TestNonOwnerCannotInvite" name="test_non_owner_user_invite_fails_403" time="1.439" /><testcase classname="backend.tests.test_team_management.TestDuplicateInvitation" name="test_duplicate_invite_handling" time="1.502" /></testsuite></testsuites>