<?xml version="1.0" encoding="utf-8"?><testsuites name="pytest tests"><testsuite name="pytest" errors="0" failures="0" skipped="0" tests="12" time="51.067" timestamp="2026-02-16T01:19:16.897528+00:00" hostname="agent-env-4c19e4d6-bd31-4dc8-a119-b44c22d81c2d"><testcase classname="backend.tests.test_tier_differentiation.TestSubscriptionTiers" name="test_starter_user_has_basic_tier" time="1.210" /><testcase classname="backend.tests.test_tier_differentiation.TestSubscriptionTiers" name="test_pro_user_has_pro_tier" time="1.169" /><testcase classname="backend.tests.test_tier_differentiation.TestSubscriptionTiers" name="test_premium_user_has_premium_tier" time="0.987" /><testcase classname="backend.tests.test_tier_differentiation.TestOutreachAnalysisGating" name="test_starter_user_gets_403_for_outreach_analysis" time="0.348" /><testcase classname="backend.tests.test_tier_differentiation.TestOutreachAnalysisGating" name="test_pro_user_can_access_outreach_analysis" time="0.347" /><testcase classname="backend.tests.test_tier_differentiation.TestOutreachAnalysisGating" name="test_premium_user_can_access_outreach_analysis" time="0.390" /><testcase classname="backend.tests.test_tier_differentiation.TestHighlightAdvisorGating" name="test_starter_user_gets_403_for_highlight_advice" time="0.382" /><testcase classname="backend.tests.test_tier_differentiation.TestHighlightAdvisorGating" name="test_pro_user_gets_403_for_highlight_advice" time="0.342" /><testcase classname="backend.tests.test_tier_differentiation.TestHighlightAdvisorGating" name="test_premium_user_can_access_highlight_advice" time="44.545" /><testcase classname="backend.tests.test_tier_differentiation.TestCoachWatchGating" name="test_starter_user_gets_403_for_coach_watch_alerts" time="0.560" /><testcase classname="backend.tests.test_tier_differentiation.TestCoachWatchGating" name="test_pro_user_gets_403_for_coach_watch_alerts" time="0.357" /><testcase classname="backend.tests.test_tier_differentiation.TestCoachWatchGating" name="test_premium_user_can_access_coach_watch_alerts" time="0.365" /></testsuite></testsuites>