<?xml version="1.0" encoding="utf-8"?><testsuites name="pytest tests"><testsuite name="pytest" errors="0" failures="0" skipped="0" tests="15" time="1.784" timestamp="2026-02-21T14:08:59.273176+00:00" hostname="agent-env-64167774-4af4-49f6-a0e7-20be95bfbcb2"><testcase classname="backend.tests.test_timeline_intelligence.TestMatchScoresTimeline" name="test_match_scores_returns_timeline_object" time="0.677" /><testcase classname="backend.tests.test_timeline_intelligence.TestMatchScoresTimeline" name="test_timeline_object_has_required_fields" time="0.089" /><testcase classname="backend.tests.test_timeline_intelligence.TestMatchScoresTimeline" name="test_d1_school_with_grad_year_2027_gets_filling_early" time="0.053" /><testcase classname="backend.tests.test_timeline_intelligence.TestMatchScoresTimeline" name="test_d2_school_with_grad_year_2027_gets_filling_early" time="0.054" /><testcase classname="backend.tests.test_timeline_intelligence.TestRiskBadgesEndpointTimeline" name="test_risk_badges_endpoint_returns_timeline" time="0.058" /><testcase classname="backend.tests.test_timeline_intelligence.TestRiskBadgesEndpointTimeline" name="test_risk_badges_timeline_for_d1_program" time="0.047" /><testcase classname="backend.tests.test_timeline_intelligence.TestRiskBadgesEndpointTimeline" name="test_risk_badges_timeline_for_d2_program" time="0.054" /><testcase classname="backend.tests.test_timeline_intelligence.TestSuggestedSchoolsTimeline" name="test_suggested_schools_returns_timeline" time="0.141" /><testcase classname="backend.tests.test_timeline_intelligence.TestSuggestedSchoolsTimeline" name="test_suggested_schools_timeline_structure" time="0.132" /><testcase classname="backend.tests.test_timeline_intelligence.TestSuggestedSchoolsTimeline" name="test_suggested_d1_schools_timeline_status" time="0.129" /><testcase classname="backend.tests.test_timeline_intelligence.TestTimelineStatusValues" name="test_valid_timeline_statuses" time="0.048" /><testcase classname="backend.tests.test_timeline_intelligence.TestTimelinePrivacySafeLanguage" name="test_timeline_uses_soft_language" time="0.047" /><testcase classname="backend.tests.test_timeline_intelligence.TestTimelinePrivacySafeLanguage" name="test_timeline_tooltip_mentions_data_sources" time="0.045" /><testcase classname="backend.tests.test_timeline_intelligence.TestRiskBadgesAndTimelineCoexistence" name="test_match_scores_has_both_risk_badges_and_timeline" time="0.045" /><testcase classname="backend.tests.test_timeline_intelligence.TestRiskBadgesAndTimelineCoexistence" name="test_risk_badges_endpoint_has_both_badges_and_timeline" time="0.086" /></testsuite></testsuites>