<?xml version="1.0" encoding="utf-8"?><testsuites name="pytest tests"><testsuite name="pytest" errors="0" failures="0" skipped="0" tests="15" time="6.745" timestamp="2026-02-21T19:41:28.084634+00:00" hostname="agent-env-c4b95884-b15a-4eaa-a80c-27e4bb3cf05f"><testcase classname="backend.tests.test_trust_safety_features.TestTrustSafetyFeatures" name="test_match_scores_returns_200" time="1.300" /><testcase classname="backend.tests.test_trust_safety_features.TestTrustSafetyFeatures" name="test_match_scores_has_scores_array" time="0.388" /><testcase classname="backend.tests.test_trust_safety_features.TestTrustSafetyFeatures" name="test_match_scores_has_data_confidence" time="0.387" /><testcase classname="backend.tests.test_trust_safety_features.TestTrustSafetyFeatures" name="test_match_scores_data_confidence_has_factors" time="0.384" /><testcase classname="backend.tests.test_trust_safety_features.TestTrustSafetyFeatures" name="test_match_scores_data_confidence_has_academic_completeness" time="0.386" /><testcase classname="backend.tests.test_trust_safety_features.TestTrustSafetyFeatures" name="test_match_scores_data_confidence_has_last_updated" time="0.376" /><testcase classname="backend.tests.test_trust_safety_features.TestTrustSafetyFeatures" name="test_risk_badges_fgcu_returns_200" time="0.391" /><testcase classname="backend.tests.test_trust_safety_features.TestTrustSafetyFeatures" name="test_risk_badges_tampa_returns_200" time="0.370" /><testcase classname="backend.tests.test_trust_safety_features.TestTrustSafetyFeatures" name="test_risk_badges_has_data_confidence" time="0.379" /><testcase classname="backend.tests.test_trust_safety_features.TestTrustSafetyFeatures" name="test_risk_badges_data_confidence_structure" time="0.372" /><testcase classname="backend.tests.test_trust_safety_features.TestTrustSafetyFeatures" name="test_fgcu_high_confidence" time="0.363" /><testcase classname="backend.tests.test_trust_safety_features.TestTrustSafetyFeatures" name="test_tampa_confidence_level" time="0.362" /><testcase classname="backend.tests.test_trust_safety_features.TestTrustSafetyFeatures" name="test_missing_fields_when_incomplete" time="0.371" /><testcase classname="backend.tests.test_trust_safety_features.TestTrustSafetyFeatures" name="test_unauthenticated_match_scores" time="0.467" /><testcase classname="backend.tests.test_trust_safety_features.TestTrustSafetyFeatures" name="test_invalid_program_id_risk_badges" time="0.383" /></testsuite></testsuites>