<?xml version="1.0" encoding="utf-8"?><testsuites name="pytest tests"><testsuite name="pytest" errors="0" failures="0" skipped="14" tests="15" time="1.172" timestamp="2026-02-21T19:40:54.097017+00:00" hostname="agent-env-c4b95884-b15a-4eaa-a80c-27e4bb3cf05f"><testcase classname="backend.tests.test_trust_safety_features.TestTrustSafetyFeatures" name="test_match_scores_returns_200" time="0.570"><skipped type="pytest.skip" message="Login failed: 404 - {&quot;detail&quot;:&quot;Not Found&quot;}">/app/backend/tests/test_trust_safety_features.py:41: Login failed: 404 - {"detail":"Not Found"}</skipped></testcase><testcase classname="backend.tests.test_trust_safety_features.TestTrustSafetyFeatures" name="test_match_scores_has_scores_array" time="0.000"><skipped type="pytest.skip" message="Login failed: 404 - {&quot;detail&quot;:&quot;Not Found&quot;}">/app/backend/tests/test_trust_safety_features.py:47: Login failed: 404 - {"detail":"Not Found"}</skipped></testcase><testcase classname="backend.tests.test_trust_safety_features.TestTrustSafetyFeatures" name="test_match_scores_has_data_confidence" time="0.000"><skipped type="pytest.skip" message="Login failed: 404 - {&quot;detail&quot;:&quot;Not Found&quot;}">/app/backend/tests/test_trust_safety_features.py:55: Login failed: 404 - {"detail":"Not Found"}</skipped></testcase><testcase classname="backend.tests.test_trust_safety_features.TestTrustSafetyFeatures" name="test_match_scores_data_confidence_has_factors" time="0.000"><skipped type="pytest.skip" message="Login failed: 404 - {&quot;detail&quot;:&quot;Not Found&quot;}">/app/backend/tests/test_trust_safety_features.py:73: Login failed: 404 - {"detail":"Not Found"}</skipped></testcase><testcase classname="backend.tests.test_trust_safety_features.TestTrustSafetyFeatures" name="test_match_scores_data_confidence_has_academic_completeness" time="0.000"><skipped type="pytest.skip" message="Login failed: 404 - {&quot;detail&quot;:&quot;Not Found&quot;}">/app/backend/tests/test_trust_safety_features.py:89: Login failed: 404 - {"detail":"Not Found"}</skipped></testcase><testcase classname="backend.tests.test_trust_safety_features.TestTrustSafetyFeatures" name="test_match_scores_data_confidence_has_last_updated" time="0.000"><skipped type="pytest.skip" message="Login failed: 404 - {&quot;detail&quot;:&quot;Not Found&quot;}">/app/backend/tests/test_trust_safety_features.py:110: Login failed: 404 - {"detail":"Not Found"}</skipped></testcase><testcase classname="backend.tests.test_trust_safety_features.TestTrustSafetyFeatures" name="test_risk_badges_fgcu_returns_200" time="0.000"><skipped type="pytest.skip" message="Login failed: 404 - {&quot;detail&quot;:&quot;Not Found&quot;}">/app/backend/tests/test_trust_safety_features.py:131: Login failed: 404 - {"detail":"Not Found"}</skipped></testcase><testcase classname="backend.tests.test_trust_safety_features.TestTrustSafetyFeatures" name="test_risk_badges_tampa_returns_200" time="0.000"><skipped type="pytest.skip" message="Login failed: 404 - {&quot;detail&quot;:&quot;Not Found&quot;}">/app/backend/tests/test_trust_safety_features.py:137: Login failed: 404 - {"detail":"Not Found"}</skipped></testcase><testcase classname="backend.tests.test_trust_safety_features.TestTrustSafetyFeatures" name="test_risk_badges_has_data_confidence" time="0.000"><skipped type="pytest.skip" message="Login failed: 404 - {&quot;detail&quot;:&quot;Not Found&quot;}">/app/backend/tests/test_trust_safety_features.py:143: Login failed: 404 - {"detail":"Not Found"}</skipped></testcase><testcase classname="backend.tests.test_trust_safety_features.TestTrustSafetyFeatures" name="test_risk_badges_data_confidence_structure" time="0.000"><skipped type="pytest.skip" message="Login failed: 404 - {&quot;detail&quot;:&quot;Not Found&quot;}">/app/backend/tests/test_trust_safety_features.py:154: Login failed: 404 - {"detail":"Not Found"}</skipped></testcase><testcase classname="backend.tests.test_trust_safety_features.TestTrustSafetyFeatures" name="test_fgcu_high_confidence" time="0.000"><skipped type="pytest.skip" message="Login failed: 404 - {&quot;detail&quot;:&quot;Not Found&quot;}">/app/backend/tests/test_trust_safety_features.py:183: Login failed: 404 - {"detail":"Not Found"}</skipped></testcase><testcase classname="backend.tests.test_trust_safety_features.TestTrustSafetyFeatures" name="test_tampa_confidence_level" time="0.000"><skipped type="pytest.skip" message="Login failed: 404 - {&quot;detail&quot;:&quot;Not Found&quot;}">/app/backend/tests/test_trust_safety_features.py:202: Login failed: 404 - {"detail":"Not Found"}</skipped></testcase><testcase classname="backend.tests.test_trust_safety_features.TestTrustSafetyFeatures" name="test_missing_fields_when_incomplete" time="0.000"><skipped type="pytest.skip" message="Login failed: 404 - {&quot;detail&quot;:&quot;Not Found&quot;}">/app/backend/tests/test_trust_safety_features.py:219: Login failed: 404 - {"detail":"Not Found"}</skipped></testcase><testcase classname="backend.tests.test_trust_safety_features.TestTrustSafetyFeatures" name="test_unauthenticated_match_scores" time="0.532" /><testcase classname="backend.tests.test_trust_safety_features.TestTrustSafetyFeatures" name="test_invalid_program_id_risk_badges" time="0.000"><skipped type="pytest.skip" message="Login failed: 404 - {&quot;detail&quot;:&quot;Not Found&quot;}">/app/backend/tests/test_trust_safety_features.py:249: Login failed: 404 - {"detail":"Not Found"}</skipped></testcase></testsuite></testsuites>