<?xml version="1.0" encoding="utf-8"?><testsuites name="pytest tests"><testsuite name="pytest" errors="0" failures="0" skipped="0" tests="12" time="7.337" timestamp="2026-02-22T19:11:09.180496+00:00" hostname="agent-env-959b776a-7f2a-49b5-81d0-a17899a7d5d9"><testcase classname="backend.tests.test_update_account.TestUpdateAccountAPI" name="test_01_get_current_user_info" time="1.308" /><testcase classname="backend.tests.test_update_account.TestUpdateAccountAPI" name="test_02_update_name_success" time="0.761" /><testcase classname="backend.tests.test_update_account.TestUpdateAccountAPI" name="test_03_revert_name_to_original" time="0.372" /><testcase classname="backend.tests.test_update_account.TestUpdateAccountAPI" name="test_04_empty_name_returns_400" time="0.384" /><testcase classname="backend.tests.test_update_account.TestUpdateAccountAPI" name="test_05_whitespace_name_returns_400" time="0.376" /><testcase classname="backend.tests.test_update_account.TestUpdateAccountAPI" name="test_06_empty_email_returns_400" time="0.356" /><testcase classname="backend.tests.test_update_account.TestUpdateAccountAPI" name="test_07_invalid_email_format_returns_400" time="0.371" /><testcase classname="backend.tests.test_update_account.TestUpdateAccountAPI" name="test_08_invalid_email_no_domain" time="0.378" /><testcase classname="backend.tests.test_update_account.TestUpdateAccountAPI" name="test_09_duplicate_email_returns_409" time="1.052" /><testcase classname="backend.tests.test_update_account.TestUpdateAccountAPI" name="test_10_update_email_success" time="1.098" /><testcase classname="backend.tests.test_update_account.TestUpdateAccountAPI" name="test_11_unauthenticated_request_returns_401" time="0.453" /><testcase classname="backend.tests.test_update_account.TestUpdateAccountAPI" name="test_12_final_state_check" time="0.362" /></testsuite></testsuites>