<?xml version="1.0" encoding="utf-8"?><testsuites name="pytest tests"><testsuite name="pytest" errors="0" failures="0" skipped="0" tests="9" time="13.458" timestamp="2026-02-15T00:32:03.699456+00:00" hostname="agent-env-b03d3ec9-e27b-4dee-9b95-6c9bb2cedb1f"><testcase classname="tests.test_websocket_notifications.TestWebSocketEndpoint" name="test_websocket_endpoint_accepts_connections" time="0.569" /><testcase classname="tests.test_websocket_notifications.TestWebSocketEndpoint" name="test_admin_change_subscription_endpoint" time="1.353" /><testcase classname="tests.test_websocket_notifications.TestWebSocketEndpoint" name="test_subscription_logs_created" time="0.391" /><testcase classname="tests.test_websocket_notifications.TestPlanChangeFlow" name="test_upgrade_from_basic_to_premium" time="1.894" /><testcase classname="tests.test_websocket_notifications.TestPlanChangeFlow" name="test_downgrade_from_premium_to_pro" time="1.214" /><testcase classname="tests.test_websocket_notifications.TestPlanChangeFlow" name="test_invalid_plan_rejected" time="0.411" /><testcase classname="tests.test_websocket_notifications.TestPlanChangeFlow" name="test_nonexistent_user_rejected" time="0.978" /><testcase classname="tests.test_websocket_notifications.TestKnowledgeBaseSchoolLimit" name="test_add_to_board_enforces_limit_on_basic" time="1.591" /><testcase classname="tests.test_websocket_notifications.TestWebSocketAsync" name="test_websocket_connection_and_plan_change_message" time="5.005" /></testsuite></testsuites>